Wed Oct 12 23:09:38 CEST 2011
Probando consistencia del fitness
AvA
	0	1	1	3	4	5	6	7	8	9
0	#false	false	false	false	false	true	false	false	false	false	
1	true	false	true	true	true	true	true	true	true	true	
2	true	false	true	false	false	false	false	false	false	true	
3	true	false	true	false	false	true	false	false	false	true	
4	true	false	false	false	true	true	false	false	true	true	
5	true	false	true	false	false	false	false	false	false	true	
6	true	false	true	true	false	true	false	true	false	true	
7	true	false	true	true	true	true	false	true	true	true	
8	true	false	true	true	false	true	false	true	false	true	
9	false	false	false	false	false	false	true	false	false	false	


----------------------------------------

AvB
	0	1	1	3	4	5	6	7	8	9
0	false	false	false	false	false	false	false	false	false	false	
1	false	false	false	true	false	true	false	true	false	true	
2	false	false	false	false	false	false	false	true	false	false	
3	false	false	false	true	false	false	false	true	false	false	
4	false	false	false	true	false	true	false	false	false	false	
5	false	false	false	false	false	false	false	true	false	false	
6	false	false	false	true	false	true	false	true	false	false	
7	false	false	false	true	false	true	false	true	false	false	
8	false	false	false	true	false	true	false	true	false	false	
9	false	false	false	true	false	false	false	false	false	false	


----------------------------------------

AvC
	0	1	1	3	4	5	6	7	8	9
0	false	false	false	false	false	false	false	false	false	false	
1	false	false	false	false	true	false	false	true	false	false	
2	false	false	false	false	false	false	false	false	false	false	
3	false	false	false	false	false	false	false	false	false	false	
4	false	false	false	false	false	false	false	true	false	false	
5	false	false	false	false	false	false	false	false	false	false	
6	false	false	false	false	true	true	false	true	false	true	
7	false	false	false	false	false	false	false	true	false	false	
8	false	false	false	false	true	false	false	false	false	false	
9	false	false	false	false	false	false	false	false	false	false	


----------------------------------------

AvD
	0	1	1	3	4	5	6	7	8	9
0	true	true	false	false	false	false	false	false	false	true	
1	true	true	false	false	false	false	false	true	false	true	
2	false	true	false	false	false	false	false	false	false	true	
3	false	true	false	false	false	false	false	false	false	true	
4	false	true	false	false	false	false	false	false	false	true	
5	false	true	false	false	false	false	false	false	false	true	
6	false	true	false	false	false	false	false	false	false	true	
7	false	true	false	false	false	true	false	false	false	true	
8	false	true	false	false	false	false	false	false	false	true	
9	false	true	false	false	false	false	false	false	false	true	


----------------------------------------

BvA
	0	1	1	3	4	5	6	7	8	9
0	true	true	true	true	true	Probando consistencia del fitness


----------------------------------------



----------------------------------------



----------------------------------------

AvD
	0	1	1	3	4	5	6	7	8	9
0	true	true	false	false	false	false	false	false	false	true	
1	true	true	false	true	false	false	true	false	false	true	
2	false	true	false	false	false	false	false	false	false	true	
3	false	true	false	false	false	false	false	false	false	true	
4	false	true	false	false	false	false	false	false	false	true	
5	false	true	false	false	false	false	false	false	false	true	
6	true	true	false	false	false	true	false	false	false	true	
7	true	true	false	false	false	false	false	false	false	true	
8	false	true	false	false	false	false	false	false	false	true	
9	false	true	false	false	false	false	false	false	false	true	


----------------------------------------

BvA
	0	1	1	3	4	5	6	7	8	9
0	true	true	true	true	true	true	true	true	true	true	
1	true	true	true	true	true	true	true	true	true	true	
2	true	true	true	true	true	true	true	true	true	true	
3	false	false	true	true	false	false	false	true	false	false	
4	true	true	true	true	true	true	true	true	true	true	
5	true	false	true	false	false	true	false	false	true	true	
6	true	true	true	true	true	true	true	true	true	true	
7	true	false	true	false	false	true	true	false	false	true	
8	true	true	true	true	true	true	true	true	true	true	
9	true	true	true	true	true	true	true	true	true	true	


----------------------------------------

BvB
	0	1	1	3	4	5	6	7	8	9
0	true	true	false	true	false	true	true	true	false	true	
1	false	false	false	true	false	true	true	true	false	true	
2	true	true	false	true	false	true	false	true	true	true	
3	false	false	false	false	false	false	false	true	false	false	
4	true	true	true	true	true	true	true	true	true	true	
5	false	false	false	true	false	true	false	true	false	false	
6	false	false	true	true	false	true	true	true	false	true	
7	false	false	false	false	false	false	false	false	false	false	
8	true	true	false	true	false	true	true	true	false	true	
9	false	false	false	true	false	true	false	true	false	false	


----------------------------------------

BvC
	0	1	1	3	4	5	6	7	8	9
0	false	true	false	true	true	true	true	false	false	false	
1	false	false	false	false	true	true	false	true	false	false	
2	false	true	true	true	true	true	true	true	false	true	
3	false	false	false	false	false	false	false	true	false	false	
4	false	true	true	true	true	true	true	true	false	true	
5	false	false	false	false	false	false	false	false	false	false	
6	false	false	false	false	true	true	false	true	false	false	
7	false	false	false	false	false	false	false	true	false	false	
8	false	true	true	true	true	true	true	true	false	true	
9	false	false	false	false	false	false	false	true	false	false	


----------------------------------------

BvD
	0	1	1	3	4	5	6	7	8	9
0	true	true	true	false	true	true	true	false	false	true	
1	true	true	false	false	true	false	true	false	false	true	
2	true	true	true	true	true	true	true	false	true	true	
3	true	true	false	false	false	false	false	false	false	true	
4	true	true	true	true	true	true	true	true	true	true	
5	true	true	false	false	false	false	false	false	false	true	
6	true	true	false	true	true	false	true	false	true	true	
7	true	true	false	false	false	false	false	false	false	true	
8	true	true	true	false	true	true	true	true	false	true	
9	true	true	false	false	false	false	false	false	false	true	


----------------------------------------

CvA
	0	1	1	3	4	5	6	7	8	9
0	true	true	true	true	true	true	true	true	true	true	
1	true	true	true	true	true	true	true	true	true	true	
2	true	true	true	true	true	true	true	true	true	true	
3	true	false	true	true	true	true	true	true	true	true	
4	true	false	true	true	true	true	true	true	true	true	
5	true	false	true	true	true	true	true	true	true	true	
6	true	true	true	true	true	true	true	true	true	true	
7	true	false	true	false	false	false	false	false	false	true	
8	true	true	true	true	true	true	true	true	true	true	
9	true	true	true	true	true	false	true	true	false	true	


----------------------------------------

CvB
	0	1	1	3	4	5	6	7	8	9
0	true	true	true	true	true	true	true	true	true	true	
1	false	false	false	true	false	true	true	true	false	true	
2	false	true	false	true	false	true	true	true	false	true	
3	false	true	false	true	true	true	true	true	false	true	
4	false	false	false	true	false	true	true	false	false	false	
5	false	false	false	true	false	true	true	true	false	true	
6	false	true	false	true	false	true	true	true	false	true	
7	false	false	false	false	false	true	false	true	false	false	
8	true	true	true	true	true	true	true	true	true	true	
9	true	false	false	true	false	true	true	true	false	false	


----------------------------------------

CvC
	0	1	1	3	4	5	6	7	8	9
0	false	true	true	true	true	true	true	true	false	true	
1	false	false	false	true	true	false	false	true	false	false	
2	false	true	false	true	true	true	true	true	true	true	
3	false	false	false	false	true	true	false	true	false	false	
4	false	false	false	false	false	false	false	true	false	false	
5	false	true	false	false	true	false	false	true	false	false	
6	false	true	false	true	true	true	false	true	false	true	
7	false	false	false	false	false	false	false	false	false	false	
8	true	true	false	true	true	true	true	true	false	true	
9	false	true	false	true	false	true	true	true	false	false	


----------------------------------------

DvD
	0	1	1	3	4	5	6	7	8	9
0	true	true	true	true	true	true	true	true	true	true	
1	true	true	false	false	true	false	true	false	false	true	
2	true	true	true	false	true	true	true	false	false	true	
3	true	true	false	false	true	false	true	false	false	true	
4	false	true	false	false	false	false	true	false	false	true	
5	false	true	false	false	true	false	false	false	false	true	
6	true	true	false	false	true	true	true	false	false	true	
7	false	true	false	false	false	false	false	false	false	true	
8	true	true	true	true	true	true	true	true	false	true	
9	true	true	true	false	true	true	true	false	false	true	


----------------------------------------

DvA
	0	1	1	3	4	5	6	7	8	9
0	true	false	true	true	true	true	false	false	false	true	
1	false	false	false	false	false	false	false	false	false	false	
2	true	true	true	true	true	true	true	true	true	true	
3	true	false	true	true	true	true	true	true	true	true	
4	true	true	true	true	true	false	false	true	true	true	
5	true	true	true	true	true	true	true	true	true	true	
6	true	false	true	true	true	true	true	true	true	true	
7	true	true	true	true	true	true	true	true	true	true	
8	true	false	true	true	true	true	true	true	true	true	
9	false	false	false	false	false	false	false	false	false	false	


----------------------------------------

DvB
	0	1	1	3	4	5	6	7	8	9
0	false	false	false	true	false	true	false	false	false	false	
1	false	false	false	false	false	false	false	false	false	false	
2	false	true	false	true	false	true	true	true	false	true	
3	true	true	false	true	false	true	false	true	false	true	
4	false	false	false	true	false	true	false	true	false	true	
5	false	true	false	true	false	true	true	true	false	true	
6	false	false	false	true	false	true	false	true	false	true	
7	true	true	true	true	false	true	true	true	true	true	
8	true	true	true	true	false	true	false	true	false	true	
9	false	false	false	false	false	false	false	false	false	false	


----------------------------------------

DvC
	0	1	1	3	4	5	6	7	8	9
0	false	false	false	false	false	false	false	true	false	false	
1	false	false	false	false	false	false	false	false	false	false	
2	false	true	false	true	true	true	true	true	false	true	
3	false	true	true	true	true	true	true	true	false	true	
4	false	false	false	false	true	false	false	true	false	false	
5	false	true	false	true	true	true	false	true	false	false	
6	false	false	false	false	true	false	false	true	false	false	
7	false	true	true	true	true	true	true	true	false	true	
8	false	true	true	true	true	true	true	true	false	true	
9	false	false	false	false	false	false	false	false	false	false	


----------------------------------------

DvD
	0	1	1	3	4	5	6	7	8	9
0	true	true	false	false	false	false	false	false	false	true	
1	false	false	false	false	false	false	false	false	false	false	
2	true	true	true	false	true	true	true	false	false	true	
3	true	true	true	true	true	true	true	false	true	true	
4	false	true	false	false	false	false	true	false	false	true	
5	true	true	false	false	true	false	true	false	false	true	
6	true	true	false	false	false	false	false	true	false	true	
7	true	true	true	true	true	true	true	false	true	true	
8	true	true	true	false	true	true	true	false	true	true	
9	false	true	false	false	false	false	false	false	false	true	


----------------------------------------

