Empezando algoritmo genético con los siguientes parámetros
==============================================================
Factor mutación: 0.1
Factor crossover: 0.8
Total generaciones: 100
Tamaño población: 50
Número individuos torneo: 2
Cantidad de individuos elitimo: 4
Utilizando 2 hebras simultaneas para evaluaciones.
Inicializando población
Evaluando población:50
[0](0.42675 min).....[5](2.087416666666667 min).....[10](4.055816666666667 min).....[15](4.6988 min).....[20](5.9185 min).....[25](6.8957500000000005 min).....[30](8.4569 min).....[35](9.584783333333332 min).....[40](11.441616666666667 min).....[45](13.077616666666668 min)...
 Ajustando población
Almacenando información sobre individuos
La población se encuentra en la 1 generación
Población:50
[0](13.475133333333334 min).....[5](15.075516666666665 min).....[10](17.88475 min).....[15](19.524183333333333 min).....[20](22.68906666666667 min).....[25](23.501649999999998 min).....[30](24.6594 min).....[35](25.921783333333334 min).....[40](27.250600000000002 min).....[45](28.399350000000002 min)...
La población se encuentra en la 2 generación
Población:50
[0](28.973416666666665 min).....[5](29.439816666666665 min).....[10](30.40995 min).....[15](31.150633333333335 min).....[20](32.80505 min).....[25](34.5387 min).....[30](36.774966666666664 min).....[35](38.9289 min).....[40](41.950450000000004 min).....[45](42.958083333333335 min)...
La población se encuentra en la 3 generación
Población:50
[0](43.45133333333333 min).....[5](43.98806666666667 min).....[10](45.415216666666666 min).....[15](46.64145 min).....[20](47.888416666666664 min).....[25](49.001533333333334 min).....[30](50.57078333333333 min).....[35](51.58091666666667 min).....[40](55.366483333333335 min).....[45](57.46818333333333 min)...
La población se encuentra en la 4 generación
Población:50
[0](58.8733 min).....[5](59.38001666666666 min).....[10](60.43886666666666 min).....[15](61.00991666666666 min).....[20](61.90275 min).....[25](62.536449999999995 min).....[30](63.98891666666667 min).....[35](64.91826666666667 min).....[40](67.74835 min).....[45](69.12795 min)...
La población se encuentra en la 5 generación
Población:50
[0](70.06891666666667 min).....[5](70.50241666666668 min).....[10](71.41681666666666 min).....[15](71.98386666666667 min).....[20](72.98785 min).....[25](73.63386666666666 min).....[30](75.39705000000001 min).....[35](76.05406666666666 min).....[40](77.69356666666665 min).....[45](78.92773333333334 min)...
La población se encuentra en la 6 generación
Población:50
[0](79.7245 min).....[5](80.20763333333333 min).....[10](80.97396666666667 min).....[15](81.50086666666667 min).....[20](82.42190000000001 min).....[25](83.00435 min).....[30](83.85915 min).....[35](84.69411666666666 min).....[40](85.79344999999999 min).....[45](87.71581666666665 min)...
La población se encuentra en la 7 generación
Población:50
[0](88.24185000000001 min).....[5](88.83366666666667 min).....[10](89.61253333333335 min).....[15](90.17931666666667 min).....[20](91.02758333333333 min).....[25](91.54171666666666 min).....[30](92.71878333333333 min).....[35](93.53566666666667 min).....[40](95.70395 min).....[45](98.01128333333332 min)...
La población se encuentra en la 8 generación
Población:50
[0](98.79196666666667 min).....[5](99.23298333333334 min).....[10](99.9384 min).....[15](100.43724999999999 min).....[20](101.30121666666668 min).....[25](101.98083333333334 min).....[30](103.00531666666667 min).....[35](103.89525 min).....[40](105.98658333333333 min).....[45](106.64656666666666 min)...
La población se encuentra en la 9 generación
Población:50
[0](107.09826666666666 min).....[5](107.57085000000001 min).....[10](108.30286666666666 min).....[15](108.81269999999999 min).....[20](109.52243333333332 min).....[25](110.22008333333333 min).....[30](111.29833333333333 min).....[35](111.96568333333333 min).....[40](113.56060000000001 min).....[45](114.62145000000001 min)...
La población se encuentra en la 10 generación
Población:50
[0](115.45046666666667 min).....[5](115.88778333333333 min).....[10](116.73586666666667 min).....[15](117.30128333333333 min).....[20](118.21543333333334 min).....[25](118.73923333333333 min).....[30](119.68571666666666 min).....[35](120.44340000000001 min).....[40](121.26816666666667 min).....[45](122.05395 min)...
La población se encuentra en la 11 generación
Población:50
[0](122.5694 min).....[5](123.01383333333334 min).....[10](123.77955 min).....[15](124.33885000000001 min).....[20](125.09995 min).....[25](125.60098333333333 min).....[30](126.40360000000001 min).....[35](126.87676666666667 min).....[40](127.83850000000001 min).....[45](128.60845 min)...
La población se encuentra en la 12 generación
Población:50
[0](129.06606666666667 min).....[5](129.49236666666667 min).....[10](130.14136666666667 min).....[15](130.5967 min).....[20](131.30676666666668 min).....[25](131.75805 min).....[30](132.49181666666667 min).....[35](132.9903 min).....[40](133.8776 min).....[45](134.31858333333332 min)...
La población se encuentra en la 13 generación
Población:50
[0](134.7261 min).....[5](135.13473333333334 min).....[10](135.75703333333334 min).....[15](136.204 min).....[20](136.8485 min).....[25](137.25151666666667 min).....[30](137.93251666666666 min).....[35](138.3237 min).....[40](139.07716666666664 min).....[45](139.45426666666665 min)...
La población se encuentra en la 14 generación
Población:50
[0](139.8263 min).....[5](140.17811666666665 min).....[10](140.78583333333333 min).....[15](141.23181666666667 min).....[20](141.89955 min).....[25](142.32528333333332 min).....[30](142.92116666666666 min).....[35](143.3049 min).....[40](143.8844 min).....[45](144.2585 min)...
La población se encuentra en la 15 generación
Población:50
[0](144.64018333333334 min).....[5](145.00773333333333 min).....[10](145.53758333333332 min).....[15](145.91405 min).....[20](146.51315000000002 min).....[25](146.91103333333334 min).....[30](147.50698333333332 min).....[35](147.92203333333333 min).....[40](148.45348333333334 min).....[45](148.81691666666666 min)...
La población se encuentra en la 16 generación
Población:50
[0](149.17700000000002 min).....[5](149.58768333333333 min).....[10](150.13005 min).....[15](150.49653333333333 min).....[20](151.0783 min).....[25](151.44025000000002 min).....[30](151.9747 min).....[35](152.37215 min).....[40](152.97221666666667 min).....[45](153.3598 min)...
La población se encuentra en la 17 generación
Población:50
[0](153.73875 min).....[5](154.12013333333334 min).....[10](154.66158333333334 min).....[15](155.0353166666667 min).....[20](155.60295 min).....[25](155.97635 min).....[30](156.56648333333334 min).....[35](156.93443333333335 min).....[40](157.53118333333333 min).....[45](157.91441666666665 min)...
La población se encuentra en la 18 generación
Población:50
[0](158.28343333333333 min).....[5](158.63273333333333 min).....[10](159.18713333333332 min).....[15](159.56208333333333 min).....[20](160.13273333333333 min).....[25](160.51313333333334 min).....[30](161.05533333333332 min).....[35](161.39051666666668 min).....[40](162.01898333333332 min).....[45](162.43386666666666 min)...
La población se encuentra en la 19 generación
Población:50
[0](162.78973333333334 min).....[5](163.14478333333332 min).....[10](163.70978333333332 min).....[15](164.07175 min).....[20](164.69715 min).....[25](165.11281666666667 min).....[30](165.73303333333334 min).....[35](166.08046666666667 min).....[40](166.66873333333334 min).....[45](167.0729 min)...
La población se encuentra en la 20 generación
Población:50
[0](167.4718 min).....[5](167.81508333333335 min).....[10](168.35196666666667 min).....[15](168.70055 min).....[20](169.1994 min).....[25](169.57445 min).....[30](170.10708333333332 min).....[35](170.48811666666668 min).....[40](171.05135 min).....[45](171.41406666666666 min)...
La población se encuentra en la 21 generación
Población:50
[0](171.75561666666667 min).....[5](172.1243 min).....[10](172.6557 min).....[15](172.99563333333333 min).....[20](173.56026666666668 min).....[25](173.91601666666665 min).....[30](174.45471666666666 min).....[35](174.79545000000002 min).....[40](175.3320666666667 min).....[45](175.6886 min)...
La población se encuentra en la 22 generación
Población:50
[0](176.06965 min).....[5](176.43841666666668 min).....[10](176.96483333333333 min).....[15](177.36805 min).....[20](177.89858333333333 min).....[25](178.24423333333334 min).....[30](178.81643333333335 min).....[35](179.2044 min).....[40](179.76433333333335 min).....[45](180.10991666666666 min)...
La población se encuentra en la 23 generación
Población:50
[0](180.46796666666665 min).....[5](180.82056666666668 min).....[10](181.33755000000002 min).....[15](181.70523333333333 min).....[20](182.2256833333333 min).....[25](182.58104999999998 min).....[30](183.1191 min).....[35](183.48111666666668 min).....[40](184.00511666666668 min).....[45](184.36146666666667 min)...
La población se encuentra en la 24 generación
Población:50
[0](184.73276666666666 min).....[5](185.12365 min).....[10](185.6418 min).....[15](185.98525 min).....[20](186.56513333333334 min).....[25](186.94633333333334 min).....[30](187.52224999999999 min).....[35](187.91681666666668 min).....[40](188.47476666666668 min).....[45](188.84606666666664 min)...
La población se encuentra en la 25 generación
Población:50
[0](189.21311666666668 min).....[5](189.55401666666666 min).....[10](190.15178333333333 min).....[15](190.502 min).....[20](191.04056666666665 min).....[25](191.39296666666667 min).....[30](191.98273333333333 min).....[35](192.33918333333335 min).....[40](192.90293333333332 min).....[45](193.254 min)...
La población se encuentra en la 26 generación
Población:50
[0](193.626 min).....[5](193.97668333333334 min).....[10](194.53566666666666 min).....[15](194.90326666666667 min).....[20](195.47328333333334 min).....[25](195.87578333333335 min).....[30](196.43943333333334 min).....[35](196.7979 min).....[40](197.36606666666665 min).....[45](197.72501666666668 min)...
La población se encuentra en la 27 generación
Población:50
[0](198.12063333333333 min).....[5](198.45971666666668 min).....[10](198.98791666666665 min).....[15](199.37121666666664 min).....[20](199.89478333333332 min).....[25](200.27568333333332 min).....[30](200.81891666666667 min).....[35](201.17361666666665 min).....[40](201.75111666666666 min).....[45](202.0883 min)...
La población se encuentra en la 28 generación
Población:50
[0](202.44973333333334 min).....[5](202.79840000000002 min).....[10](203.31208333333333 min).....[15](203.67770000000002 min).....[20](204.22026666666667 min).....[25](204.58149999999998 min).....[30](205.13263333333333 min).....[35](205.47015000000002 min).....[40](206.00245 min).....[45](206.33293333333333 min)...
La población se encuentra en la 29 generación
Población:50
[0](206.68463333333332 min).....[5](207.0305 min).....[10](207.53706666666668 min).....[15](207.89428333333333 min).....[20](208.4281 min).....[25](208.78665 min).....[30](209.30386666666666 min).....[35](209.6457 min).....[40](210.17896666666667 min).....[45](210.50971666666666 min)...
La población se encuentra en la 30 generación
Población:50
[0](210.87030000000001 min).....[5](211.21135 min).....[10](211.7369666666667 min).....[15](212.06998333333334 min).....[20](212.5865333333333 min).....[25](212.935 min).....[30](213.46616666666665 min).....[35](213.83571666666666 min).....[40](214.36970000000002 min).....[45](214.7556 min)...
La población se encuentra en la 31 generación
Población:50
[0](215.09253333333334 min).....[5](215.43973333333332 min).....[10](215.97575 min).....[15](216.31558333333334 min).....[20](216.84501666666665 min).....[25](217.20011666666667 min).....[30](217.7234 min).....[35](218.0874 min).....[40](218.6162 min).....[45](218.94965 min)...
La población se encuentra en la 32 generación
Población:50
[0](219.30138333333335 min).....[5](219.6582 min).....[10](220.17785 min).....[15](220.51958333333332 min).....[20](221.02805 min).....[25](221.37275 min).....[30](221.91128333333333 min).....[35](222.25268333333332 min).....[40](222.76695 min).....[45](223.12485 min)...
La población se encuentra en la 33 generación
Población:50
[0](223.48421666666667 min).....[5](223.85260000000002 min).....[10](224.42425 min).....[15](224.76788333333334 min).....[20](225.29713333333333 min).....[25](225.6639 min).....[30](226.19423333333333 min).....[35](226.53958333333333 min).....[40](227.05496666666667 min).....[45](227.39158333333336 min)...
La población se encuentra en la 34 generación
Población:50
[0](227.77194999999998 min).....[5](228.13430000000002 min).....[10](228.67515 min).....[15](229.07036666666667 min).....[20](229.62005 min).....[25](229.96536666666668 min).....[30](230.49671666666666 min).....[35](230.84288333333333 min).....[40](231.3543 min).....[45](231.72093333333333 min)...
La población se encuentra en la 35 generación
Población:50
[0](232.07515 min).....[5](232.42585 min).....[10](232.95351666666664 min).....[15](233.34290000000001 min).....[20](233.86033333333336 min).....[25](234.20918333333333 min).....[30](234.7244 min).....[35](235.06693333333334 min).....[40](235.6399 min).....[45](235.975 min)...
La población se encuentra en la 36 generación
Población:50
[0](236.32761666666664 min).....[5](236.67738333333332 min).....[10](237.21956666666668 min).....[15](237.57335 min).....[20](238.09163333333333 min).....[25](238.43978333333334 min).....[30](238.94628333333333 min).....[35](239.28876666666665 min).....[40](239.80780000000001 min).....[45](240.16608333333335 min)...
La población se encuentra en la 37 generación
Población:50
[0](240.50901666666667 min).....[5](240.84771666666666 min).....[10](241.39455 min).....[15](241.73148333333333 min).....[20](242.25726666666665 min).....[25](242.60608333333332 min).....[30](243.14093333333332 min).....[35](243.49294999999998 min).....[40](244.00156666666666 min).....[45](244.34165 min)...
La población se encuentra en la 38 generación
Población:50
[0](244.68581666666665 min).....[5](245.0283 min).....[10](245.54358333333332 min).....[15](245.8808666666667 min).....[20](246.39036666666667 min).....[25](246.72121666666666 min).....[30](247.23473333333334 min).....[35](247.5924 min).....[40](248.12621666666666 min).....[45](248.47305 min)...
La población se encuentra en la 39 generación
Población:50
[0](248.81415 min).....[5](249.1714 min).....[10](249.67348333333334 min).....[15](250.0178 min).....[20](250.52366666666666 min).....[25](250.86281666666667 min).....[30](251.38923333333332 min).....[35](251.73981666666666 min).....[40](252.29829999999998 min).....[45](252.63191666666668 min)...
La población se encuentra en la 40 generación
Población:50
[0](252.98365 min).....[5](253.32478333333333 min).....[10](253.81815 min).....[15](254.1559 min).....[20](254.65324999999999 min).....[25](254.98735 min).....[30](255.50433333333334 min).....[35](255.8484 min).....[40](256.3573666666667 min).....[45](256.70326666666665 min)...
La población se encuentra en la 41 generación
Población:50
[0](257.03971666666666 min).....[5](257.38933333333335 min).....[10](257.9196 min).....[15](258.2551833333333 min).....[20](258.77855 min).....[25](259.12166666666667 min).....[30](259.6436 min).....[35](260.01355 min).....[40](260.5273833333333 min).....[45](260.8643166666667 min)...
La población se encuentra en la 42 generación
Población:50
[0](261.21483333333333 min).....[5](261.56963333333334 min).....[10](262.09083333333336 min).....[15](262.43213333333335 min).....[20](262.96313333333336 min).....[25](263.3104333333333 min).....[30](263.8387166666667 min).....[35](264.1709333333333 min).....[40](264.68226666666664 min).....[45](265.02076666666665 min)...
La población se encuentra en la 43 generación
Población:50
[0](265.3676 min).....[5](265.71055 min).....[10](266.23715 min).....[15](266.5855833333333 min).....[20](267.10290000000003 min).....[25](267.4531666666667 min).....[30](267.99718333333334 min).....[35](268.3382833333333 min).....[40](268.8552666666667 min).....[45](269.2065166666667 min)...
La población se encuentra en la 44 generación
Población:50
[0](269.53818333333334 min).....[5](269.87846666666667 min).....[10](270.4189333333333 min).....[15](270.76258333333334 min).....[20](271.3041666666667 min).....[25](271.6655 min).....[30](272.19006666666667 min).....[35](272.53276666666665 min).....[40](273.0557 min).....[45](273.3996833333333 min)...
La población se encuentra en la 45 generación
Población:50
[0](273.74583333333334 min).....[5](274.0946666666667 min).....[10](274.61915000000005 min).....[15](274.9695333333333 min).....[20](275.49711666666667 min).....[25](275.85113333333334 min).....[30](276.3772166666667 min).....[35](276.7287666666667 min).....[40](277.25278333333335 min).....[45](277.6003 min)...
La población se encuentra en la 46 generación
Población:50
[0](277.94175 min).....[5](278.2865333333333 min).....[10](278.80086666666665 min).....[15](279.15746666666666 min).....[20](279.6764166666666 min).....[25](280.0285 min).....[30](280.5450666666667 min).....[35](280.90310000000005 min).....[40](281.44661666666667 min).....[45](281.82168333333334 min)...
La población se encuentra en la 47 generación
Población:50
[0](282.17025 min).....[5](282.52296666666666 min).....[10](283.04935 min).....[15](283.39573333333334 min).....[20](283.9183166666666 min).....[25](284.26416666666665 min).....[30](284.7958 min).....[35](285.1256 min).....[40](285.65535 min).....[45](285.9988 min)...
La población se encuentra en la 48 generación
Población:50
[0](286.3511833333333 min).....[5](286.7051333333333 min).....[10](287.2391833333333 min).....[15](287.58594999999997 min).....[20](288.1087833333333 min).....[25](288.4531166666667 min).....[30](288.9777666666667 min).....[35](289.35015 min).....[40](289.87415 min).....[45](290.21655 min)...
La población se encuentra en la 49 generación
Población:50
[0](290.56978333333336 min).....[5](290.91105 min).....[10](291.4351666666667 min).....[15](291.80431666666664 min).....[20](292.32371666666666 min).....[25](292.67513333333335 min).....[30](293.19106666666664 min).....[35](293.5534666666666 min).....[40](294.06798333333336 min).....[45](294.416 min)...
La población se encuentra en la 50 generación
Población:50
[0](294.8084166666667 min).....[5](295.17990000000003 min).....[10](295.70731666666666 min).....[15](296.0528333333333 min).....[20](296.55963333333335 min).....[25](296.90478333333334 min).....[30](297.42055 min).....[35](297.7652166666667 min).....[40](298.29623333333336 min).....[45](298.65685 min)...
La población se encuentra en la 51 generación
Población:50
[0](298.99039999999997 min).....[5](299.33686666666665 min).....[10](299.8582333333333 min).....[15](300.20821666666666 min).....[20](300.7336833333333 min).....[25](301.0747 min).....[30](301.5934 min).....[35](301.93856666666665 min).....[40](302.45571666666666 min).....[45](302.8235833333334 min)...
La población se encuentra en la 52 generación
Población:50
[0](303.16998333333333 min).....[5](303.54831666666666 min).....[10](304.06926666666664 min).....[15](304.4200333333334 min).....[20](304.92991666666666 min).....[25](305.2744666666667 min).....[30](305.79726666666664 min).....[35](306.14616666666666 min).....[40](306.67581666666666 min).....[45](307.022 min)...
La población se encuentra en la 53 generación
Población:50
[0](307.37604999999996 min).....[5](307.7297 min).....[10](308.25398333333334 min).....[15](308.60746666666665 min).....[20](309.13958333333335 min).....[25](309.50828333333334 min).....[30](310.0531833333333 min).....[35](310.3992166666667 min).....[40](310.9311833333333 min).....[45](311.28705 min)...
La población se encuentra en la 54 generación
Población:50
[0](311.65035 min).....[5](312.01168333333334 min).....[10](312.5361833333333 min).....[15](312.8888833333333 min).....[20](313.4046833333333 min).....[25](313.75826666666666 min).....[30](314.27915 min).....[35](314.6474166666667 min).....[40](315.1612833333333 min).....[45](315.51148333333333 min)...
La población se encuentra en la 55 generación
Población:50
[0](315.86053333333336 min).....[5](316.21025000000003 min).....[10](316.7150833333333 min).....[15](317.06318333333337 min).....[20](317.5992833333333 min).....[25](317.94371666666666 min).....[30](318.46594999999996 min).....[35](318.8187 min).....[40](319.3573833333333 min).....[45](319.7040333333333 min)...
La población se encuentra en la 56 generación
Población:50
[0](320.07238333333333 min).....[5](320.4401833333333 min).....[10](320.95595 min).....[15](321.3075 min).....[20](321.82099999999997 min).....[25](322.1770333333333 min).....[30](322.7110666666667 min).....[35](323.05400000000003 min).....[40](323.59006666666664 min).....[45](323.9380333333333 min)...
La población se encuentra en la 57 generación
Población:50
[0](324.30198333333334 min).....[5](324.6414666666667 min).....[10](325.1788833333333 min).....[15](325.5307833333334 min).....[20](326.06828333333334 min).....[25](326.41705 min).....[30](326.94436666666667 min).....[35](327.2959666666667 min).....[40](327.8166 min).....[45](328.1653333333333 min)...
La población se encuentra en la 58 generación
Población:50
[0](328.5082 min).....[5](328.88896666666665 min).....[10](329.4001333333334 min).....[15](329.75155 min).....[20](330.30425 min).....[25](330.6566833333334 min).....[30](331.17473333333334 min).....[35](331.5472833333333 min).....[40](332.10903333333334 min).....[45](332.4879333333334 min)...
La población se encuentra en la 59 generación
Población:50
[0](332.8324 min).....[5](333.18905 min).....[10](333.7275333333333 min).....[15](334.07466666666664 min).....[20](334.5948333333333 min).....[25](334.9452333333333 min).....[30](335.4585666666666 min).....[35](335.83433333333335 min).....[40](336.34364999999997 min).....[45](336.70278333333334 min).#..
La población se encuentra en la 60 generación
Población:50
[0](337.03298333333333 min).....[5](337.37615 min).....[10](337.9028833333333 min).....[15](338.25395000000003 min).....[20](338.7763833333333 min).....[25](339.13215 min).....[30](339.66463333333337 min).....[35](340.0224833333333 min).....[40](340.5307666666667 min).....[45](340.89023333333336 min)...
La población se encuentra en la 61 generación
Población:50
[0](341.2507 min).....[5](341.5905666666667 min).....[10](342.11853333333335 min).....[15](342.46375 min).....[20](342.9881 min).....[25](343.33778333333333 min).....[30](343.86350000000004 min).....[35](344.21383333333335 min).....[40](344.7525166666667 min).....[45](345.10336666666666 min)...
La población se encuentra en la 62 generación
Población:50
[0](345.47003333333333 min).....[5](345.80598333333336 min).....[10](346.3299 min).....[15](346.6782333333333 min).....[20](347.19689999999997 min).....[25](347.53901666666667 min).....[30](348.06013333333334 min).....[35](348.4205333333333 min).....[40](348.9415 min).....[45](349.29176666666666 min)...
La población se encuentra en la 63 generación
Población:50
[0](349.65725000000003 min).....[5](350.0115666666667 min).....[10](350.52983333333333 min).....[15](350.89323333333334 min).....[20](351.4221 min).....[25](351.77153333333337 min).....[30](352.28751666666665 min).....[35](352.6370833333333 min).....[40](353.1518 min).....[45](353.4948 min)...
La población se encuentra en la 64 generación
Población:50
[0](353.8393 min).....[5](354.1808833333333 min).....[10](354.69825000000003 min).....[15](355.05775 min).....[20](355.58725 min).....[25](355.9333 min).....[30](356.45546666666667 min).....[35](356.8138666666666 min).....[40](357.32758333333334 min).....[45](357.67201666666665 min)...
La población se encuentra en la 65 generación
Población:50
[0](358.02196666666663 min).....[5](358.36384999999996 min).....[10](358.93801666666667 min).....[15](359.2957833333333 min).....[20](359.84066666666666 min).....[25](360.17473333333334 min).....[30](360.71875 min).....[35](361.07773333333336 min).....[40](361.58820000000003 min).....[45](361.93253333333337 min)...
La población se encuentra en la 66 generación
Población:50
[0](362.29161666666664 min).....[5](362.65669999999994 min).....[10](363.20251666666667 min).....[15](363.5448666666667 min).....[20](364.06025000000005 min).....[25](364.4184666666667 min).....[30](364.93988333333334 min).....[35](365.30406666666664 min).....[40](365.85451666666665 min).....[45](366.2326166666666 min)...
La población se encuentra en la 67 generación
Población:50
[0](366.57553333333334 min).....[5](366.9284666666666 min).....[10](367.45598333333334 min).....[15](367.8117166666667 min).....[20](368.32598333333334 min).....[25](368.66861666666665 min).....[30](369.1986833333333 min).....[35](369.5480666666666 min).....[40](370.0716 min).....[45](370.4230833333333 min)...
La población se encuentra en la 68 generación
Población:50
[0](370.78298333333333 min).....[5](371.1222833333333 min).....[10](371.6354 min).....[15](371.99511666666666 min).....[20](372.5274166666667 min).....[25](372.8825666666667 min).....[30](373.40271666666666 min).....[35](373.7432166666667 min).....[40](374.27900000000005 min).....[45](374.6302166666666 min)...
La población se encuentra en la 69 generación
Población:50
[0](374.9778166666667 min).....[5](375.34749999999997 min).....[10](375.90003333333334 min).....[15](376.2440666666667 min).....[20](376.77515 min).....[25](377.1138 min).....[30](377.63026666666667 min).....[35](377.97928333333334 min).....[40](378.5043 min).....[45](378.84166666666664 min)...
La población se encuentra en la 70 generación
Población:50
[0](379.19711666666666 min).....[5](379.54536666666667 min).....[10](380.06673333333333 min).....[15](380.4177833333333 min).....[20](380.9761833333333 min).....[25](381.32058333333333 min).....[30](381.8496833333333 min).....[35](382.1835333333333 min).....[40](382.7206 min).....[45](383.06335 min)...
La población se encuentra en la 71 generación
Población:50
[0](383.40755 min).....[5](383.74648333333334 min).....[10](384.28776666666664 min).....[15](384.65568333333334 min).....[20](385.1773166666666 min).....[25](385.5326166666666 min).....[30](386.0489666666666 min).....[35](386.39549999999997 min).....[40](386.92235 min).....[45](387.2910333333333 min)...
La población se encuentra en la 72 generación
Población:50
[0](387.64203333333336 min).....[5](387.9753 min).....[10](388.50803333333334 min).....[15](388.8638 min).....[20](389.38686666666666 min).....[25](389.7578833333334 min).....[30](390.30289999999997 min).....[35](390.64951666666667 min).....[40](391.19895 min).....[45](391.54536666666667 min)...
La población se encuentra en la 73 generación
Población:50
[0](391.90171666666663 min).....[5](392.2604333333333 min).....[10](392.80768333333333 min).....[15](393.16721666666666 min).....[20](393.69898333333333 min).....[25](394.07401666666664 min).....[30](394.6182 min).....[35](394.9711 min).....[40](395.4893333333333 min).....[45](395.84405 min)...
La población se encuentra en la 74 generación
Población:50
[0](396.1867166666667 min).....[5](396.5412 min).....[10](397.07028333333335 min).....[15](397.4259166666667 min).....[20](397.96801666666664 min).....[25](398.33933333333334 min).....[30](398.85998333333333 min).....[35](399.21546666666666 min).....[40](399.7432 min).....[45](400.10639999999995 min)...
La población se encuentra en la 75 generación
Población:50
[0](400.47076666666663 min).....[5](400.8138166666667 min).....[10](401.34869999999995 min).....[15](401.7105166666667 min).....[20](402.24328333333335 min).....[25](402.5896666666667 min).....[30](403.15093333333334 min).....[35](403.52195 min).....[40](404.02225 min).....[45](404.36915000000005 min)...
La población se encuentra en la 76 generación
Población:50
[0](404.72638333333333 min).....[5](405.1182166666667 min).....[10](405.65135 min).....[15](405.99193333333335 min).....[20](406.51383333333337 min).....[25](406.85976666666664 min).....[30](407.39231666666666 min).....[35](407.7443666666667 min).....[40](408.27961666666664 min).....[45](408.6310833333334 min)...
La población se encuentra en la 77 generación
Población:50
[0](408.9778166666667 min).....[5](409.33315000000005 min).....[10](409.8724833333333 min).....[15](410.2355 min).....[20](410.7486666666666 min).....[25](411.0875666666667 min).....[30](411.62551666666667 min).....[35](411.98356666666666 min).....[40](412.5179 min).....[45](412.8696166666667 min)...
La población se encuentra en la 78 generación
Población:50
[0](413.2072 min).....[5](413.5527 min).....[10](414.07215 min).....[15](414.40951666666666 min).....[20](414.93638333333337 min).....[25](415.29055 min).....[30](415.82301666666666 min).....[35](416.1704833333333 min).....[40](416.6923 min).....[45](417.05826666666667 min)...
La población se encuentra en la 79 generación
Población:50
[0](417.4340833333333 min).....[5](417.79724999999996 min).....[10](418.31266666666664 min).....[15](418.6725833333333 min).....[20](419.197 min).....[25](419.53661666666665 min).....[30](420.0629166666667 min).....[35](420.42063333333334 min).....[40](420.94261666666665 min).....[45](421.28775 min)...
La población se encuentra en la 80 generación
Población:50
[0](421.6403833333333 min).....[5](421.98963333333336 min).....[10](422.52909999999997 min).....[15](422.8756 min).....[20](423.38898333333333 min).....[25](423.73155 min).....[30](424.2737833333333 min).....[35](424.63995 min).....[40](425.17393333333337 min).....[45](425.53333333333336 min)...
La población se encuentra en la 81 generación
Población:50
[0](425.8836 min).....[5](426.2640166666667 min).....[10](426.79313333333334 min).....[15](427.17435 min).....[20](427.6887 min).....[25](428.0399 min).....[30](428.56963333333334 min).....[35](428.91386666666665 min).....[40](429.46368333333334 min).....[45](429.8242333333334 min)...
La población se encuentra en la 82 generación
Población:50
[0](430.18011666666666 min).....[5](430.52395 min).....[10](431.0463833333333 min).....[15](431.3899166666667 min).....[20](431.9243666666667 min).....[25](432.2947833333334 min).....[30](432.8456666666667 min).....[35](433.19263333333333 min).....[40](433.7045166666667 min).....[45](434.07885 min)...
La población se encuentra en la 83 generación
Población:50
[0](434.4153833333333 min).....[5](434.7998666666666 min).....[10](435.31195 min).....[15](435.66046666666665 min).....[20](436.1954833333333 min).....[25](436.54881666666665 min).....[30](437.0965833333333 min).....[35](437.4683333333333 min).....[40](437.99035 min).....[45](438.33805 min)...
La población se encuentra en la 84 generación
Población:50
[0](438.68635 min).....[5](439.04268333333334 min).....[10](439.5697666666667 min).....[15](439.9302666666666 min).....[20](440.43716666666666 min).....[25](440.77928333333335 min).....[30](441.2911666666667 min).....[35](441.63425 min).....[40](442.1684666666667 min).....[45](442.51328333333333 min)...
La población se encuentra en la 85 generación
Población:50
[0](442.8587166666667 min).....[5](443.2432 min).....[10](443.7636 min).....[15](444.1064666666667 min).....[20](444.62600000000003 min).....[25](444.96765 min).....[30](445.4765 min).....[35](445.82453333333336 min).....[40](446.34726666666666 min).....[45](446.7062666666667 min)...
La población se encuentra en la 86 generación
Población:50
[0](447.06624999999997 min).....[5](447.41138333333333 min).....[10](447.93698333333333 min).....[15](448.276 min).....[20](448.8097833333333 min).....[25](449.17471666666665 min).....[30](449.7055833333333 min).....[35](450.0536 min).....[40](450.57531666666665 min).....[45](450.9415 min)...
La población se encuentra en la 87 generación
Población:50
[0](451.28619999999995 min).....[5](451.6342666666667 min).....[10](452.1494333333333 min).....[15](452.5313666666667 min).....[20](453.06425 min).....[25](453.42943333333335 min).....[30](453.93125 min).....[35](454.28211666666664 min).....[40](454.7942333333333 min).....[45](455.1664333333334 min)...
La población se encuentra en la 88 generación
Población:50
[0](455.52025 min).....[5](455.86581666666666 min).....[10](456.40254999999996 min).....[15](456.74986666666666 min).....[20](457.31744999999995 min).....[25](457.6616 min).....[30](458.2119666666667 min).....[35](458.5584166666667 min).....[40](459.1193 min).....[45](459.47388333333333 min)...
La población se encuentra en la 89 generación
Población:50
[0](459.81323333333336 min).....[5](460.1635 min).....[10](460.704 min).....[15](461.04699999999997 min).....[20](461.5867666666666 min).....[25](461.9268333333333 min).....[30](462.44419999999997 min).....[35](462.79195 min).....[40](463.3213666666667 min).....[45](463.66686666666664 min)...
La población se encuentra en la 90 generación
Población:50
[0](464.01421666666664 min).....[5](464.35966666666667 min).....[10](464.8813166666667 min).....[15](465.2239833333333 min).....[20](465.75376666666665 min).....[25](466.09703333333334 min).....[30](466.62256666666667 min).....[35](466.96583333333336 min).....[40](467.47311666666667 min).....[45](467.81423333333333 min)...
La población se encuentra en la 91 generación
Población:50
[0](468.16926666666666 min).....[5](468.51460000000003 min).....[10](469.03861666666666 min).....[15](469.38778333333335 min).....[20](469.9209833333333 min).....[25](470.2669333333333 min).....[30](470.7917 min).....[35](471.1501333333334 min).....[40](471.68898333333334 min).....[45](472.03855 min)...
La población se encuentra en la 92 generación
Población:50
[0](472.3906833333333 min).....[5](472.73856666666666 min).....[10](473.25725 min).....[15](473.6043833333333 min).....[20](474.1112166666666 min).....[25](474.46001666666666 min).....[30](474.99826666666667 min).....[35](475.34226666666666 min).....[40](475.87125000000003 min).....[45](476.22713333333337 min)...
La población se encuentra en la 93 generación
Población:50
[0](476.56975 min).....[5](476.92825 min).....[10](477.4623166666667 min).....[15](477.8197166666667 min).....[20](478.3436333333333 min).....[25](478.7011 min).....[30](479.2181166666667 min).....[35](479.5638833333333 min).....[40](480.1218833333333 min).....[45](480.46468333333337 min)...
La población se encuentra en la 94 generación
Población:50
[0](480.8254 min).....[5](481.19120000000004 min).....[10](481.7501166666667 min).....[15](482.12075 min).....[20](482.64180000000005 min).....[25](482.99465 min).....[30](483.50969999999995 min).....[35](483.87968333333333 min).....[40](484.41305 min).....[45](484.77256666666665 min)...
La población se encuentra en la 95 generación
Población:50
[0](485.11805 min).....[5](485.4749166666667 min).....[10](486.0086 min).....[15](486.3639 min).....[20](486.9016166666667 min).....[25](487.24606666666665 min).....[30](487.76976666666667 min).....[35](488.13245 min).....[40](488.6678333333333 min).....[45](489.02073333333334 min)...
La población se encuentra en la 96 generación
Población:50
[0](489.37376666666665 min).....[5](489.75055 min).....[10](490.27521666666667 min).....[15](490.64421666666664 min).....[20](491.1719 min).....[25](491.5292666666667 min).....[30](492.03811666666667 min).....[35](492.37975 min).....[40](492.9000666666667 min).....[45](493.2437 min)...
La población se encuentra en la 97 generación
Población:50
[0](493.6109833333333 min).....[5](493.97743333333335 min).....[10](494.52796666666666 min).....[15](494.89001666666667 min).....[20](495.43868333333336 min).....[25](495.77955000000003 min).....[30](496.3233333333334 min).....[35](496.67165 min).....[40](497.18559999999997 min).....[45](497.52321666666666 min)...
La población se encuentra en la 98 generación
Población:50
[0](497.8733833333333 min).....[5](498.21711666666664 min).....[10](498.7393666666667 min).....[15](499.09346666666664 min).....[20](499.64675 min).....[25](499.99673333333334 min).....[30](500.53811666666667 min).....[35](500.89325 min).....[40](501.4155 min).....[45](501.7655666666667 min)...
La población se encuentra en la 99 generación
Población:50
[0](502.1100333333333 min).....[5](502.46681666666666 min).....[10](502.9927833333333 min).....[15](503.3400166666667 min).....[20](503.87328333333335 min).....[25](504.23311666666666 min).....[30](504.76061666666664 min).....[35](505.1196166666667 min).....[40](505.6385 min).....[45](506.01293333333336 min)...
La población se encuentra en la 100 generación
Población:50
[0](506.3945166666666 min).....[5](506.76058333333333 min).....[10](507.31368333333336 min).....[15](507.65835 min).....[20](508.1594333333333 min).....[25](508.5301 min).....[30](509.0525833333333 min).....[35](509.42983333333336 min).....[40](509.97293333333334 min).....[45](510.3236666666666 min)...
