Empezando algoritmo genético con los siguientes parámetros
==============================================================
Factor mutación: 0.1
Factor crossover: 0.8
Total generaciones: 20
Tamaño población: 200
Número individuos torneo: 2
Cantidad de individuos elitimo: 4
Utilizando 1 hebras simultaneas para evaluaciones.
Inicializando población
Evaluando población:200
[0](0.4956 min)...#..[5](2.2574833333333335 min).#....[10](3.7776 min)...#..[15](5.35025 min).....[20](6.949933333333333 min).....[25](8.491683333333333 min).....[30](10.29785 min).#....[35](11.92145 min).....[40](13.551683333333333 min).....[45](15.079816666666666 min).....[50](16.66565 min)...#..[55](18.36255 min)...#..[60](19.984033333333333 min).....[65](21.620183333333333 min).....[70](23.22945 min)...#..[75](24.865150000000003 min).....[80](26.762383333333332 min).....#[85](28.207816666666666 min).....##Algo está fallando :( Cromosomas:0.37233157475859624,0.015101734599723637,0.16511137001944165,0.7303973087224512,0.14782644556286517,0.9285275225021266,0.40078794170845833,0.05220058912250991, - Turnos:-2147481260 ¿Gana?:false
[90](29.764366666666668 min)..#.#..[95](31.232683333333334 min)....#.#[100](32.748016666666665 min).....[105](34.39411666666667 min)....#.[110](36.14 min).#....#[115](37.77421666666667 min)...#.#.[120](39.3309 min).....[125](40.864466666666665 min).....[130](42.62178333333333 min)....#.[135](44.24896666666667 min).....[140](45.93195 min)....#.[145](47.54096666666667 min).....[150](49.139649999999996 min).....[155](50.674 min).....[160](52.39685 min).....[165](53.952733333333335 min)....#.[170](55.60165 min)....#.[175](57.24368333333334 min).....#[180](58.80416666666667 min).....[185](60.68646666666667 min).....[190](62.328833333333336 min).....[195](63.96841666666667 min)...#.
 Ajustando población
Almacenando información sobre individuos
java.io.FileNotFoundException: ./logs/genera0.txt (No such file or directory)
	at java.io.FileOutputStream.open(Native Method)
	at java.io.FileOutputStream.<init>(FileOutputStream.java:179)
	at java.io.FileOutputStream.<init>(FileOutputStream.java:70)
	at java.io.FileWriter.<init>(FileWriter.java:46)
	at EvolutionBOT.SimpleGenetic.store(SimpleGenetic.java:252)
	at EvolutionBOT.SimpleGenetic.main(SimpleGenetic.java:433)
	at EvolutionBOT.Main.main(Main.java:32)
La población se encuentra en la 1 generación
Población:200
Evaluando población:200
[0](0.34141666666666665 min).....[5](2.06175 min).#..#.#.[10](3.7329833333333338 min).#..#.#.[15](5.39125 min).#....[20](7.074433333333333 min).#..#.#.[25](8.745733333333334 min).#..#..[30](10.433616666666667 min)....#.[35](12.070466666666666 min)..#..#.[40](13.664566666666667 min)..#...[45](15.309383333333333 min)...#..[50](16.99448333333333 min).....[55](18.575216666666666 min)..##Algo está fallando :( Cromosomas:0.7829057090068761,0.565533372715763,0.5898970501970141,0.3898071289002323,0.8732325923914124,0.5821323006102318,0.9434992340237622,0.42768265433249913, - Turnos:-2147482263 ¿Gana?:false
...[60](20.116366666666668 min).....[65](21.659499999999998 min)....#.[70](23.202683333333333 min)..#...[75](24.744933333333332 min).....[80](26.36715 min).....[85](28.029333333333334 min).....[90](29.684433333333335 min).....#[95](31.2634 min).....[100](32.88353333333333 min).....[105](34.5551 min).....[110](36.150099999999995 min).....[115](37.669866666666664 min).....[120](39.299883333333334 min).....#[125](40.79265 min).#....[130](42.33968333333333 min).#....[135](43.8013 min).....[140](45.27376666666667 min).....[145](46.80623333333333 min).....[150](48.232 min).....[155](49.72366666666667 min).#..#..#[160](51.513466666666666 min).#....#[165](53.28516666666667 min).....#[170](54.899483333333336 min).#....[175](56.568200000000004 min).....[180](58.24576666666667 min)...##Algo está fallando :( Cromosomas:0.6588534387921314,0.7908691049846662,0.8489015749571793,0.49452081809553583,0.49256755489204307,0.7512658532536003,0.08453470962411236,0.3027699916400016, - Turnos:-2147482083 ¿Gana?:false
..[185](59.78595 min)..#..#.[190](61.2323 min)..#...[195](62.87628333333334 min)....
java.io.FileNotFoundException: ./logs/genera1.txt (No such file or directory)
	at java.io.FileOutputStream.open(Native Method)
	at java.io.FileOutputStream.<init>(FileOutputStream.java:179)
	at java.io.FileOutputStream.<init>(FileOutputStream.java:70)
	at java.io.FileWriter.<init>(FileWriter.java:46)
	at EvolutionBOT.SimpleGenetic.store(SimpleGenetic.java:252)
	at EvolutionBOT.SimpleGenetic.main(SimpleGenetic.java:450)
	at EvolutionBOT.Main.main(Main.java:32)
La población se encuentra en la 2 generación
Población:200
Evaluando población:200
[0](0.345 min).#....[5](1.97785 min).....[10](3.6395 min).....[15](5.239466666666667 min).#....[20](6.811383333333334 min).....[25](8.4895 min).#..#.#.[30](10.096583333333333 min)...#..[35](11.770133333333332 min).#..#..[40](13.3866 min).....[45](15.0029 min).....[50](16.659966666666666 min)..#...[55](18.335116666666668 min)....#.[60](20.055583333333335 min).....[65](21.71291666666667 min)..#...[70](23.436783333333334 min)...#..[75](25.14095 min)....#.[80](26.816950000000002 min).....[85](28.372200000000003 min).....[90](30.239233333333335 min).....[95](31.9509 min).....[100](33.649883333333335 min).....[105](35.41566666666667 min).....[110](37.041050000000006 min).....[115](38.51251666666667 min).....[120](40.14641666666667 min).....[125](42.209983333333334 min).....[130](43.63203333333333 min)...#..[135](45.4864 min).....#[140](46.9673 min).....[145](48.5338 min).....[150](50.19541666666667 min)....#.[155](51.88133333333334 min)..#...[160](53.59308333333333 min).....[165](55.25955 min).#.#...[170](56.936416666666666 min).#..#..[175](58.56353333333333 min).#....#[180](60.16215 min).....[185](61.886116666666666 min).#....[190](63.5731 min)....#.[195](65.21275 min)....
java.io.FileNotFoundException: ./logs/genera2.txt (No such file or directory)
	at java.io.FileOutputStream.open(Native Method)
	at java.io.FileOutputStream.<init>(FileOutputStream.java:179)
	at java.io.FileOutputStream.<init>(FileOutputStream.java:70)
	at java.io.FileWriter.<init>(FileWriter.java:46)
	at EvolutionBOT.SimpleGenetic.store(SimpleGenetic.java:252)
	at EvolutionBOT.SimpleGenetic.main(SimpleGenetic.java:450)
	at EvolutionBOT.Main.main(Main.java:32)
La población se encuentra en la 3 generación
Población:200
Evaluando población:200
[0](0.32995 min)....#.[5](2.0117333333333334 min).....[10](3.7021666666666664 min).....[15](5.423166666666666 min).....#[20](7.088866666666666 min).....[25](8.804033333333333 min)....#.[30](10.509616666666666 min).....[35](12.176016666666667 min).....[40](13.798366666666668 min)...#..[45](15.442633333333333 min)...#..[50](17.12435 min).....[55](18.841283333333333 min)..#.#..[60](20.486150000000002 min).....[65](22.146666666666665 min).....[70](23.8636 min)..#..#.[75](25.48855 min).....[80](27.1458 min).....[85](28.691416666666665 min).....#[90](30.171283333333335 min).....[95](31.673566666666666 min)...#..#[100](33.18485 min).....[105](34.612033333333336 min).....[110](36.069849999999995 min).....[115](37.5051 min).#...#.[120](38.94486666666667 min)...#..[125](40.411849999999994 min).....[130](41.829950000000004 min).....#[135](43.304899999999996 min).....#[140](44.93671666666667 min).....#[145](46.57731666666667 min).....#[150](48.38113333333333 min)..#...[155](50.30245 min).#....[160](52.268699999999995 min).....[165](54.28921666666667 min).....[170](56.12161666666667 min)...#..[175](58.05611666666667 min).....[180](59.8519 min).....#[185](61.7019 min).....[190](63.41271666666667 min).....[195](65.88838333333334 min)....
La población se encuentra en la 4 generación
Población:200
Evaluando población:200
[0](0.31484999999999996 min).#..#..[5](1.8747 min).....[10](3.494266666666667 min)..#...[15](5.079133333333333 min).#..#..[20](6.6514999999999995 min).....[25](8.287133333333333 min).....#[30](9.913416666666667 min).....[35](11.565166666666666 min)...#..[40](13.168550000000002 min).....#[45](14.800483333333334 min).....[50](16.481016666666665 min)...#..[55](18.125049999999998 min).#....[60](19.740000000000002 min).....#[65](21.4406 min).....[70](23.064283333333332 min).#.##Algo está fallando :( Cromosomas:0.7677367792490373,0.646312728017707,0.5656269581642236,0.35859093872914427,0.6238052286780502,0.10599362673603731,0.7417954728449878,0.3004141670128193, - Turnos:-2147482229 ¿Gana?:false
..#.[75](24.654100000000003 min)....#.[80](26.278633333333335 min).....[85](27.863666666666667 min).....#[90](29.496583333333334 min).....[95](31.118616666666664 min)...#..[100](32.7005 min).....[105](34.2104 min).....#[110](35.649816666666666 min)..#...[115](37.09981666666667 min)...##Algo está fallando :( Cromosomas:0.6557185597390913,0.23564736384541662,0.6315782768166295,0.003487575210779955,0.5994880557951267,0.2417740993938873,0.6025209278543829,0.23622329746128834, - Turnos:-2147482154 ¿Gana?:false
..[120](38.513083333333334 min).....[125](39.98895 min).....[130](41.4088 min).....[135](42.90411666666667 min).#....[140](44.31721666666667 min).....[145](46.12315 min).....#[150](47.69161666666666 min).#....[155](49.23918333333334 min).....#[160](50.68751666666667 min).....[165](52.376416666666664 min)..##Algo está fallando :( Cromosomas:0.6731027406526101,0.7493970916150539,0.5791528653113969,0.9241152827301179,0.6744392615196267,0.5628690960556284,0.7180179871575526,0.4223196222644179, - Turnos:-2147482174 ¿Gana?:false
.#..#[170](53.961866666666666 min).....[175](55.580016666666666 min).....#[180](57.075833333333335 min).#....[185](58.767916666666665 min)....#.#[190](60.6796 min)...#..[195](62.30001666666667 min)....
La población se encuentra en la 5 generación
Población:200
Evaluando población:200
#[0](0.3009833333333333 min)..#...[5](1.9659666666666666 min).....[10](3.592233333333333 min)..#...[15](5.254916666666667 min)...#.#.[20](6.813999999999999 min)....##Algo está fallando :( Cromosomas:0.5938522907657525,0.7514551311073037,0.44312863891895493,0.3281309340708528,0.7395563624085809,0.25379962125815625,0.6146589420119963,0.7216052680336165, - Turnos:-2147482192 ¿Gana?:false
.[25](8.500266666666667 min).....[30](10.157366666666666 min).....[35](11.88325 min).....[40](13.558983333333334 min).....[45](15.205616666666666 min).....#[50](16.81815 min).....#[55](18.471783333333335 min).....[60](20.13925 min).....[65](21.808983333333334 min)....#.#[70](23.422383333333336 min).....[75](24.97055 min).....[80](26.524716666666666 min).....[85](28.062283333333333 min).#....[90](29.621199999999998 min).....[95](31.33216666666667 min).....[100](32.836733333333335 min)....#.#[105](34.301500000000004 min).....[110](35.746116666666666 min).....[115](37.27033333333333 min).....[120](38.69358333333333 min)..#...[125](40.173 min).....[130](41.77951666666667 min)....#.[135](43.24935 min).....[140](44.840133333333334 min).#....[145](46.35908333333334 min).....[150](47.8392 min).....[155](49.48365 min).....[160](51.10965 min)....#.[165](52.7852 min).....[170](54.382333333333335 min).....[175](56.0131 min).....[180](57.6321 min).....#[185](59.21051666666666 min).#....[190](60.790216666666666 min).....[195](62.455666666666666 min)....
La población se encuentra en la 6 generación
Población:200
Evaluando población:200
[0](0.3300666666666666 min).....[5](1.9888333333333332 min).....[10](3.6903333333333332 min).....[15](5.392033333333333 min).....[20](7.036066666666667 min).....[25](8.690516666666667 min).....[30](10.38345 min)..#.#.#.[35](11.986500000000001 min).....[40](13.560516666666667 min).....[45](15.21275 min).....[50](16.766650000000002 min).#...#.[55](18.293 min).....[60](19.938516666666665 min)...#.#.#[65](21.499333333333333 min)...#..[70](23.128033333333335 min).#....[75](24.696516666666664 min).....[80](26.342583333333334 min).....[85](27.959983333333334 min)...#..[90](29.62095 min)....#.[95](31.223683333333334 min).....[100](32.87788333333334 min).....[105](34.54918333333333 min).....[110](36.23916666666666 min).....[115](37.9198 min).....#[120](39.5824 min)....#.#[125](41.125366666666665 min)...##Algo está fallando :( Cromosomas:0.6663198842877565,0.7928143562018937,0.436744721658146,0.5649608639702431,0.5984943234304015,0.29352882079578585,0.22949209726606604,0.742329388125191, - Turnos:-2147482200 ¿Gana?:false
.##Algo está fallando :( Cromosomas:0.4971600490050205,0.2456250953719284,0.45276867987746466,0.556621205531597,0.8748302178766876,0.2142486647672662,0.6601001400832168,0.036939114763149566, - Turnos:-2147482131 ¿Gana?:false
.[130](42.60655 min)....#.[135](44.190799999999996 min).....[140](45.793483333333334 min).....[145](47.3471 min).....[150](48.92941666666666 min).#....[155](50.38935 min).....[160](51.939616666666666 min).....#[165](53.51686666666667 min).#.#...[170](55.17451666666667 min)...#..[175](56.72763333333333 min).#....[180](58.289750000000005 min).....[185](59.803850000000004 min).....[190](61.40225 min).....[195](63.02525 min).#...
La población se encuentra en la 7 generación
Población:200
Evaluando población:200
[0](0.33204999999999996 min).....[5](1.9709666666666665 min)....#.[10](3.5555499999999998 min).#....[15](5.126066666666667 min)...#..[20](6.716083333333333 min).....[25](8.360083333333334 min).....[30](9.951066666666666 min).....[35](11.612083333333334 min).....[40](13.287749999999999 min).....[45](14.927683333333333 min)....#.[50](16.56755 min).....[55](18.222683333333336 min).....[60](19.8682 min).....[65](21.49255 min).....[70](23.12975 min).....[75](24.7514 min).....[80](26.400266666666667 min).#....#[85](27.943716666666667 min).....#[90](29.555016666666667 min).....[95](31.223416666666665 min).....[100](32.863683333333334 min).....[105](34.45261666666667 min)...#..[110](36.02803333333333 min).....[115](37.60658333333333 min).....[120](39.28626666666666 min).....[125](40.8719 min).#....[130](42.45365 min).....[135](44.06361666666667 min)..#...[140](45.58156666666666 min).....[145](47.21821666666666 min).....[150](48.678666666666665 min).....[155](50.21205 min).....[160](51.71221666666667 min)...#..[165](53.3144 min).....[170](54.94768333333333 min).....[175](56.56955 min).....[180](58.19083333333333 min).....[185](59.869400000000006 min)....#.[190](61.51508333333334 min).....[195](63.10668333333333 min)....
La población se encuentra en la 8 generación
Población:200
Evaluando población:200
[0](0.31489999999999996 min).....[5](1.9536833333333334 min).....[10](3.5841333333333334 min).....[15](5.210116666666667 min).....[20](6.864516666666666 min).....#[25](8.466016666666667 min).#.#...[30](10.018983333333333 min).....#[35](11.648033333333332 min).....[40](13.285166666666667 min).....[45](14.938266666666667 min).....[50](16.568583333333333 min).#..#..[55](18.176233333333336 min).....[60](19.824033333333333 min)...#..[65](21.38045 min).....[70](22.9909 min).....[75](24.6021 min).....[80](26.16955 min).....#[85](27.773116666666667 min)...#..[90](29.412766666666666 min)...#..[95](31.021849999999997 min).....[100](32.6839 min)..#...#[105](34.32095 min)..#...[110](35.939750000000004 min).....[115](37.625816666666665 min)...#..[120](39.23968333333333 min).....[125](40.85743333333333 min).....#[130](42.44813333333333 min).....[135](44.102066666666666 min)...#..[140](45.64673333333334 min).....[145](47.22223333333333 min).....[150](48.85678333333333 min)....#.[155](50.47355 min).....[160](52.04965 min)....#.[165](53.57491666666667 min).....[170](55.15176666666667 min).#....[175](56.77525 min).....[180](58.39946666666666 min).....[185](60.02088333333334 min)....#.[190](61.63155 min).#....[195](63.233466666666665 min)....
La población se encuentra en la 9 generación
Población:200
Evaluando población:200
[0](0.3229666666666667 min).....#[5](1.91095 min).....[10](3.5608833333333334 min).....[15](5.226616666666667 min)....#.[20](6.886316666666667 min).....[25](8.494333333333334 min).....[30](10.16225 min).#....[35](11.801799999999998 min).....[40](13.4552 min)...#..[45](15.093583333333333 min).....[50](16.739250000000002 min)..#...[55](18.35643333333333 min).#....[60](20.01345 min).#....[65](21.611816666666666 min)...#.#.[70](23.290666666666667 min).....[75](24.97405 min).....[80](26.670833333333334 min).....#[85](28.331500000000002 min)...#.#.#[90](29.915000000000003 min).....#[95](31.593216666666667 min).....#[100](33.207566666666665 min).....[105](34.90731666666667 min).....#[110](36.57253333333333 min)...#..[115](38.23065 min).....[120](39.916266666666665 min).....[125](41.57281666666667 min).#....[130](43.174483333333335 min).....[135](44.814600000000006 min)..#...[140](46.47346666666667 min).....[145](48.153800000000004 min)..#...[150](49.75873333333333 min).....[155](51.38296666666667 min).....[160](52.9959 min)...#..[165](54.68533333333333 min).....[170](56.30936666666666 min)....#.#[175](57.93923333333333 min).....[180](59.61278333333333 min).#....[185](61.2387 min)..#...[190](62.90428333333333 min).....[195](64.60788333333333 min)...#.
La población se encuentra en la 10 generación
Población:200
Evaluando población:200
[0](0.32555 min).....[5](2.03875 min)....#.[10](3.6260333333333334 min).....[15](5.3081 min)..#..#.[20](6.932816666666667 min).....[25](8.602583333333333 min).....[30](10.28125 min).....[35](11.955549999999999 min).....[40](13.624616666666666 min).#....[45](15.305016666666667 min)..#...[50](16.9341 min).....[55](18.599816666666666 min)....#.[60](20.265316666666667 min)..#...#[65](21.906583333333334 min).....[70](23.564633333333333 min)....#.[75](25.241 min).....[80](26.912566666666667 min)...#..[85](28.52283333333333 min).....[90](30.17465 min).....[95](31.847433333333335 min).....[100](33.53798333333334 min).....[105](35.189899999999994 min)...#..[110](36.84551666666667 min).....[115](38.524166666666666 min).....[120](40.240750000000006 min)...#..[125](41.83846666666667 min).....[130](43.51513333333333 min).....#[135](45.172583333333336 min).....[140](46.84971666666667 min).#.#.#..[145](48.44088333333333 min).....[150](50.087583333333335 min)..#...[155](51.77453333333334 min)..#...#[160](53.40023333333333 min).....[165](55.071583333333336 min).....[170](56.708666666666666 min).....[175](58.339000000000006 min).....[180](59.91815 min)..#...[185](61.48178333333333 min).....#[190](63.08828333333334 min).....[195](64.68535 min)....
La población se encuentra en la 11 generación
Población:200
Evaluando población:200
[0](0.33646666666666664 min)....#.[5](1.9332833333333332 min)....#.[10](3.596766666666667 min).....[15](5.27945 min)....#.[20](6.926266666666667 min).....[25](8.629716666666667 min).....[30](10.330483333333332 min).....#[35](12.0257 min).....[40](13.682350000000001 min).....[45](15.366150000000001 min).....[50](17.070283333333336 min)...#..[55](18.75521666666667 min).....[60](20.467633333333332 min)..#...[65](22.14473333333333 min).....[70](23.830883333333336 min)...#..[75](25.47191666666667 min)...#..[80](27.117833333333333 min)..#...[85](28.745983333333335 min).....#[90](30.423833333333334 min).....[95](32.15108333333333 min)...#..[100](33.83736666666667 min).....[105](35.54613333333334 min)....#.#[110](37.167699999999996 min).....[115](38.85541666666666 min)....#.[120](40.5588 min)...#..[125](42.21848333333333 min).....[130](43.88218333333334 min).....[135](45.549 min).....[140](47.27086666666666 min).....[145](48.898 min)....#.[150](50.60628333333333 min).....[155](52.3118 min).....[160](53.9313 min)...#..[165](55.59804999999999 min).....#[170](57.234183333333334 min)..#..#.[175](58.856700000000004 min).....[180](60.58411666666667 min).....[185](62.285833333333336 min).....[190](64.00076666666666 min).....[195](65.70708333333333 min)....
La población se encuentra en la 12 generación
Población:200
Evaluando población:200
#[0](0.3224666666666666 min).....[5](1.9797333333333333 min).....[10](3.6983333333333333 min).....#[15](5.338933333333333 min).#....[20](7.02025 min).....[25](8.728233333333332 min)....#.[30](10.41615 min).#....[35](12.079983333333333 min).....[40](13.808516666666666 min).....[45](15.554166666666667 min).....[50](17.222916666666666 min)...#..[55](18.938083333333335 min).....[60](20.63955 min).#....[65](22.335716666666666 min).....[70](24.057116666666666 min)..#...[75](25.732516666666665 min).#....[80](27.413566666666668 min).....[85](29.123816666666666 min).....[90](30.834983333333334 min).....[95](32.55343333333333 min).....[100](34.243500000000004 min)...#..[105](35.89731666666667 min)....#.[110](37.56741666666667 min).....[115](39.24556666666667 min).....[120](40.94421666666666 min).....[125](42.673700000000004 min).....[130](44.37063333333333 min).....[135](46.06885 min).....[140](47.733066666666666 min).....[145](49.42771666666667 min).....[150](51.12991666666667 min).....[155](52.78916666666667 min).....[160](54.481049999999996 min).....[165](56.158300000000004 min).....[170](57.83701666666666 min)....#.[175](59.530033333333336 min)....##.[180](61.123349999999995 min)...#..[185](62.7722 min)....#.[190](64.44575 min).....[195](66.10421666666667 min)....
La población se encuentra en la 13 generación
Población:200
Evaluando población:200
[0](0.3385166666666667 min).....#[5](2.0271666666666666 min).....[10](3.7468166666666667 min).....[15](5.44195 min).....[20](7.1137999999999995 min).....#[25](8.780783333333334 min)....#.[30](10.47895 min)..#...[35](12.146266666666666 min).....[40](13.884716666666666 min).....[45](15.602016666666666 min).#....[50](17.262083333333333 min).....[55](18.892233333333333 min).....#[60](20.57381666666667 min).....[65](22.2742 min).#....[70](23.943783333333332 min).....[75](25.65315 min).....[80](27.345666666666666 min).....[85](29.026316666666666 min)....#.[90](30.72168333333333 min).#..#..[95](32.39018333333333 min)...#..#[100](34.00756666666667 min)....#.[105](35.62636666666666 min).....#[110](37.26813333333334 min)..#...[115](38.95838333333334 min).....[120](40.66256666666666 min)..##...[125](42.295683333333336 min).....[130](44.01593333333334 min).....[135](45.66 min).....[140](47.309099999999994 min)..#.#..[145](48.982216666666666 min)....#.#[150](50.6699 min)..#...[155](52.35906666666666 min).#....[160](54.0311 min)...##Algo está fallando :( Cromosomas:0.81097653992986,0.8764792098755272,0.19433328839420333,0.7067540684515514,0.5527065813557914,0.3000958758517456,0.5592560318163762,0.4989000467948247, - Turnos:-2147482276 ¿Gana?:false
..#[165](55.682300000000005 min)..#...[170](57.39233333333333 min)...#..#[175](59.04651666666667 min).....[180](60.742399999999996 min).#.#.#..[185](62.39573333333333 min)....#.[190](64.08234999999999 min).....[195](65.76271666666666 min)..#.#.
La población se encuentra en la 14 generación
Población:200
Evaluando población:200
[0](0.3313666666666667 min)..#...#[5](1.9520833333333334 min)..#..#.[10](3.5829666666666666 min)...#..[15](5.2565333333333335 min).#...#.[20](6.898733333333333 min).....[25](8.581283333333333 min)..##Algo está fallando :( Cromosomas:0.8611905838466832,0.850293127463898,0.3552097947363947,0.36774227317737257,0.5972109393146429,0.2524663877439802,0.7949828212896617,0.8118849000467722, - Turnos:-2147482221 ¿Gana?:false
...#[30](10.1915 min).....[35](11.844600000000002 min).#...#.[40](13.481599999999998 min).....[45](15.166333333333334 min)....#.#[50](16.812866666666668 min)..#...[55](18.459516666666666 min)....#.[60](20.1246 min)..##.#..[65](21.666866666666667 min)....#.[70](23.3321 min).#.#..#.[75](24.945433333333334 min).#....[80](26.622083333333332 min).....[85](28.291983333333334 min).#...##Algo está fallando :( Cromosomas:0.832633591460138,0.8204839577843573,0.08393072007580976,0.6316067404177502,0.7122085923790625,0.28355787127315385,0.5392795211632841,0.2888285567978388, - Turnos:-2147482220 ¿Gana?:false
.[90](29.8574 min).....[95](31.447083333333335 min).....#[100](33.1104 min).....#[105](34.68486666666667 min)...#..[110](36.324799999999996 min).....[115](38.000750000000004 min)..#...[120](39.66121666666666 min).....[125](41.35926666666667 min)..#...#[130](43.055616666666666 min).#....[135](44.694316666666666 min).....[140](46.398783333333334 min).....[145](48.02341666666667 min)...#..[150](49.70771666666667 min).....[155](51.39358333333333 min)...#.#.##Algo está fallando :( Cromosomas:0.8648791514702233,0.8358658362042491,0.15602962824720112,0.5373846435675709,0.6271685621102545,0.21499947620072593,0.7019106324647462,0.6332382675541685, - Turnos:-2147482459 ¿Gana?:false
[160](52.91943333333334 min)....#.[165](54.62865 min)...#..[170](56.256499999999996 min)..#...[175](57.94603333333334 min)....#.[180](59.71053333333334 min).#....[185](61.39228333333333 min)..#...#[190](63.04561666666667 min).....#[195](64.795 min).#...
La población se encuentra en la 15 generación
Población:200
Evaluando población:200
[0](0.3436833333333333 min)....#.##Algo está fallando :( Cromosomas:0.870005385402964,0.679939709631339,0.16223808659718073,0.8706438296896248,0.7377137054843702,0.22370754375294744,0.5763905502487933,0.2753371247209639, - Turnos:-2147482178 ¿Gana?:false
[5](2.0673 min).....[10](3.9378666666666664 min).#....[15](5.710616666666667 min).....#[20](7.475316666666667 min)...#.#.#[25](9.181966666666666 min).#..#.#.[30](10.8435 min).....[35](12.584916666666667 min)....#.[40](14.278083333333333 min)..#...[45](16.009666666666668 min)....#.[50](17.722483333333333 min)..#...#[55](19.351466666666667 min).##Algo está fallando :( Cromosomas:0.8384056487971534,0.8614996605263274,0.13145023246994042,0.7399735205413336,0.6848409592802951,0.2637647731125884,0.6562778874412597,0.4657579712407108, - Turnos:-2147482202 ¿Gana?:false
....[60](21.055016666666667 min).#..#.#.[65](22.660216666666667 min).....[70](24.4017 min)....#.#[75](26.162333333333333 min)..##Algo está fallando :( Cromosomas:0.8642037549483463,0.781946850530588,0.3559682478132514,0.6483174302200099,0.740973400106608,0.23937239944122518,0.6187600149683304,0.6657888385877133, - Turnos:-2147482179 ¿Gana?:false
.#..[80](27.805316666666666 min).....[85](29.541816666666666 min).#....#[90](31.234933333333334 min)...#..[95](32.927350000000004 min).#....#[100](34.592333333333336 min).#....#[105](36.32398333333333 min)..#.#..##Algo está fallando :( Cromosomas:0.8643403384879353,0.8717243643396514,0.3870889811464919,0.5488527104351012,0.4698878862575864,0.2682313333038893,0.6953141480206424,0.6003241088114997, - Turnos:-2147482201 ¿Gana?:false
[110](37.99035 min).#....#[115](39.62531666666666 min).#....[120](41.38035 min)..#...##Algo está fallando :( Cromosomas:0.8322911267310029,0.8442307979206415,0.22847541045425515,0.542378839986527,0.6964312752446588,0.1813330818068165,0.656352821840905,0.8179548535855858, - Turnos:-2147482197 ¿Gana?:false
[125](43.057649999999995 min)...#.#.[130](44.72866666666666 min).....[135](46.29316666666667 min).....[140](48.05303333333333 min).....#[145](49.73571666666667 min).....[150](51.48733333333333 min).#....[155](53.13895 min).#...#.#[160](54.882733333333334 min).#..#..[165](56.637299999999996 min).....#[170](58.4235 min)..#.#..[175](60.04131666666667 min).#....[180](61.7046 min).....#[185](63.402816666666666 min)..#.#.#.#[190](65.15733333333334 min).#..#..[195](66.78136666666667 min)..#.#.
La población se encuentra en la 16 generación
Población:200
Evaluando población:200
[0](0.3635333333333334 min)....#.[5](2.2016333333333336 min).#.#..#.[10](3.9393666666666665 min).#....#[15](5.692183333333333 min).....##Algo está fallando :( Cromosomas:0.8302990703852245,0.8324035659022612,0.2627241769667957,0.649404300017907,0.6354175101208148,0.25177089403078323,0.7379109756907314,0.8581726710577372, - Turnos:-2147482290 ¿Gana?:false
[20](7.421916666666666 min).#..#..[25](9.185783333333335 min)...#..#[30](10.939183333333334 min)..#...#[35](12.648733333333332 min)..#..#.[40](14.360233333333333 min)..#..#.#[45](16.12285 min)....#.[50](17.866183333333332 min)...#..[55](19.612466666666666 min)..#...[60](21.367066666666666 min)....#.[65](23.143833333333337 min)....#.[70](24.900883333333336 min)...#..[75](26.661816666666667 min)...#.#.[80](28.42888333333333 min).....[85](30.234716666666667 min).#.#.#..[90](32.030966666666664 min).....#[95](33.816383333333334 min).....#[100](35.61395 min)....#.[105](37.41791666666666 min)..#...[110](39.18561666666667 min)...#..#[115](40.84396666666667 min).....[120](42.59446666666667 min).....#[125](44.360366666666664 min).#.#..#.#[130](46.023983333333334 min)..#...[135](47.705400000000004 min).....[140](49.40795 min)..#.#.#.[145](51.04468333333333 min).#....[150](52.730133333333335 min).##Algo está fallando :( Cromosomas:0.8407631492930044,0.5794687886210866,0.1251052883013058,0.3979419334566383,0.728661555171623,0.26566031417714964,0.6302922387282299,0.4349513224931173, - Turnos:-2147482227 ¿Gana?:false
.#...#[155](54.31243333333334 min).....[160](56.02883333333333 min).....[165](57.7532 min)...#..#[170](59.47196666666667 min)..#.##..#[175](61.13581666666666 min).##.#.###Algo está fallando :( Cromosomas:0.8522001228132364,0.8239964978764949,0.11682783439721772,0.6248113473890445,0.8010136157876686,0.2700449822278671,0.6611254435632015,0.3699533409922058, - Turnos:-2147482727 ¿Gana?:false
.##Algo está fallando :( Cromosomas:0.8799575834745351,0.8748880174754042,0.15485059103014628,0.5247071300790994,0.7765091982799803,0.290148249358627,0.7054607778117217,0.6737090469666339, - Turnos:-2147482198 ¿Gana?:false
.[180](62.80425 min).#....#[185](64.57306666666666 min)..##Algo está fallando :( Cromosomas:0.8390578895877602,0.850772149457534,0.16221863592948343,0.656840624728962,0.6882347376052993,0.28921903729142107,0.6885716463811629,0.45778491204009353, - Turnos:-2147482269 ¿Gana?:false
.##..#[190](66.34386666666667 min).#.#.##Algo está fallando :( Cromosomas:0.8520686412479571,0.8432336056881542,0.1668698966287417,0.617194229610508,0.8926973202949617,0.2231598817554254,0.8107684289578058,0.6096653996997756, - Turnos:-2147482384 ¿Gana?:false
..#[195](67.97391666666667 min).#..###.
La población se encuentra en la 17 generación
Población:200
Evaluando población:200
##Algo está fallando :( Cromosomas:0.8141378170477511,0.8731647040888258,0.19883200128904538,0.7297650848186303,0.6782731057294052,0.257443178077174,0.5971807191163856,0.7046477208286082, - Turnos:-2147482406 ¿Gana?:false
[0](0.24018333333333333 min).#...#.[5](2.0796 min).##Algo está fallando :( Cromosomas:0.8582617378340546,0.8908224888334562,0.04411043822733963,0.7211790990204927,0.7473449397807786,0.3068004986809544,0.7776421730487038,0.6848491370732237, - Turnos:-2147482189 ¿Gana?:false
.#.#..[10](3.94115 min).#.#..#.[15](5.709216666666666 min)...#..[20](7.496683333333333 min)..#..#.[25](9.259516666666666 min).#...#.[30](11.020783333333332 min).#.#...#[35](12.717383333333334 min)...#..[40](14.466683333333332 min)....##Algo está fallando :( Cromosomas:0.8514637911175891,0.8914700992046161,0.019805944090666612,0.5348595083219196,0.6394330053043777,0.29163648032772793,0.7904151658261476,0.8326369460345411, - Turnos:-2147482404 ¿Gana?:false
.[45](16.134183333333333 min).....[50](17.908183333333334 min).....[55](19.737583333333337 min).#....#[60](21.43595 min).....[65](23.219516666666667 min)...#.#.[70](24.914566666666666 min).##Algo está fallando :( Cromosomas:0.8651569386627507,0.851042623795796,0.011426241331132877,0.6191209226804342,0.7260739202159542,0.2859249642156674,0.7398068080771679,0.5453123388251838, - Turnos:-2147482204 ¿Gana?:false
...#.[75](26.733150000000002 min).#....[80](28.446783333333332 min)..#...[85](30.16783333333333 min).....#[90](31.973683333333334 min)...#..[95](33.733399999999996 min).#...#.[100](35.40043333333333 min).....[105](37.12413333333333 min).#...#.#[110](38.77681666666667 min)..#.#..#[115](40.46146666666667 min).#...#.[120](42.23125 min).#....[125](43.95771666666667 min)....##Algo está fallando :( Cromosomas:0.8507254866328285,0.8906241670500451,0.012419375663013097,0.6593362365786789,0.6981402031652619,0.270348135916588,0.6637138183867672,0.7510238056830792, - Turnos:-2147482201 ¿Gana?:false
.[130](45.61888333333333 min)....#.[135](47.33298333333333 min).....[140](49.0814 min).....[145](50.81543333333333 min)....#.[150](52.5773 min).#....[155](54.31411666666667 min).#....[160](56.0069 min).....[165](57.80001666666667 min).#.#.#..[170](59.446333333333335 min).....[175](61.17036666666667 min)...#..[180](62.853116666666665 min)...#..[185](64.53975 min).....[190](66.324 min).....[195](68.07376666666667 min).#.#.#.
La población se encuentra en la 18 generación
Población:200
Evaluando población:200
#[0](0.33815 min).#....#[5](2.0658833333333333 min).#....[10](3.8024 min).....#[15](5.5523 min).....[20](7.3084999999999996 min).#....#[25](8.986983333333335 min).....[30](10.723216666666668 min)..#...#[35](12.440383333333333 min)...#..[40](14.173 min).##.#.#..[45](15.84145 min).#....[50](17.58015 min).....[55](19.321633333333335 min).#.#.#..#[60](21.000283333333336 min)....#.[65](22.69385 min).#.#...[70](24.381416666666667 min)..#...[75](26.1372 min).....[80](27.924933333333335 min)..#...[85](29.636216666666666 min).#...#.#[90](31.293983333333333 min)..#...#[95](33.012899999999995 min).....[100](34.79201666666667 min)..#...[105](36.47863333333333 min).....[110](38.19905000000001 min).....#[115](39.93005 min).....[120](41.67745 min).....[125](43.40585 min).....[130](45.16963333333333 min).....#[135](46.86278333333333 min).#.#...[140](48.63131666666666 min)..##Algo está fallando :( Cromosomas:0.8476146687090121,0.9270494408904169,0.21687774042751568,0.7097808228373985,0.7616029827680193,0.2734441027956517,0.7515923432080924,0.5959520618226184, - Turnos:-2147482213 ¿Gana?:false
...[145](50.31843333333334 min).....[150](52.05741666666667 min).#....[155](53.74831666666667 min).#...#.[160](55.41931666666667 min).#....[165](57.127100000000006 min)....##Algo está fallando :( Cromosomas:0.8590905171457395,0.9133545423889481,0.22281390694968095,0.6448427771317453,0.7523678183876605,0.3458424594064868,0.8220191361462749,0.6275504539865818, - Turnos:-2147482278 ¿Gana?:false
.[170](58.85616666666667 min).....[175](60.57796666666666 min).....[180](62.32818333333333 min)....#.[185](64.07931666666667 min).....[190](65.82056666666666 min).....[195](67.56431666666667 min)....
La población se encuentra en la 19 generación
Población:200
Evaluando población:200
[0](0.35273333333333334 min)....##Algo está fallando :( Cromosomas:0.8759588413531941,0.8983653489689114,0.2054998764298463,0.6393080038533783,0.6169986470026599,0.2743563725234081,0.7494476483508383,0.6238567982681349, - Turnos:-2147482203 ¿Gana?:false
.[5](1.9792833333333335 min).....[10](3.7390333333333334 min).....[15](5.450483333333334 min)..#..#.[20](7.1076500000000005 min)....#.#[25](8.852133333333335 min)...##Algo está fallando :( Cromosomas:0.8433367065016106,0.8565213683712067,0.18678230403966423,0.5663053536560655,0.6300018595401092,0.2885613046113549,0.7096064671611156,0.822576033955157, - Turnos:-2147482240 ¿Gana?:false
.#.[30](10.421116666666668 min)...#..[35](12.2255 min).....[40](13.973099999999999 min).....#[45](15.702850000000002 min)...#..[50](17.415816666666668 min).....#[55](19.16185 min).....[60](20.89035 min).....[65](22.615566666666666 min).#...#.#[70](24.328500000000002 min)..#...[75](26.034066666666668 min).....#[80](27.738116666666667 min).....[85](29.4289 min)...#..[90](31.145983333333334 min)...#..[95](32.841833333333334 min).....[100](34.572783333333334 min).....[105](36.2984 min)...#..#[110](38.018 min).#.#.#..[115](39.74986666666667 min).#...#.[120](41.44693333333333 min).....[125](43.22178333333333 min)...#..#[130](44.956066666666665 min)..##Algo está fallando :( Cromosomas:0.87104429838109,0.9112553216908842,0.17578234439619944,0.6315949634050531,0.7079304813275934,0.2612599295859101,0.7151749956619516,0.6570252622055086, - Turnos:-2147482196 ¿Gana?:false
...[135](46.618066666666664 min).....[140](48.391783333333336 min).....#[145](50.12618333333333 min)...#..[150](51.8728 min).....#[155](53.641466666666666 min)..#.#..[160](55.34236666666666 min).....[165](57.09036666666667 min)....#.[170](58.858783333333335 min).#....[175](60.59228333333333 min)..#..#.[180](62.27106666666667 min).....[185](64.02445 min)...#..[190](65.78073333333333 min)...#..[195](67.5039 min)....
La población se encuentra en la 20 generación
Población:200
Evaluando población:200
[0](0.34635 min)..#...[5](2.051633333333333 min).#....[10](3.7998333333333334 min)..#...[15](5.554433333333334 min).....[20](7.2886500000000005 min)..#...[25](8.995616666666667 min).....[30](10.737716666666667 min)..#.#..[35](12.412466666666667 min)...#..[40](14.105433333333334 min).....[45](15.866733333333334 min).....[50](17.60465 min).....[55](19.339816666666664 min).....[60](21.10076666666667 min).....[65](22.832733333333334 min)..#.#..[70](24.537516666666665 min)...#..#[75](26.248416666666667 min)..#.#..[80](27.9993 min).....[85](29.707 min)..#...[90](31.426083333333334 min)....#.[95](33.16001666666667 min).....#[100](34.86178333333333 min).....[105](36.6177 min).....[110](38.379016666666665 min).....[115](40.10848333333333 min).....[120](41.86566666666667 min).....#[125](43.568149999999996 min).#...#.[130](45.22675 min).#.#...[135](46.94166666666667 min)....#.[140](48.62095 min).....[145](50.341300000000004 min)....#.[150](52.08003333333333 min).....[155](53.817883333333334 min).....[160](55.57228333333333 min).....[165](57.29371666666667 min).....[170](59.04986666666667 min).....[175](60.76546666666666 min)...#.#.[180](62.487433333333335 min).....[185](64.25825 min)..#..#.[190](65.91021666666667 min)....#.[195](67.59725 min)....
