Empezando algoritmo gentico con los siguientes par‡metros
==============================================================
Factor mutaci—n: 0.1
Factor crossover: 0.8
Total generaciones: 100
Tama–o poblaci—n: 200
Nœmero individuos torneo: 2
Cantidad de individuos elitimo: 4
Utilizando 4 hebras simultaneas para evaluaciones.
Inicializando poblaci—n
Evaluando poblaci—n:200
[0](0.38548333333333334 min).....[5](0.7515166666666667 min).....[10](1.3416833333333333 min).....[15](1.8746666666666667 min).....[20](2.78005 min).....[25](3.3519833333333335 min).....[30](3.777066666666667 min).....[35](4.234333333333334 min).....[40](5.034416666666667 min).....[45](5.491333333333333 min).....[50](5.890833333333333 min).....[55](6.383833333333333 min).....[60](7.2247 min).....[65](7.648983333333334 min).....[70](8.07855 min).....[75](8.690516666666667 min).....[80](9.81875 min).....[85](10.238499999999998 min).....[90](10.652866666666666 min).....[95](11.092166666666666 min).....[100](11.845400000000001 min).....[105](12.438799999999999 min).....[110](12.98915 min).....[115](13.664366666666666 min).....[120](14.660883333333334 min).....[125](15.065466666666667 min).....[130](15.7049 min).....[135](16.27245 min).....[140](17.0408 min).....[145](17.3966 min).....[150](17.889799999999997 min).....[155](18.44656666666667 min).....[160](19.31985 min).....[165](19.68388333333333 min).....[170](20.17375 min).....[175](20.87858333333333 min).....[180](21.899016666666668 min).....[185](22.34668333333333 min).....[190](23.10148333333333 min).....[195](23.557983333333333 min).
 Ajustando poblaci—n
Almacenando informaci—n sobre individuos
La poblaci—n se encuentra en la 1 generaci—n
Poblaci—n:200
Evaluando poblaci—n:200
[0](0.2616 min).....[5](0.5649333333333334 min).....[10](0.8894166666666667 min).....[15](1.3083500000000001 min).....[20](1.9979 min).....[25](2.480633333333333 min).....[30](2.82005 min).....[35](3.2025 min).....[40](4.294266666666667 min).....[45](4.692850000000001 min).....[50](5.28515 min).....[55](5.94195 min).....[60](7.195616666666667 min).....[65](7.704183333333333 min).....[70](8.283583333333333 min).....[75](8.828466666666666 min).....[80](9.738716666666667 min).....[85](10.183166666666667 min).....[90](10.7631 min).....[95](11.461900000000002 min).....[100](12.612666666666666 min).....[105](13.11495 min).....[110](13.661383333333333 min).....[115](14.033833333333332 min).....[120](15.256366666666667 min).....[125](15.724683333333333 min).....[130](16.242616666666667 min).....[135](16.701633333333334 min).....[140](17.785466666666665 min).....[145](18.458883333333333 min).....[150](19.18905 min).....[155](19.932383333333334 min).....[160](21.273433333333333 min).....[165](21.991033333333334 min).....[170](22.8902 min).....[175](23.546699999999998 min).....[180](24.69925 min).....[185](25.055266666666668 min).....[190](25.318499999999997 min).....[195](25.744183333333336 min).
La poblaci—n se encuentra en la 2 generaci—n
Poblaci—n:200
Evaluando poblaci—n:200
[0](0.28586666666666666 min).....[5](0.6293833333333333 min).....[10](0.9746 min).....[15](1.3566 min).....[20](2.1278833333333336 min).....[25](2.5860833333333333 min).....[30](3.032966666666667 min).....[35](3.394233333333333 min).....[40](4.1265 min).....[45](4.555366666666667 min).....[50](4.9883999999999995 min).....[55](5.36335 min).....[60](6.31545 min).....[65](6.6555333333333335 min).....[70](6.9683166666666665 min).....[75](7.325116666666667 min).....[80](8.09315 min).....[85](8.451716666666666 min).....[90](8.793650000000001 min).....[95](9.2027 min).....[100](10.017116666666668 min).....[105](10.3919 min).....[110](10.715483333333333 min).....[115](11.119083333333332 min).....[120](11.8214 min).....[125](12.344333333333333 min).....[130](12.749383333333332 min).....[135](13.0504 min).....[140](13.995733333333334 min).....[145](14.536983333333334 min).....[150](14.90785 min).....[155](15.241716666666667 min).....[160](16.26021666666667 min).....[165](16.83415 min).....[170](17.2131 min).....[175](17.95205 min).....[180](19.0941 min).....[185](19.796 min).....[190](20.4334 min).....[195](20.912566666666667 min).
La poblaci—n se encuentra en la 3 generaci—n
Poblaci—n:200
Evaluando poblaci—n:200
[0](0.2992666666666667 min).....[5](0.6784833333333334 min).....[10](0.98085 min).....[15](1.3415166666666667 min).....[20](2.014683333333333 min).....[25](2.3682000000000003 min).....[30](2.7171333333333334 min).....[35](3.0728166666666668 min).....[40](3.7398833333333332 min).....[45](4.067333333333333 min).....[50](4.412516666666666 min).....[55](4.7553 min).....[60](5.473633333333334 min).....[65](5.838616666666667 min).....[70](6.2085 min).....[75](6.652966666666667 min).....[80](7.439333333333334 min).....[85](7.822733333333333 min).....[90](8.209733333333334 min).....[95](8.676316666666667 min).....[100](9.52565 min).....[105](9.896066666666666 min).....[110](10.209399999999999 min).....[115](10.542116666666667 min).....[120](11.328333333333335 min).....[125](11.656766666666666 min).....[130](12.010616666666666 min).....[135](12.461666666666668 min).....[140](13.1686 min).....[145](13.601466666666665 min).....[150](14.016716666666667 min).....[155](14.381300000000001 min).....[160](15.359433333333333 min).....[165](15.7815 min).....[170](16.3413 min).....[175](16.75625 min).....[180](18.031316666666665 min).....[185](18.450833333333332 min).....[190](18.949783333333336 min).....[195](19.42345 min).
La poblaci—n se encuentra en la 4 generaci—n
Poblaci—n:200
Evaluando poblaci—n:200
[0](0.2915 min).....[5](0.6088333333333333 min).....[10](0.9754833333333334 min).....[15](1.3277833333333333 min).....[20](2.005716666666667 min).....[25](2.347933333333333 min).....[30](2.728266666666667 min).....[35](3.0764666666666667 min).....[40](3.866133333333333 min).....[45](4.257233333333334 min).....[50](4.614450000000001 min).....[55](5.0297 min).....[60](5.779433333333333 min).....[65](6.28225 min).....[70](6.59515 min).....[75](7.002816666666666 min).....[80](7.811616666666667 min).....[85](8.180200000000001 min).....[90](8.564266666666667 min).....[95](8.950583333333332 min).....[100](9.735166666666666 min).....[105](10.10345 min).....[110](10.538783333333333 min).....[115](10.912866666666668 min).....[120](11.628433333333334 min).....[125](12.024566666666667 min).....[130](12.444600000000001 min).....[135](12.771916666666668 min).....[140](13.477083333333333 min).....[145](13.815516666666667 min).....[150](14.186483333333333 min).....[155](14.508866666666668 min).....[160](15.25605 min).....[165](15.614 min).....[170](15.993516666666666 min).....[175](16.370449999999998 min).....[180](17.085649999999998 min).....[185](17.43345 min).....[190](17.860866666666666 min).....[195](18.227183333333336 min).
La poblaci—n se encuentra en la 5 generaci—n
Poblaci—n:200
Evaluando poblaci—n:200
[0](0.30041666666666667 min).....[5](0.6626333333333334 min).....[10](1.06285 min).....[15](1.4730666666666667 min).....[20](2.2433166666666664 min).....[25](2.6422000000000003 min).....[30](3.0796666666666668 min).....[35](3.46085 min).....[40](4.2466 min).....[45](4.628533333333333 min).....[50](5.044233333333334 min).....[55](5.491566666666667 min).....[60](6.132533333333333 min).....[65](6.475099999999999 min).....[70](6.859183333333333 min).....[75](7.213966666666667 min).....[80](7.914183333333333 min).....[85](8.232366666666667 min).....[90](8.527433333333333 min).....[95](8.831933333333334 min).....[100](9.513316666666666 min).....[105](9.853983333333334 min).....[110](10.220583333333334 min).....[115](10.597233333333332 min).....[120](11.377833333333333 min).....[125](11.752266666666666 min).....[130](12.1338 min).....[135](12.503916666666667 min).....[140](13.291699999999999 min).....[145](13.65525 min).....[150](14.0371 min).....[155](14.409816666666668 min).....[160](15.124216666666666 min).....[165](15.508566666666667 min).....[170](15.8846 min).....[175](16.24396666666667 min).....[180](17.008366666666667 min).....[185](17.34711666666667 min).....[190](17.777783333333332 min).....[195](18.191216666666666 min).
La poblaci—n se encuentra en la 6 generaci—n
Poblaci—n:200
Evaluando poblaci—n:200
[0](0.26895 min).....[5](0.5674833333333333 min).....[10](0.8991333333333333 min).....[15](1.2361666666666666 min).....[20](1.9444666666666668 min).....[25](2.3130499999999996 min).....[30](2.6379666666666663 min).....[35](2.9983999999999997 min).....[40](3.6731666666666665 min).....[45](3.9950666666666668 min).....[50](4.395133333333334 min).....[55](4.7431 min).....[60](5.405266666666666 min).....[65](5.789983333333334 min).....[70](6.156916666666667 min).....[75](6.461416666666667 min).....[80](7.12315 min).....[85](7.47685 min).....[90](7.841433333333333 min).....[95](8.157033333333334 min).....[100](8.907883333333332 min).....[105](9.277483333333333 min).....[110](9.593666666666667 min).....[115](9.881016666666666 min).....[120](10.613833333333334 min).....[125](10.938633333333334 min).....[130](11.254016666666667 min).....[135](11.58685 min).....[140](12.233733333333333 min).....[145](12.569783333333334 min).....[150](12.957783333333333 min).....[155](13.283633333333334 min).....[160](14.02615 min).....[165](14.36445 min).....[170](14.728 min).....[175](15.080533333333333 min).....[180](15.874566666666668 min).....[185](16.296666666666667 min).....[190](16.658883333333332 min).....[195](17.020133333333334 min).
La poblaci—n se encuentra en la 7 generaci—n
Poblaci—n:200
Evaluando poblaci—n:200
[0](0.31983333333333336 min).....[5](0.6504166666666666 min).....[10](0.9842333333333334 min).....[15](1.293 min).....[20](1.9664666666666666 min).....[25](2.277616666666667 min).....[30](2.6678166666666665 min).....[35](3.0116500000000004 min).....[40](3.733166666666667 min).....[45](4.091483333333334 min).....[50](4.464266666666666 min).....[55](4.80705 min).....[60](5.540283333333333 min).....[65](5.925883333333333 min).....[70](6.2612000000000005 min).....[75](6.6507 min).....[80](7.413683333333334 min).....[85](7.765233333333333 min).....[90](8.110666666666667 min).....[95](8.457066666666666 min).....[100](9.216783333333332 min).....[105](9.587066666666667 min).....[110](9.9201 min).....[115](10.323016666666666 min).....[120](11.031749999999999 min).....[125](11.36175 min).....[130](11.751683333333334 min).....[135](12.1165 min).....[140](12.784516666666667 min).....[145](13.117783333333334 min).....[150](13.478833333333334 min).....[155](13.81465 min).....[160](14.512583333333334 min).....[165](14.853383333333333 min).....[170](15.176033333333333 min).....[175](15.453233333333333 min).....[180](16.097833333333334 min).....[185](16.412916666666668 min).....[190](16.717816666666668 min).....[195](17.0408 min).
La poblaci—n se encuentra en la 8 generaci—n
Poblaci—n:200
Evaluando poblaci—n:200
[0](0.27675 min).....[5](0.5968666666666667 min).....[10](0.9153833333333333 min).....[15](1.2376166666666668 min).....[20](1.9775833333333332 min).....[25](2.330366666666667 min).....[30](2.6903833333333336 min).....[35](3.02055 min).....[40](3.771466666666667 min).....[45](4.1665 min).....[50](4.510800000000001 min).....[55](4.8508000000000004 min).....[60](5.615799999999999 min).....[65](5.9609 min).....[70](6.322883333333333 min).....[75](6.6726833333333335 min).....[80](7.382000000000001 min).....[85](7.7031 min).....[90](8.032983333333332 min).....[95](8.372566666666666 min).....[100](9.0194 min).....[105](9.399333333333335 min).....[110](9.760883333333334 min).....[115](10.106483333333333 min).....[120](10.820366666666667 min).....[125](11.167233333333334 min).....[130](11.49 min).....[135](11.865466666666666 min).....[140](12.562916666666666 min).....[145](12.891516666666666 min).....[150](13.212250000000001 min).....[155](13.516883333333334 min).....[160](14.173416666666666 min).....[165](14.514550000000002 min).....[170](14.83685 min).....[175](15.198466666666667 min).....[180](15.935416666666667 min).....[185](16.242483333333332 min).....[190](16.6068 min).....[195](16.96115 min).
La poblaci—n se encuentra en la 9 generaci—n
Poblaci—n:200
Evaluando poblaci—n:200
[0](0.3108666666666667 min).....[5](0.6237333333333334 min).....[10](0.9326000000000001 min).....[15](1.31035 min).....[20](1.9793166666666666 min).....[25](2.3507000000000002 min).....[30](2.7285 min).....[35](3.0707 min).....[40](3.7555833333333335 min).....[45](4.115433333333333 min).....[50](4.45495 min).....[55](4.792583333333334 min).....[60](5.544583333333334 min).....[65](5.8530999999999995 min).....[70](6.233716666666667 min).....[75](6.6280833333333335 min).....[80](7.349933333333333 min).....[85](7.7095666666666665 min).....[90](8.014033333333334 min).....[95](8.445649999999999 min).....[100](9.195816666666667 min).....[105](9.590266666666668 min).....[110](10.01495 min).....[115](10.4078 min).....[120](11.142083333333334 min).....[125](11.558933333333332 min).....[130](11.852166666666667 min).....[135](12.199533333333333 min).....[140](12.9924 min).....[145](13.346866666666667 min).....[150](13.712433333333333 min).....[155](14.112983333333334 min).....[160](14.891183333333334 min).....[165](15.246450000000001 min).....[170](15.5895 min).....[175](15.991433333333333 min).....[180](16.711033333333333 min).....[185](17.08065 min).....[190](17.492483333333332 min).....[195](17.79815 min).
La poblaci—n se encuentra en la 10 generaci—n
Poblaci—n:200
Evaluando poblaci—n:200
[0](0.3236 min).....[5](0.6436499999999999 min).....[10](0.9358666666666667 min).....[15](1.2543666666666666 min).....[20](1.8989333333333334 min).....[25](2.254766666666667 min).....[30](2.6116333333333333 min).....[35](2.95315 min).....[40](3.622983333333333 min).....[45](3.9958 min).....[50](4.30135 min).....[55](4.630833333333333 min).....[60](5.332633333333334 min).....[65](5.626333333333333 min).....[70](5.930366666666667 min).....[75](6.296216666666667 min).....[80](6.952666666666667 min).....[85](7.325916666666667 min).....[90](7.704566666666667 min).....[95](8.088883333333333 min).....[100](8.842433333333334 min).....[105](9.203233333333333 min).....[110](9.578566666666667 min).....[115](9.964883333333335 min).....[120](10.621450000000001 min).....[125](10.957083333333333 min).....[130](11.306133333333333 min).....[135](11.69755 min).....[140](12.4582 min).....[145](12.8223 min).....[150](13.192316666666667 min).....[155](13.538466666666666 min).....[160](14.262533333333332 min).....[165](14.64175 min).....[170](14.9957 min).....[175](15.37545 min).....[180](16.108883333333335 min).....[185](16.400383333333334 min).....[190](16.7662 min).....[195](17.131666666666668 min).
La poblaci—n se encuentra en la 11 generaci—n
Poblaci—n:200
Evaluando poblaci—n:200
[0](0.2967333333333333 min).....[5](0.6390166666666667 min).....[10](0.9855 min).....[15](1.30865 min).....[20](2.0447333333333333 min).....[25](2.3975999999999997 min).....[30](2.7131166666666666 min).....[35](3.0617666666666663 min).....[40](3.8263000000000003 min).....[45](4.2207333333333334 min).....[50](4.558916666666667 min).....[55](4.951366666666667 min).....[60](5.707466666666666 min).....[65](6.094116666666666 min).....[70](6.4683 min).....[75](6.813366666666667 min).....[80](7.636983333333333 min).....[85](8.02615 min).....[90](8.466633333333332 min).....[95](8.826216666666665 min).....[100](9.634649999999999 min).....[105](10.081133333333334 min).....[110](10.41915 min).....[115](10.772549999999999 min).....[120](11.397833333333333 min).....[125](11.771716666666666 min).....[130](12.128683333333333 min).....[135](12.467083333333333 min).....[140](13.133550000000001 min).....[145](13.428583333333334 min).....[150](13.764199999999999 min).....[155](14.127433333333332 min).....[160](14.734983333333334 min).....[165](15.098916666666666 min).....[170](15.563716666666666 min).....[175](15.919833333333335 min).....[180](16.54945 min).....[185](16.926750000000002 min).....[190](17.295983333333332 min).....[195](17.643866666666668 min).
La poblaci—n se encuentra en la 12 generaci—n
Poblaci—n:200
Evaluando poblaci—n:200
[0](0.31325000000000003 min).....[5](0.6779 min).....[10](1.0449833333333334 min).....[15](1.4199333333333333 min).....[20](2.1080666666666668 min).....[25](2.4900499999999997 min).....[30](2.83045 min).....[35](3.1704833333333338 min).....[40](3.8944666666666667 min).....[45](4.268916666666667 min).....[50](4.59565 min).....[55](4.897 min).....[60](5.6208833333333335 min).....[65](5.974766666666667 min).....[70](6.3674333333333335 min).....[75](6.731283333333334 min).....[80](7.499183333333334 min).....[85](7.854383333333333 min).....[90](8.24825 min).....[95](8.605633333333333 min).....[100](9.28105 min).....[105](9.692450000000001 min).....[110](10.065866666666667 min).....[115](10.46365 min).....[120](11.221816666666665 min).....[125](11.635666666666667 min).....[130](11.986116666666668 min).....[135](12.345033333333333 min).....[140](13.0895 min).....[145](13.490566666666666 min).....[150](13.814699999999998 min).....[155](14.184050000000001 min).....[160](14.917433333333333 min).....[165](15.304883333333333 min).....[170](15.667383333333333 min).....[175](16.02715 min).....[180](16.802716666666665 min).....[185](17.183816666666665 min).....[190](17.547 min).....[195](17.888033333333333 min).
La poblaci—n se encuentra en la 13 generaci—n
Poblaci—n:200
Evaluando poblaci—n:200
[0](0.3129 min).....[5](0.6516 min).....[10](0.9987999999999999 min).....[15](1.2973999999999999 min).....[20](1.9416666666666667 min).....[25](2.2292833333333335 min).....[30](2.53065 min).....[35](2.8590166666666668 min).....[40](3.5631833333333334 min).....[45](3.8874166666666667 min).....[50](4.19735 min).....[55](4.572766666666666 min).....[60](5.272 min).....[65](5.64205 min).....[70](6.016583333333333 min).....[75](6.355716666666667 min).....[80](7.104333333333333 min).....[85](7.481133333333333 min).....[90](7.808216666666667 min).....[95](8.177766666666667 min).....[100](8.8645 min).....[105](9.17525 min).....[110](9.4915 min).....[115](9.830283333333334 min).....[120](10.557333333333334 min).....[125](10.873683333333334 min).....[130](11.171766666666667 min).....[135](11.501383333333333 min).....[140](12.1557 min).....[145](12.481216666666667 min).....[150](12.786383333333333 min).....[155](13.087566666666667 min).....[160](13.75835 min).....[165](14.101816666666668 min).....[170](14.440583333333333 min).....[175](14.81175 min).....[180](15.491266666666666 min).....[185](15.83165 min).....[190](16.143333333333334 min).....[195](16.464033333333333 min).
La poblaci—n se encuentra en la 14 generaci—n
Poblaci—n:200
Evaluando poblaci—n:200
[0](0.27576666666666666 min).....[5](0.5212166666666667 min).....[10](0.8010833333333333 min).....[15](1.1323333333333332 min).....[20](1.7490166666666667 min).....[25](2.090133333333333 min).....[30](2.421783333333333 min).....[35](2.703216666666667 min).....[40](3.4056333333333333 min).....[45](3.7361 min).....[50](4.084316666666667 min).....[55](4.482600000000001 min).....[60](5.13945 min).....[65](5.490166666666667 min).....[70](5.872683333333333 min).....[75](6.258583333333333 min).....[80](6.973866666666667 min).....[85](7.31675 min).....[90](7.656116666666667 min).....[95](8.029116666666667 min).....[100](8.739866666666668 min).....[105](9.0758 min).....[110](9.444566666666667 min).....[115](9.789516666666666 min).....[120](10.538566666666666 min).....[125](10.871433333333332 min).....[130](11.188816666666666 min).....[135](11.548466666666666 min).....[140](12.260716666666667 min).....[145](12.597583333333334 min).....[150](12.937683333333332 min).....[155](13.248633333333334 min).....[160](13.921349999999999 min).....[165](14.247033333333333 min).....[170](14.574116666666667 min).....[175](14.924466666666666 min).....[180](15.603483333333333 min).....[185](15.966199999999999 min).....[190](16.289816666666667 min).....[195](16.6796 min).
La poblaci—n se encuentra en la 15 generaci—n
Poblaci—n:200
Evaluando poblaci—n:200
[0](0.25589999999999996 min).....[5](0.5302166666666667 min).....[10](0.7860999999999999 min).....[15](1.0903833333333333 min).....[20](1.65075 min).....[25](1.94975 min).....[30](2.2916499999999997 min).....[35](2.5995833333333334 min).....[40](3.2742333333333336 min).....[45](3.58275 min).....[50](3.9313999999999996 min).....[55](4.2463 min).....[60](4.878283333333333 min).....[65](5.185266666666666 min).....[70](5.4996833333333335 min).....[75](5.833083333333334 min).....[80](6.511816666666666 min).....[85](6.8704 min).....[90](7.199283333333333 min).....[95](7.5403 min).....[100](8.184949999999999 min).....[105](8.495700000000001 min).....[110](8.816833333333333 min).....[115](9.136616666666667 min).....[120](9.748566666666667 min).....[125](10.057683333333333 min).....[130](10.395100000000001 min).....[135](10.72485 min).....[140](11.41645 min).....[145](11.791283333333332 min).....[150](12.10055 min).....[155](12.373966666666666 min).....[160](13.048516666666666 min).....[165](13.395133333333332 min).....[170](13.77795 min).....[175](14.199966666666667 min).....[180](14.925199999999998 min).....[185](15.240583333333332 min).....[190](15.60265 min).....[195](15.955316666666667 min).
La poblaci—n se encuentra en la 16 generaci—n
Poblaci—n:200
Evaluando poblaci—n:200
[0](0.2939333333333333 min).....[5](0.5532833333333333 min).....[10](0.8538666666666667 min).....[15](1.2136500000000001 min).....[20](1.8671166666666668 min).....[25](2.198783333333333 min).....[30](2.5217666666666667 min).....[35](2.8936166666666665 min).....[40](3.5159666666666665 min).....[45](3.9078166666666667 min).....[50](4.224266666666667 min).....[55](4.56405 min).....[60](5.271933333333333 min).....[65](5.602216666666666 min).....[70](5.962683333333334 min).....[75](6.3238 min).....[80](7.050283333333334 min).....[85](7.388683333333334 min).....[90](7.720616666666667 min).....[95](8.052016666666667 min).....[100](8.742466666666667 min).....[105](9.094033333333334 min).....[110](9.34015 min).....[115](9.675883333333333 min).....[120](10.322883333333333 min).....[125](10.638916666666667 min).....[130](11.002816666666666 min).....[135](11.363083333333332 min).....[140](12.066550000000001 min).....[145](12.405866666666666 min).....[150](12.799966666666668 min).....[155](13.126399999999999 min).....[160](13.879616666666667 min).....[165](14.204199999999998 min).....[170](14.502450000000001 min).....[175](14.85815 min).....[180](15.561683333333333 min).....[185](15.926633333333333 min).....[190](16.254983333333332 min).....[195](16.6001 min).
La poblaci—n se encuentra en la 17 generaci—n
Poblaci—n:200
Evaluando poblaci—n:200
[0](0.2760166666666667 min).....[5](0.5907333333333333 min).....[10](0.8453 min).....[15](1.0907166666666666 min).....[20](1.6812166666666668 min).....[25](1.9864166666666667 min).....[30](2.2870833333333334 min).....[35](2.5915833333333333 min).....[40](3.2152666666666665 min).....[45](3.5119666666666665 min).....[50](3.87935 min).....[55](4.230033333333333 min).....[60](4.808466666666666 min).....[65](5.0841 min).....[70](5.438199999999999 min).....[75](5.757549999999999 min).....[80](6.382666666666666 min).....[85](6.726233333333334 min).....[90](7.059216666666667 min).....[95](7.366966666666666 min).....[100](8.061283333333334 min).....[105](8.39425 min).....[110](8.68275 min).....[115](8.95745 min).....[120](9.535183333333332 min).....[125](9.883416666666667 min).....[130](10.184966666666666 min).....[135](10.5509 min).....[140](11.111266666666667 min).....[145](11.422633333333332 min).....[150](11.766 min).....[155](12.0895 min).....[160](12.693766666666667 min).....[165](13.002550000000001 min).....[170](13.313516666666667 min).....[175](13.646899999999999 min).....[180](14.19275 min).....[185](14.48785 min).....[190](14.823166666666667 min).....[195](15.129916666666666 min).
La poblaci—n se encuentra en la 18 generaci—n
Poblaci—n:200
Evaluando poblaci—n:200
[0](0.26106666666666667 min).....[5](0.49901666666666666 min).....[10](0.7830166666666667 min).....[15](1.0020166666666668 min).....[20](1.5333666666666665 min).....[25](1.7995833333333333 min).....[30](2.0955166666666667 min).....[35](2.351916666666667 min).....[40](2.946366666666667 min).....[45](3.2116166666666666 min).....[50](3.50545 min).....[55](3.7944166666666663 min).....[60](4.376166666666666 min).....[65](4.68955 min).....[70](4.928483333333333 min).....[75](5.2179 min).....[80](5.831333333333333 min).....[85](6.1109333333333336 min).....[90](6.4017 min).....[95](6.7406 min).....[100](7.3236 min).....[105](7.67625 min).....[110](7.898716666666667 min).....[115](8.237033333333333 min).....[120](8.811983333333334 min).....[125](9.16515 min).....[130](9.471749999999998 min).....[135](9.756066666666667 min).....[140](10.366766666666667 min).....[145](10.6842 min).....[150](11.003366666666667 min).....[155](11.326566666666668 min).....[160](11.939816666666667 min).....[165](12.285133333333333 min).....[170](12.578750000000001 min).....[175](12.881383333333334 min).....[180](13.59525 min).....[185](13.86505 min).....[190](14.184166666666666 min).....[195](14.5103 min).
La poblaci—n se encuentra en la 19 generaci—n
Poblaci—n:200
Evaluando poblaci—n:200
[0](0.26016666666666666 min).....[5](0.5281833333333333 min).....[10](0.8141999999999999 min).....[15](1.0677999999999999 min).....[20](1.6622666666666668 min).....[25](1.9948166666666665 min).....[30](2.2698666666666667 min).....[35](2.5824166666666666 min).....[40](3.142933333333333 min).....[45](3.4781 min).....[50](3.7925666666666666 min).....[55](4.093816666666666 min).....[60](4.652116666666667 min).....[65](4.982733333333333 min).....[70](5.264466666666666 min).....[75](5.5329 min).....[80](6.0949 min).....[85](6.42155 min).....[90](6.705866666666666 min).....[95](7.01155 min).....[100](7.684333333333333 min).....[105](7.980483333333334 min).....[110](8.285966666666667 min).....[115](8.606683333333333 min).....[120](9.263866666666667 min).....[125](9.560216666666667 min).....[130](9.91905 min).....[135](10.25445 min).....[140](10.902066666666666 min).....[145](11.222416666666668 min).....[150](11.491983333333334 min).....[155](11.813716666666666 min).....[160](12.4329 min).....[165](12.722299999999999 min).....[170](13.04585 min).....[175](13.40335 min).....[180](14.115983333333332 min).....[185](14.423583333333333 min).....[190](14.734583333333335 min).....[195](15.02605 min).
La poblaci—n se encuentra en la 20 generaci—n
Poblaci—n:200
Evaluando poblaci—n:200
[0](0.2704166666666667 min).....[5](0.5115500000000001 min).....[10](0.7605166666666666 min).....[15](0.9911833333333333 min).....[20](1.5473999999999999 min).....[25](1.8078833333333333 min).....[30](2.061166666666667 min).....[35](2.3417833333333333 min).....[40](2.868866666666667 min).....[45](3.113316666666667 min).....[50](3.3812833333333336 min).....[55](3.66245 min).....[60](4.2465 min).....[65](4.520966666666666 min).....[70](4.807533333333334 min).....[75](5.128066666666667 min).....[80](5.672583333333334 min).....[85](6.0005500000000005 min).....[90](6.294866666666667 min).....[95](6.610716666666666 min).....[100](7.24185 min).....[105](7.503299999999999 min).....[110](7.789516666666667 min).....[115](8.127483333333334 min).....[120](8.709566666666666 min).....[125](8.97365 min).....[130](9.31945 min).....[135](9.593733333333335 min).....[140](10.160566666666666 min).....[145](10.431483333333334 min).....[150](10.670566666666668 min).....[155](10.9733 min).....[160](11.595766666666666 min).....[165](11.903383333333332 min).....[170](12.150116666666666 min).....[175](12.4688 min).....[180](13.008516666666667 min).....[185](13.3073 min).....[190](13.648166666666667 min).....[195](13.999233333333333 min).
La poblaci—n se encuentra en la 21 generaci—n
Poblaci—n:200
Evaluando poblaci—n:200
[0](0.25558333333333333 min).....[5](0.48695 min).....[10](0.7595166666666666 min).....[15](1.0186166666666667 min).....[20](1.6022833333333333 min).....[25](1.8786666666666667 min).....[30](2.1540166666666667 min).....[35](2.3975 min).....[40](2.9993 min).....[45](3.24295 min).....[50](3.530533333333333 min).....[55](3.8207166666666668 min).....[60](4.342633333333334 min).....[65](4.585416666666666 min).....[70](4.8774999999999995 min).....[75](5.190250000000001 min).....[80](5.719216666666667 min).....[85](6.027283333333333 min).....[90](6.3328999999999995 min).....[95](6.600766666666667 min).....[100](7.1733 min).....[105](7.482066666666666 min).....[110](7.739233333333333 min).....[115](8.022383333333334 min).....[120](8.632983333333334 min).....[125](8.916500000000001 min).....[130](9.224883333333334 min).....[135](9.483016666666666 min).....[140](10.090399999999999 min).....[145](10.362016666666667 min).....[150](10.6555 min).....[155](10.92515 min).....[160](11.4895 min).....[165](11.768550000000001 min).....[170](12.0427 min).....[175](12.33275 min).....[180](12.955216666666667 min).....[185](13.290266666666668 min).....[190](13.566533333333332 min).....[195](13.857583333333334 min).
La poblaci—n se encuentra en la 22 generaci—n
Poblaci—n:200
Evaluando poblaci—n:200
[0](0.23985 min).....[5](0.5249666666666667 min).....[10](0.77595 min).....[15](1.0151333333333334 min).....[20](1.6283666666666667 min).....[25](1.8705 min).....[30](2.1458166666666667 min).....[35](2.40535 min).....[40](3.014016666666667 min).....[45](3.3156666666666665 min).....[50](3.607066666666667 min).....[55](3.916316666666667 min).....[60](4.4718 min).....[65](4.7456499999999995 min).....[70](5.0402 min).....[75](5.3504 min).....[80](5.903033333333334 min).....[85](6.181299999999999 min).....[90](6.486183333333333 min).....[95](6.77245 min).....[100](7.3948 min).....[105](7.667816666666667 min).....[110](7.954899999999999 min).....[115](8.21475 min).....[120](8.856966666666667 min).....[125](9.135383333333333 min).....[130](9.421916666666668 min).....[135](9.7331 min).....[140](10.346383333333334 min).....[145](10.60065 min).....[150](10.917466666666666 min).....[155](11.272616666666666 min).....[160](11.929833333333333 min).....[165](12.223066666666666 min).....[170](12.50305 min).....[175](12.7963 min).....[180](13.416599999999999 min).....[185](13.689766666666666 min).....[190](13.998 min).....[195](14.394016666666666 min).
La poblaci—n se encuentra en la 23 generaci—n
Poblaci—n:200
Evaluando poblaci—n:200
[0](0.23483333333333334 min).....[5](0.5025 min).....[10](0.7446333333333333 min).....[15](1.0237833333333333 min).....[20](1.6184 min).....[25](1.895 min).....[30](2.1614 min).....[35](2.4422833333333336 min).....[40](3.0233333333333334 min).....[45](3.339116666666667 min).....[50](3.6323333333333334 min).....[55](3.919033333333333 min).....[60](4.527066666666667 min).....[65](4.865799999999999 min).....[70](5.161600000000001 min).....[75](5.435016666666667 min).....[80](6.060083333333334 min).....[85](6.347216666666667 min).....[90](6.6497166666666665 min).....[95](6.928616666666667 min).....[100](7.502833333333333 min).....[105](7.806933333333333 min).....[110](8.0793 min).....[115](8.378366666666667 min).....[120](9.000166666666667 min).....[125](9.267216666666666 min).....[130](9.5885 min).....[135](9.933366666666666 min).....[140](10.576266666666667 min).....[145](10.841916666666666 min).....[150](11.16295 min).....[155](11.4297 min).....[160](11.996783333333333 min).....[165](12.325683333333334 min).....[170](12.643166666666668 min).....[175](12.972199999999999 min).....[180](13.54895 min).....[185](13.847199999999999 min).....[190](14.18435 min).....[195](14.49865 min).
La poblaci—n se encuentra en la 24 generaci—n
Poblaci—n:200
Evaluando poblaci—n:200
[0](0.2813666666666667 min).....[5](0.5410666666666667 min).....[10](0.86345 min).....[15](1.1175833333333334 min).....[20](1.6382 min).....[25](1.9536 min).....[30](2.2072333333333334 min).....[35](2.499083333333333 min).....[40](3.1149833333333334 min).....[45](3.436383333333333 min).....[50](3.6945166666666664 min).....[55](3.9676666666666667 min).....[60](4.539116666666667 min).....[65](4.838033333333333 min).....[70](5.120583333333333 min).....[75](5.395566666666666 min).....[80](5.979183333333333 min).....[85](6.279533333333333 min).....[90](6.59355 min).....[95](6.860200000000001 min).....[100](7.471233333333333 min).....[105](7.778216666666666 min).....[110](8.075733333333334 min).....[115](8.381866666666665 min).....[120](9.077916666666665 min).....[125](9.399316666666666 min).....[130](9.69945 min).....[135](10.01935 min).....[140](10.738916666666666 min).....[145](11.047866666666666 min).....[150](11.327016666666667 min).....[155](11.66685 min).....[160](12.2544 min).....[165](12.515233333333333 min).....[170](12.8157 min).....[175](13.230233333333333 min).....[180](13.9149 min).....[185](14.2251 min).....[190](14.580883333333333 min).....[195](14.942533333333333 min).
La poblaci—n se encuentra en la 25 generaci—n
Poblaci—n:200
Evaluando poblaci—n:200
[0](0.23331666666666667 min).....[5](0.49468333333333336 min).....[10](0.7708499999999999 min).....[15](1.0992 min).....[20](1.65505 min).....[25](1.9561333333333333 min).....[30](2.29635 min).....[35](2.5477333333333334 min).....[40](3.153116666666667 min).....[45](3.4426 min).....[50](3.7897166666666666 min).....[55](4.086416666666667 min).....[60](4.696383333333333 min).....[65](5.018416666666667 min).....[70](5.327916666666667 min).....[75](5.650533333333333 min).....[80](6.260833333333333 min).....[85](6.6241666666666665 min).....[90](6.890466666666667 min).....[95](7.276116666666667 min).....[100](7.953866666666667 min).....[105](8.303983333333333 min).....[110](8.627966666666667 min).....[115](8.95225 min).....[120](9.615066666666667 min).....[125](9.898916666666667 min).....[130](10.235800000000001 min).....[135](10.60385 min).....[140](11.249 min).....[145](11.538033333333335 min).....[150](11.902383333333335 min).....[155](12.238416666666666 min).....[160](12.893533333333332 min).....[165](13.240883333333333 min).....[170](13.627766666666668 min).....[175](13.949833333333334 min).....[180](14.609483333333333 min).....[185](14.958466666666668 min).....[190](15.260233333333334 min).....[195](15.569016666666666 min).
La poblaci—n se encuentra en la 26 generaci—n
Poblaci—n:200
Evaluando poblaci—n:200
[0](0.24346666666666666 min).....[5](0.5557333333333333 min).....[10](0.8497666666666667 min).....[15](1.16405 min).....[20](1.8745166666666668 min).....[25](2.2261499999999996 min).....[30](2.5303666666666667 min).....[35](2.8535833333333334 min).....[40](3.4884166666666667 min).....[45](3.822783333333333 min).....[50](4.125666666666667 min).....[55](4.436566666666667 min).....[60](5.12965 min).....[65](5.48105 min).....[70](5.821700000000001 min).....[75](6.141466666666667 min).....[80](6.792683333333333 min).....[85](7.1328000000000005 min).....[90](7.450183333333333 min).....[95](7.817966666666666 min).....[100](8.569633333333334 min).....[105](8.904783333333334 min).....[110](9.221533333333333 min).....[115](9.565166666666666 min).....[120](10.23675 min).....[125](10.560183333333333 min).....[130](10.889366666666666 min).....[135](11.2203 min).....[140](11.841516666666667 min).....[145](12.165233333333333 min).....[150](12.535283333333332 min).....[155](12.882233333333334 min).....[160](13.528433333333334 min).....[165](13.858433333333332 min).....[170](14.178766666666666 min).....[175](14.488866666666667 min).....[180](15.120916666666666 min).....[185](15.437183333333333 min).....[190](15.782766666666667 min).....[195](16.154183333333332 min).
La poblaci—n se encuentra en la 27 generaci—n
Poblaci—n:200
Evaluando poblaci—n:200
[0](0.23993333333333336 min).....[5](0.5710666666666667 min).....[10](0.8289666666666666 min).....[15](1.1451500000000001 min).....[20](1.8594833333333334 min).....[25](2.1568166666666664 min).....[30](2.4960166666666668 min).....[35](2.8038000000000003 min).....[40](3.477433333333333 min).....[45](3.8160666666666665 min).....[50](4.126566666666666 min).....[55](4.456133333333333 min).....[60](5.070833333333334 min).....[65](5.403383333333333 min).....[70](5.746266666666667 min).....[75](6.106833333333333 min).....[80](6.780916666666667 min).....[85](7.134966666666667 min).....[90](7.511466666666666 min).....[95](7.81545 min).....[100](8.495233333333333 min).....[105](8.861583333333334 min).....[110](9.20695 min).....[115](9.529 min).....[120](10.226433333333334 min).....[125](10.559516666666667 min).....[130](10.891950000000001 min).....[135](11.263116666666667 min).....[140](11.946733333333333 min).....[145](12.254966666666666 min).....[150](12.661816666666665 min).....[155](12.993333333333334 min).....[160](13.676016666666667 min).....[165](14.0657 min).....[170](14.3938 min).....[175](14.716233333333333 min).....[180](15.429283333333332 min).....[185](15.764166666666666 min).....[190](16.1127 min).....[195](16.450933333333335 min).
La poblaci—n se encuentra en la 28 generaci—n
Poblaci—n:200
Evaluando poblaci—n:200
[0](0.2571333333333333 min).....[5](0.6304666666666667 min).....[10](0.9451166666666667 min).....[15](1.2617166666666668 min).....[20](1.8429333333333333 min).....[25](2.2096333333333336 min).....[30](2.53695 min).....[35](2.8549 min).....[40](3.5548833333333336 min).....[45](3.9097 min).....[50](4.245333333333333 min).....[55](4.570166666666666 min).....[60](5.258983333333333 min).....[65](5.590716666666666 min).....[70](5.966616666666667 min).....[75](6.361383333333333 min).....[80](7.0127 min).....[85](7.42155 min).....[90](7.742816666666667 min).....[95](8.06405 min).....[100](8.701133333333333 min).....[105](9.03365 min).....[110](9.356933333333334 min).....[115](9.7279 min).....[120](10.368116666666667 min).....[125](10.682433333333334 min).....[130](11.04145 min).....[135](11.37815 min).....[140](12.037516666666667 min).....[145](12.409083333333333 min).....[150](12.7733 min).....[155](13.115866666666667 min).....[160](13.761249999999999 min).....[165](14.113533333333333 min).....[170](14.466816666666666 min).....[175](14.782233333333332 min).....[180](15.469583333333333 min).....[185](15.814383333333334 min).....[190](16.12933333333333 min).....[195](16.473216666666666 min).
La poblaci—n se encuentra en la 29 generaci—n
Poblaci—n:200
Evaluando poblaci—n:200
[0](0.25706666666666667 min).....[5](0.5904 min).....[10](0.8996166666666666 min).....[15](1.21915 min).....[20](1.9233666666666667 min).....[25](2.2264333333333335 min).....[30](2.4795000000000003 min).....[35](2.8266666666666667 min).....[40](3.3842333333333334 min).....[45](3.7586166666666667 min).....[50](4.070383333333334 min).....[55](4.374583333333334 min).....[60](5.056166666666667 min).....[65](5.373283333333333 min).....[70](5.696833333333333 min).....[75](6.042166666666666 min).....[80](6.660383333333333 min).....[85](6.991966666666666 min).....[90](7.331033333333334 min).....[95](7.649566666666667 min).....[100](8.2251 min).....[105](8.541833333333333 min).....[110](8.879983333333334 min).....[115](9.195983333333334 min).....[120](9.811833333333334 min).....[125](10.13195 min).....[130](10.428083333333332 min).....[135](10.705216666666667 min).....[140](11.366950000000001 min).....[145](11.668016666666666 min).....[150](12.0084 min).....[155](12.340466666666666 min).....[160](12.961116666666667 min).....[165](13.256083333333333 min).....[170](13.553083333333332 min).....[175](13.8912 min).....[180](14.5471 min).....[185](14.842383333333334 min).....[190](15.1854 min).....[195](15.490566666666666 min).
La poblaci—n se encuentra en la 30 generaci—n
Poblaci—n:200
Evaluando poblaci—n:200
[0](0.24885 min).....[5](0.5567833333333333 min).....[10](0.8794500000000001 min).....[15](1.1560833333333334 min).....[20](1.7164166666666667 min).....[25](2.0136 min).....[30](2.3091333333333335 min).....[35](2.597383333333333 min).....[40](3.1794000000000002 min).....[45](3.4873 min).....[50](3.7708500000000003 min).....[55](4.037166666666667 min).....[60](4.728183333333333 min).....[65](5.033600000000001 min).....[70](5.325066666666667 min).....[75](5.664983333333334 min).....[80](6.324016666666666 min).....[85](6.6659 min).....[90](6.971183333333333 min).....[95](7.286600000000001 min).....[100](7.951883333333333 min).....[105](8.263916666666667 min).....[110](8.613116666666667 min).....[115](8.986266666666667 min).....[120](9.577766666666667 min).....[125](9.8996 min).....[130](10.192633333333333 min).....[135](10.51135 min).....[140](11.163316666666667 min).....[145](11.473633333333334 min).....[150](11.816116666666666 min).....[155](12.105983333333334 min).....[160](12.78955 min).....[165](13.11435 min).....[170](13.40375 min).....[175](13.70025 min).....[180](14.310016666666666 min).....[185](14.641866666666665 min).....[190](14.948166666666667 min).....[195](15.244483333333333 min).
La poblaci—n se encuentra en la 31 generaci—n
Poblaci—n:200
Evaluando poblaci—n:200
[0](0.28376666666666667 min).....[5](0.61255 min).....[10](0.8651166666666666 min).....[15](1.1656000000000002 min).....[20](1.8011166666666665 min).....[25](2.0852166666666667 min).....[30](2.377683333333333 min).....[35](2.6817833333333336 min).....[40](3.26765 min).....[45](3.571566666666667 min).....[50](3.916433333333333 min).....[55](4.241133333333333 min).....[60](4.892883333333333 min).....[65](5.219683333333333 min).....[70](5.53045 min).....[75](5.86335 min).....[80](6.482916666666667 min).....[85](6.776133333333333 min).....[90](7.12415 min).....[95](7.407983333333333 min).....[100](8.039633333333333 min).....[105](8.366583333333333 min).....[110](8.7367 min).....[115](9.055916666666667 min).....[120](9.714416666666667 min).....[125](10.0197 min).....[130](10.327050000000002 min).....[135](10.639033333333334 min).....[140](11.328483333333333 min).....[145](11.667766666666667 min).....[150](11.975 min).....[155](12.305783333333332 min).....[160](12.942233333333332 min).....[165](13.27835 min).....[170](13.6549 min).....[175](13.94505 min).....[180](14.6084 min).....[185](14.964783333333333 min).....[190](15.28455 min).....[195](15.552 min).
La poblaci—n se encuentra en la 32 generaci—n
Poblaci—n:200
Evaluando poblaci—n:200
[0](0.3261 min).....[5](0.7183666666666666 min).....[10](1.0291666666666666 min).....[15](1.3346833333333334 min).....[20](2.0036 min).....[25](2.29375 min).....[30](2.590416666666667 min).....[35](2.9368 min).....[40](3.6233666666666666 min).....[45](3.969733333333333 min).....[50](4.330416666666666 min).....[55](4.6433333333333335 min).....[60](5.362783333333334 min).....[65](5.758916666666667 min).....[70](6.157966666666667 min).....[75](6.4728 min).....[80](7.172433333333333 min).....[85](7.54375 min).....[90](7.892433333333333 min).....[95](8.249616666666666 min).....[100](8.946533333333333 min).....[105](9.335216666666668 min).....[110](9.671233333333333 min).....[115](10.03415 min).....[120](10.745433333333333 min).....[125](11.092933333333333 min).....[130](11.476066666666666 min).....[135](11.751916666666666 min).....[140](12.385066666666667 min).....[145](12.731266666666667 min).....[150](13.063283333333334 min).....[155](13.50785 min).....[160](14.17525 min).....[165](14.50425 min).....[170](14.841433333333333 min).....[175](15.17885 min).....[180](15.85255 min).....[185](16.201833333333333 min).....[190](16.570466666666665 min).....[195](16.882266666666666 min).
La poblaci—n se encuentra en la 33 generaci—n
Poblaci—n:200
Evaluando poblaci—n:200
[0](0.22985 min).....[5](0.5515000000000001 min).....[10](0.9349500000000001 min).....[15](1.2744666666666666 min).....[20](1.9209166666666666 min).....[25](2.29085 min).....[30](2.642033333333333 min).....[35](2.9918666666666667 min).....[40](3.7729666666666666 min).....[45](4.1257 min).....[50](4.585083333333333 min).....[55](4.98895 min).....[60](5.643816666666667 min).....[65](6.0081 min).....[70](6.410933333333333 min).....[75](6.765583333333334 min).....[80](7.54805 min).....[85](7.936633333333333 min).....[90](8.299716666666667 min).....[95](8.66755 min).....[100](9.410599999999999 min).....[105](9.742433333333334 min).....[110](10.124316666666665 min).....[115](10.540433333333334 min).....[120](11.212666666666667 min).....[125](11.588116666666668 min).....[130](11.989233333333335 min).....[135](12.3881 min).....[140](13.15025 min).....[145](13.492316666666666 min).....[150](13.862083333333334 min).....[155](14.242816666666666 min).....[160](14.9717 min).....[165](15.319366666666667 min).....[170](15.644233333333334 min).....[175](16.000416666666666 min).....[180](16.683483333333335 min).....[185](16.974 min).....[190](17.348483333333334 min).....[195](17.644166666666667 min).
La poblaci—n se encuentra en la 34 generaci—n
Poblaci—n:200
Evaluando poblaci—n:200
[0](0.32071666666666665 min).....[5](0.6162833333333333 min).....[10](0.9440500000000001 min).....[15](1.2450333333333332 min).....[20](1.8764333333333334 min).....[25](2.18045 min).....[30](2.4871333333333334 min).....[35](2.8074 min).....[40](3.5039333333333333 min).....[45](3.85485 min).....[50](4.1889 min).....[55](4.53255 min).....[60](5.189166666666667 min).....[65](5.5467 min)...Exception in thread "Thread-6736" java.lang.NumberFormatException: For input string: "r 1 Wins!"
	at java.lang.NumberFormatException.forInputString(NumberFormatException.java:48)
	at java.lang.Integer.parseInt(Integer.java:449)
	at java.lang.Integer.parseInt(Integer.java:499)
	at Utils.fitness.t_fitness.run(t_fitness.java:120)
..Algo est‡ fallando :( Cromosomas:0.12286459877146133,0.48598928419557996,0.213803645165982,0.9965228988495557,0.8363413091014762,0.849549543620941,0.5070503337991715,0.8165051166759336, - Turnos:0 ÀGana?:false
[70](5.862416666666666 min).....[75](6.266766666666666 min).....[80](7.0423 min).....[85](7.39375 min).....[90](7.81255 min).....[95](8.149666666666667 min).....[100](8.914866666666667 min).....[105](9.3015 min).....[110](9.652683333333332 min)..#...[115](10.102616666666668 min).....[120](10.964 min).....[125](11.335199999999999 min).....[130](11.722333333333333 min).....[135](12.146016666666666 min).....[140](12.900433333333332 min).....[145](13.303183333333333 min).....[150](13.650583333333334 min).....[155](14.03665 min).....[160](14.889583333333333 min).....[165](15.3033 min).....[170](15.6865 min).....[175](16.01935 min).....[180](16.847416666666668 min).....[185](17.27785 min).....[190](17.68365 min).....[195](18.05091666666667 min).
La poblaci—n se encuentra en la 35 generaci—n
Poblaci—n:200
Evaluando poblaci—n:200
[0](0.35079999999999995 min).....[5](0.6543 min).....[10](0.9256666666666666 min).....[15](1.2222166666666667 min).....[20](1.8316666666666668 min).....[25](2.1937 min).....[30](2.5101500000000003 min).....[35](2.8617500000000002 min).....[40](3.5161666666666664 min).....[45](3.8827333333333334 min).....[50](4.26785 min).....[55](4.627566666666667 min).....[60](5.4203166666666664 min).....[65](5.72645 min).....[70](6.06765 min).....[75](6.4344833333333336 min).....[80](7.1700333333333335 min).....[85](7.473066666666667 min).....[90](7.84505 min).....[95](8.154966666666667 min).....[100](8.8255 min).....[105](9.172083333333335 min).....[110](9.526916666666667 min).....[115](9.906133333333335 min).....[120](10.653383333333332 min).....[125](11.028366666666667 min).....[130](11.358916666666666 min).....[135](11.7539 min).....[140](12.494666666666665 min).....[145](12.8598 min).....[150](13.195783333333333 min).....[155](13.554783333333335 min).....[160](14.325616666666667 min).....[165](14.726466666666665 min).....[170](15.105799999999999 min).....[175](15.505183333333333 min).....[180](16.187633333333334 min)....Exception in thread "Thread-7048" java.lang.NumberFormatException: For input string: "r 1 Wins!"
	at java.lang.NumberFormatException.forInputString(NumberFormatException.java:48)
	at java.lang.Integer.parseInt(Integer.java:449)
	at java.lang.Integer.parseInt(Integer.java:499)
	at Utils.fitness.t_fitness.run(t_fitness.java:120)
.[185](16.500316666666667 min).Algo est‡ fallando :( Cromosomas:0.12632051195104244,0.1821632985512449,0.19935602302037264,0.984725113379921,0.9098741296512537,0.8198767798691011,0.5128132417601434,0.7734311926930117, - Turnos:0 ÀGana?:false
....[190](16.858383333333332 min).....[195](17.183 min).
La poblaci—n se encuentra en la 36 generaci—n
Poblaci—n:200
Evaluando poblaci—n:200
[0](0.24896666666666667 min).....[5](0.6322666666666666 min).....[10](0.9701000000000001 min).....[15](1.3019833333333333 min).....[20](1.9878666666666667 min).....[25](2.364933333333333 min).....[30](2.6996333333333333 min).....[35](3.0881499999999997 min).....[40](3.8716500000000003 min).....[45](4.233516666666667 min).....[50](4.55745 min).....[55](4.895116666666667 min).....[60](5.632083333333333 min).....[65](5.963933333333333 min).....[70](6.281316666666667 min).....[75](6.6202 min).....[80](7.330533333333333 min).....[85](7.672383333333333 min).....[90](8.0224 min).....[95](8.397033333333333 min).....[100](9.105633333333333 min).....[105](9.456999999999999 min).....[110](9.787116666666666 min).....[115](10.122416666666668 min).....[120](10.777999999999999 min).....[125](11.112966666666667 min).....[130](11.457233333333333 min).....[135](11.798083333333333 min).....[140](12.4985 min).....[145](12.859583333333335 min).....[150](13.191266666666667 min).....[155](13.534866666666666 min).....[160](14.269633333333333 min).....[165](14.620800000000001 min).....[170](14.982516666666667 min).....[175](15.33695 min).....[180](16.06598333333333 min).....[185](16.432666666666666 min).....[190](16.80153333333333 min).....[195](17.1358 min).
La poblaci—n se encuentra en la 37 generaci—n
Poblaci—n:200
Evaluando poblaci—n:200
[0](0.24659999999999999 min).....[5](0.5364666666666668 min).....[10](0.8790333333333333 min).....[15](1.2496833333333333 min).....[20](1.9803166666666667 min).....[25](2.3247166666666668 min).....[30](2.7016666666666667 min).....[35](3.059683333333333 min).....[40](3.789 min).....[45](4.213966666666667 min).....[50](4.556966666666667 min).....[55](4.8859 min).....[60](5.586016666666667 min).....[65](5.9351 min).....[70](6.292233333333333 min).....[75](6.652466666666667 min).....[80](7.305166666666667 min).....[85](7.679150000000001 min).....[90](8.028433333333334 min).....[95](8.359133333333334 min).....[100](9.094116666666668 min).....[105](9.459083333333332 min).....[110](9.819733333333334 min).....[115](10.138283333333334 min).....[120](10.859083333333333 min).....[125](11.192516666666668 min).....[130](11.551233333333332 min).....[135](11.972533333333333 min).....[140](12.607816666666668 min).....[145](12.956383333333333 min).....[150](13.343883333333334 min).....[155](13.744866666666667 min).....[160](14.465750000000002 min).....[165](14.819366666666667 min).....[170](15.185116666666666 min).....[175](15.5591 min).....[180](16.1761 min).....[185](16.51096666666667 min).....[190](16.810333333333332 min).....[195](17.16325 min).
La poblaci—n se encuentra en la 38 generaci—n
Poblaci—n:200
Evaluando poblaci—n:200
[0](0.24853333333333336 min).....[5](0.5774833333333333 min).....[10](0.9314166666666667 min).....[15](1.2877833333333333 min).....[20](2.030866666666667 min).....[25](2.365016666666667 min).....[30](2.78035 min).....[35](3.1009666666666664 min).....[40](3.8207 min).....[45](4.134733333333333 min).....[50](4.4869666666666665 min).....[55](4.844283333333333 min).....[60](5.589616666666667 min).....[65](5.917983333333334 min).....[70](6.2828333333333335 min).....[75](6.689733333333334 min).....[80](7.4064000000000005 min).....[85](7.818316666666666 min).....[90](8.21195 min).....[95](8.587783333333334 min).....[100](9.334983333333334 min).....[105](9.736866666666666 min).....[110](10.1001 min).....[115](10.449566666666668 min).....[120](11.178216666666666 min).....[125](11.526933333333334 min).....[130](11.916283333333332 min).....[135](12.251866666666666 min).....[140](13.01745 min).....[145](13.3639 min).....[150](13.7218 min).....[155](14.127083333333333 min).....[160](14.866316666666668 min).....[165](15.181516666666665 min).....[170](15.510133333333332 min).....[175](15.844316666666666 min).....[180](16.5427 min).....[185](16.868283333333334 min).....[190](17.219949999999997 min).....[195](17.57698333333333 min).
La poblaci—n se encuentra en la 39 generaci—n
Poblaci—n:200
Evaluando poblaci—n:200
[0](0.27726666666666666 min).....[5](0.56765 min).....[10](0.93835 min).....[15](1.3075833333333333 min).....[20](2.023816666666667 min).....[25](2.327433333333333 min).....[30](2.6900166666666667 min).....[35](3.0333666666666668 min).....[40](3.7766499999999996 min).....[45](4.1589833333333335 min).....[50](4.5323 min).....[55](4.8750333333333336 min).....[60](5.57835 min).....[65](5.934666666666667 min).....[70](6.311333333333334 min).....[75](6.6601333333333335 min).....[80](7.389716666666667 min).....[85](7.735666666666666 min).....[90](8.1067 min).....[95](8.520583333333333 min).....[100](9.216883333333334 min).....[105](9.560866666666668 min).....[110](9.90345 min).....[115](10.231683333333333 min).....[120](10.958966666666667 min).....[125](11.295316666666668 min).....[130](11.696466666666668 min).....[135](12.03055 min).....[140](12.735666666666667 min).....[145](13.0927 min).....[150](13.471200000000001 min).....[155](13.772833333333333 min).....[160](14.496216666666667 min).....[165](14.831616666666667 min).....[170](15.203650000000001 min).....[175](15.53885 min).....[180](16.206533333333333 min).....[185](16.523416666666666 min).....[190](16.916150000000002 min).....[195](17.252983333333336 min).
La poblaci—n se encuentra en la 40 generaci—n
Poblaci—n:200
Evaluando poblaci—n:200
[0](0.30893333333333334 min).....[5](0.6334166666666667 min).....[10](0.8828166666666667 min).....[15](1.18435 min).....[20](1.8671666666666666 min).....[25](2.1755666666666666 min).....[30](2.4849166666666664 min).....[35](2.8083 min).....[40](3.4673833333333333 min).....[45](3.8014666666666668 min).....[50](4.156483333333333 min).....[55](4.473833333333333 min).....[60](5.1642166666666665 min).....[65](5.5028 min).....[70](5.8405499999999995 min).....[75](6.175766666666666 min).....[80](6.881866666666666 min).....[85](7.234766666666667 min).....[90](7.571533333333333 min).....[95](7.8998333333333335 min).....[100](8.571050000000001 min).....[105](8.890033333333333 min).....[110](9.166333333333334 min).....[115](9.514483333333335 min).....[120](10.2088 min).....[125](10.540833333333333 min).....[130](10.9244 min).....[135](11.278416666666667 min).....[140](11.956883333333334 min).....[145](12.327983333333332 min).....[150](12.676433333333334 min).....[155](13.003216666666667 min).....[160](13.687383333333335 min).....[165](14.058233333333334 min).....[170](14.432350000000001 min).....[175](14.776466666666666 min).....[180](15.51435 min).....[185](15.8315 min).....[190](16.175716666666666 min).....[195](16.55135 min).
La poblaci—n se encuentra en la 41 generaci—n
Poblaci—n:200
Evaluando poblaci—n:200
[0](0.26748333333333335 min).....[5](0.5489666666666667 min).....[10](0.866 min).....[15](1.2126 min).....[20](1.8469 min).....[25](2.1988833333333333 min).....[30](2.5694333333333335 min).....[35](2.87195 min).....[40](3.6052000000000004 min).....[45](3.9492166666666666 min).....[50](4.333349999999999 min).....[55](4.694633333333333 min).....[60](5.385033333333333 min).....[65](5.730916666666667 min).....[70](6.087416666666667 min).....[75](6.447733333333333 min).....[80](7.153083333333333 min).....[85](7.498933333333333 min).....[90](7.858016666666667 min).....[95](8.1881 min).....[100](8.930399999999999 min).....[105](9.279166666666667 min).....[110](9.629150000000001 min).....[115](9.965616666666667 min).....[120](10.694133333333333 min).....[125](11.018133333333333 min).....[130](11.358033333333333 min).....[135](11.67435 min).....[140](12.396666666666667 min).....[145](12.717433333333334 min).....[150](13.01655 min).....[155](13.332583333333334 min).....[160](14.068566666666667 min).....[165](14.387133333333333 min).....[170](14.725066666666667 min).....[175](15.053216666666666 min).....[180](15.7033 min).....[185](16.014 min).....[190](16.310666666666666 min).....[195](16.70061666666667 min).
La poblaci—n se encuentra en la 42 generaci—n
Poblaci—n:200
Evaluando poblaci—n:200
[0](0.32875000000000004 min).....[5](0.7107333333333333 min).....[10](1.1131833333333332 min).....[15](1.4956500000000001 min).....[20](2.2054833333333335 min).....[25](2.576216666666667 min).....[30](2.9148833333333335 min).....[35](3.338016666666667 min).....[40](4.04295 min).....[45](4.3871 min).....[50](4.721733333333333 min).....[55](5.065783333333333 min).....[60](5.76145 min).....[65](6.077233333333334 min).....[70](6.429383333333333 min).....[75](6.793533333333333 min).....[80](7.4701 min).....[85](7.80645 min).....[90](8.1912 min).....[95](8.532316666666667 min).....[100](9.266366666666666 min).....[105](9.654416666666666 min).....[110](10.00835 min).....[115](10.355366666666667 min).....[120](11.054483333333334 min).....[125](11.419866666666667 min).....[130](11.768066666666666 min).....[135](12.12575 min).....[140](12.880500000000001 min).....[145](13.274216666666666 min).....[150](13.659600000000001 min).....[155](14.0004 min).....[160](14.608049999999999 min).....[165](14.947366666666666 min).....[170](15.28135 min).....[175](15.595083333333333 min).....[180](16.186533333333333 min).....[185](16.458683333333333 min).....[190](16.800516666666667 min).....[195](17.107233333333333 min).
La poblaci—n se encuentra en la 43 generaci—n
Poblaci—n:200
Evaluando poblaci—n:200
[0](0.25765 min).....[5](0.52025 min).....[10](0.8564666666666666 min).....[15](1.2359833333333334 min).....[20](1.8167833333333334 min).....[25](2.1168333333333336 min).....[30](2.4249500000000004 min).....[35](2.71365 min).....[40](3.3146833333333334 min).....[45](3.6492333333333336 min).....[50](3.952116666666667 min).....[55](4.2887 min).....[60](4.91125 min).....[65](5.231616666666667 min).....[70](5.5527500000000005 min).....[75](5.819866666666667 min).....[80](6.4189 min).....[85](6.76815 min).....[90](7.075866666666667 min).....[95](7.410583333333333 min).....[100](8.030333333333333 min).....[105](8.3468 min).....[110](8.65955 min).....[115](8.939883333333334 min).....[120](9.546616666666667 min).....[125](9.859133333333334 min).....[130](10.118699999999999 min).....[135](10.4266 min).....[140](11.050583333333332 min).....[145](11.36335 min).....[150](11.654933333333334 min).....[155](11.955733333333335 min).....[160](12.595766666666666 min).....[165](12.914333333333333 min).....[170](13.214466666666668 min).....[175](13.550316666666667 min).....[180](14.29175 min).....[185](14.6309 min).....[190](14.983749999999999 min).....[195](15.276666666666667 min).
La poblaci—n se encuentra en la 44 generaci—n
Poblaci—n:200
Evaluando poblaci—n:200
[0](0.2665666666666667 min).....[5](0.5525 min).....[10](0.8591166666666666 min).....[15](1.0946833333333332 min).....[20](1.6775333333333333 min).....[25](1.9223 min).....[30](2.1996166666666666 min).....[35](2.4944333333333333 min).....[40](3.0567333333333333 min).....[45](3.3245 min).....[50](3.6252166666666668 min).....[55](3.88075 min).....[60](4.4486 min).....[65](4.74585 min).....[70](5.04425 min).....[75](5.323533333333333 min).....[80](5.9536999999999995 min).....[85](6.251733333333333 min).....[90](6.587416666666667 min).....[95](6.91935 min).....[100](7.482616666666667 min).....[105](7.745533333333333 min).....[110](8.085283333333333 min).....[115](8.3701 min).....[120](8.99285 min).....[125](9.329866666666668 min).....[130](9.611333333333333 min).....[135](9.922866666666666 min).....[140](10.545666666666667 min).....[145](10.789833333333332 min).....[150](11.07995 min).....[155](11.358433333333332 min).....[160](11.970966666666667 min).....[165](12.261466666666667 min).....[170](12.554333333333334 min).....[175](12.877933333333335 min).....[180](13.539233333333334 min).....[185](13.834216666666666 min).....[190](14.129633333333334 min).....[195](14.45265 min).
La poblaci—n se encuentra en la 45 generaci—n
Poblaci—n:200
Evaluando poblaci—n:200
[0](0.23361666666666667 min).....[5](0.4933666666666667 min).....[10](0.7473333333333334 min).....[15](1.0201333333333333 min).....[20](1.5679833333333333 min).....[25](1.8729 min).....[30](2.1640666666666664 min).....[35](2.396666666666667 min).....[40](2.9136499999999996 min).....[45](3.1754000000000002 min).....[50](3.4516333333333336 min).....[55](3.71795 min).....[60](4.2911166666666665 min).....[65](4.584366666666667 min).....[70](4.85165 min).....[75](5.102283333333333 min).....[80](5.73725 min).....[85](6.066916666666667 min).....[90](6.368016666666667 min).....[95](6.6882166666666665 min).....[100](7.341433333333333 min).....[105](7.66685 min).....[110](7.93865 min).....[115](8.216433333333333 min).....[120](8.87265 min).....[125](9.205416666666668 min).....[130](9.548016666666665 min).....[135](9.8897 min).....[140](10.488733333333332 min).....[145](10.758033333333334 min).....[150](11.022566666666668 min).....[155](11.327599999999999 min).....[160](11.914766666666667 min).....[165](12.216183333333333 min).....[170](12.542333333333334 min).....[175](12.86445 min).....[180](13.542933333333334 min).....[185](13.843616666666666 min).....[190](14.186433333333333 min).....[195](14.567716666666666 min).
La poblaci—n se encuentra en la 46 generaci—n
Poblaci—n:200
Evaluando poblaci—n:200
[0](0.2730666666666667 min).....[5](0.5446500000000001 min).....[10](0.8498166666666667 min).....[15](1.1016333333333332 min).....[20](1.6930833333333333 min).....[25](1.9919166666666668 min).....[30](2.2780666666666667 min).....[35](2.5852 min).....[40](3.1807166666666666 min).....[45](3.4653666666666667 min).....[50](3.7616333333333336 min).....[55](4.043833333333334 min).....[60](4.627683333333334 min).....[65](4.916683333333333 min).....[70](5.233266666666666 min).....[75](5.552683333333333 min).....[80](6.154816666666666 min).....[85](6.4900166666666665 min).....[90](6.760233333333333 min).....[95](7.0292666666666666 min).....[100](7.630883333333333 min).....[105](7.9851 min).....[110](8.275133333333333 min).....[115](8.535 min).....[120](9.1626 min).....[125](9.46305 min).....[130](9.768966666666667 min).....[135](10.012049999999999 min).....[140](10.622466666666666 min).....[145](10.94915 min).....[150](11.254583333333333 min).....[155](11.636183333333333 min).....[160](12.262233333333334 min).....[165](12.586566666666666 min).....[170](12.915 min).....[175](13.214699999999999 min).....[180](13.861916666666668 min).....[185](14.194666666666667 min).....[190](14.521516666666667 min).....[195](14.819783333333334 min).
La poblaci—n se encuentra en la 47 generaci—n
Poblaci—n:200
Evaluando poblaci—n:200
[0](0.2345833333333333 min).....[5](0.4880833333333333 min).....[10](0.7470666666666667 min).....[15](0.9941333333333334 min).....[20](1.4823333333333333 min).....[25](1.7515833333333333 min).....[30](2.0152666666666668 min).....[35](2.2529666666666666 min).....[40](2.767866666666667 min).....[45](3.0280666666666667 min).....[50](3.3434166666666667 min).....[55](3.6380666666666666 min).....[60](4.1982333333333335 min).....[65](4.543816666666667 min).....[70](4.825283333333333 min).....[75](5.119666666666666 min).....[80](5.7396666666666665 min).....[85](6.109633333333333 min).....[90](6.4059333333333335 min).....[95](6.7113 min).....[100](7.35725 min).....[105](7.667566666666667 min).....[110](7.990316666666667 min).....[115](8.252133333333333 min).....[120](8.897233333333332 min).....[125](9.228116666666667 min).....[130](9.518583333333334 min).....[135](9.811416666666666 min).....[140](10.378033333333333 min).....[145](10.667499999999999 min).....[150](10.963783333333334 min).....[155](11.245800000000001 min).....[160](11.78805 min).....[165](12.095433333333334 min).....[170](12.419983333333333 min).....[175](12.742616666666667 min).....[180](13.303666666666667 min).....[185](13.6353 min).....[190](13.933033333333332 min).....[195](14.209166666666667 min).
La poblaci—n se encuentra en la 48 generaci—n
Poblaci—n:200
Evaluando poblaci—n:200
[0](0.2780666666666667 min).....[5](0.5495833333333333 min).....[10](0.7834166666666668 min).....[15](1.06545 min).....[20](1.6696333333333333 min).....[25](1.9882 min).....[30](2.2933833333333333 min).....[35](2.5984 min).....[40](3.1481666666666666 min).....[45](3.435583333333333 min).....[50](3.7089833333333333 min).....[55](3.9744333333333333 min).....[60](4.586116666666666 min).....[65](4.89565 min).....[70](5.169383333333333 min).....[75](5.45455 min).....[80](6.075333333333333 min).....[85](6.327066666666667 min).....[90](6.604466666666666 min).....[95](6.869516666666667 min).....[100](7.443700000000001 min).....[105](7.7523833333333325 min).....[110](7.978066666666667 min).....[115](8.3034 min).....[120](8.857266666666668 min).....[125](9.109133333333334 min).....[130](9.398200000000001 min).....[135](9.655716666666667 min).....[140](10.21365 min).....[145](10.495049999999999 min).....[150](10.747883333333334 min).....[155](11.029433333333333 min).....[160](11.570733333333333 min).....[165](11.847133333333334 min).....[170](12.07615 min).....[175](12.36315 min).....[180](12.948566666666666 min).....[185](13.241449999999999 min).....[190](13.518783333333333 min).....[195](13.799383333333333 min).
La poblaci—n se encuentra en la 49 generaci—n
Poblaci—n:200
Evaluando poblaci—n:200
[0](0.24018333333333333 min).....[5](0.5363833333333333 min).....[10](0.8145 min).....[15](1.0410666666666666 min).....[20](1.5653000000000001 min).....[25](1.87545 min).....[30](2.19645 min).....[35](2.508366666666667 min).....[40](3.1419333333333332 min).....[45](3.4620166666666665 min).....[50](3.8000166666666666 min).....[55](4.099666666666667 min).....[60](4.770216666666667 min).....[65](5.06175 min).....[70](5.363283333333333 min).....[75](5.63825 min).....[80](6.294700000000001 min).....[85](6.63575 min).....[90](7.026383333333333 min).....[95](7.344449999999999 min).....[100](7.958349999999999 min).....[105](8.270333333333333 min).....[110](8.5641 min).....[115](8.9253 min).....[120](9.6855 min).....[125](9.9884 min).....[130](10.345133333333333 min).....[135](10.644066666666667 min).....[140](11.229099999999999 min).....[145](11.536583333333335 min).....[150](11.875766666666667 min).....[155](12.161583333333335 min).....[160](12.864550000000001 min).....[165](13.187766666666667 min).....[170](13.5496 min).....[175](13.854083333333334 min).....[180](14.562266666666666 min).....[185](14.928533333333332 min).....[190](15.284516666666667 min).....[195](15.616000000000001 min).
La poblaci—n se encuentra en la 50 generaci—n
Poblaci—n:200
Evaluando poblaci—n:200
[0](0.3032833333333333 min).....[5](0.6486833333333333 min).....[10](0.9527 min).....[15](1.2734333333333334 min).....[20](1.9671166666666666 min).....[25](2.3066833333333334 min).....[30](2.632166666666667 min).....[35](2.966616666666667 min).....[40](3.6055333333333333 min).....[45](3.9406166666666667 min).....[50](4.2662 min).....[55](4.568866666666667 min).....[60](5.241866666666667 min).....[65](5.513166666666667 min).....[70](5.8463666666666665 min).....[75](6.171233333333333 min).....[80](6.837633333333333 min).....[85](7.199016666666666 min).....[90](7.490033333333333 min).....[95](7.845016666666667 min).....[100](8.437783333333334 min).....[105](8.788716666666666 min).....[110](9.140816666666666 min).....[115](9.522383333333332 min).....[120](10.19835 min).....[125](10.529433333333333 min)...#..[130](10.8433 min).....[135](11.182516666666666 min).....[140](11.900466666666667 min).....[145](12.182183333333334 min).....[150](12.5215 min)..#...[155](12.793716666666667 min).....[160](13.495916666666666 min).....[165](13.949716666666665 min).....[170](14.217216666666667 min).....[175](14.536666666666667 min).....[180](15.113850000000001 min).....[185](15.496333333333332 min).....[190](15.8161 min).....[195](16.18945 min).
La poblaci—n se encuentra en la 51 generaci—n
Poblaci—n:200
Evaluando poblaci—n:200
[0](0.3279833333333333 min).....[5](0.6796833333333333 min).....[10](1.0142166666666668 min).....[15](1.3194333333333332 min).....[20](1.9305999999999999 min).....[25](2.2623666666666664 min).....[30](2.586516666666667 min).....[35](2.9552 min).....[40](3.6080666666666668 min).....[45](3.9422166666666665 min)...#..[50](4.19485 min).....[55](4.546483333333333 min).....[60](5.237116666666666 min).....[65](5.5703000000000005 min).....[70](5.865516666666666 min).....[75](6.190833333333333 min).....[80](6.80905 min).....[85](7.1037 min).....[90](7.39255 min).....[95](7.720216666666667 min).....[100](8.45915 min).....[105](8.762516666666667 min).....[110](9.153433333333334 min).....[115](9.504833333333332 min).....[120](10.170800000000002 min).....[125](10.514583333333333 min).....[130](10.839616666666666 min).....[135](11.120383333333333 min).....[140](11.7024 min).....[145](11.968483333333333 min).....[150](12.223 min).....[155](12.503083333333333 min).....[160](13.097000000000001 min).....[165](13.397766666666666 min).....[170](13.679083333333333 min).....[175](13.964433333333334 min).....[180](14.5131 min).....[185](14.812083333333334 min).....[190](15.086883333333333 min).....[195](15.374416666666667 min).
La poblaci—n se encuentra en la 52 generaci—n
Poblaci—n:200
Evaluando poblaci—n:200
[0](0.2809666666666667 min).....[5](0.57855 min).....[10](0.86385 min).....[15](1.1368333333333331 min).....[20](1.6841000000000002 min).....[25](1.9819166666666668 min).....[30](2.246383333333333 min).....[35](2.51885 min).....[40](3.099883333333333 min).....[45](3.34365 min).....[50](3.5872333333333333 min).....[55](3.874283333333333 min).....[60](4.4818999999999996 min).....[65](4.747816666666667 min).....[70](5.000566666666667 min).....[75](5.314633333333333 min).....[80](5.871766666666667 min).....[85](6.141183333333333 min).....[90](6.41385 min).....[95](6.661333333333333 min).....[100](7.2438666666666665 min).....[105](7.536016666666667 min).....[110](7.815183333333334 min).....[115](8.140316666666667 min).....[120](8.705466666666666 min).....[125](8.991816666666667 min).....[130](9.27445 min).....[135](9.560366666666665 min).....[140](10.1032 min).....[145](10.364783333333332 min).....[150](10.665249999999999 min).....[155](10.931700000000001 min).....[160](11.493616666666666 min).....[165](11.829983333333333 min).....[170](12.126116666666666 min).....[175](12.423583333333333 min).....[180](12.969166666666666 min).....[185](13.253549999999999 min).....[190](13.523583333333333 min).....[195](13.8221 min).
La poblaci—n se encuentra en la 53 generaci—n
Poblaci—n:200
Evaluando poblaci—n:200
[0](0.26940000000000003 min).....[5](0.54735 min).....[10](0.8288666666666666 min).....[15](1.1090166666666665 min).....[20](1.7049333333333334 min).....[25](2.0109666666666666 min).....[30](2.2873 min).....[35](2.566616666666667 min).....[40](3.114516666666667 min).....[45](3.3964 min).....[50](3.68195 min).....[55](3.9595333333333333 min).....[60](4.5163 min).....[65](4.839416666666667 min).....[70](5.113366666666667 min).....[75](5.415366666666667 min).....[80](5.973433333333333 min).....[85](6.233483333333334 min).....[90](6.528566666666666 min).....[95](6.802783333333333 min).....[100](7.3012999999999995 min).....[105](7.556316666666667 min).....[110](7.8387166666666666 min).....[115](8.138216666666667 min).....[120](8.651783333333332 min).....[125](8.957266666666667 min).....[130](9.275833333333333 min).....[135](9.540333333333333 min).....[140](10.13255 min)....