19,24,42,97
19
Empezando algoritmo gentico con los siguientes par‡metros
==============================================================
Factor mutaci—n: 0.02
Factor crossover: 0.6
Total generaciones: 20
Tama–o poblaci—n: 200
Nœmero individuos torneo: 2
Cantidad de individuos elitimo: 4
Utilizando 4 hebras simultaneas para evaluaciones.
Evaluando los siguientes mapas {Mapas:19.0,24.0,42.0,97.0,}
Inicializando poblaci—n
Evaluando poblaci—n:200
[0](0.35568333333333335 min).....[5](0.6662833333333332 min).....[10](1.0354833333333333 min).....[15](1.3159333333333334 min).....[20](1.98635 min).....[25](2.3461 min).....[30](2.6791666666666667 min).....[35](3.01705 min).....[40](3.6945333333333332 min).....[45](4.017566666666666 min).....[50](4.3375 min).....[55](4.642133333333334 min).....[60](5.3131 min).....[65](5.641983333333333 min).....[70](5.970466666666667 min).....[75](6.32505 min).....[80](6.9897 min).....[85](7.330666666666667 min).....[90](7.6771666666666665 min).....[95](7.9783833333333325 min).....[100](8.662116666666666 min).....[105](8.996966666666667 min).....[110](9.322066666666666 min).....[115](9.648516666666666 min).....[120](10.291400000000001 min).....[125](10.633833333333333 min).....[130](10.9839 min).....[135](11.316666666666666 min).....[140](11.984816666666667 min).....[145](12.335566666666667 min).....[150](12.6686 min).....[155](12.980433333333334 min).....[160](13.662683333333332 min).....[165](13.999616666666666 min).....[170](14.339866666666667 min).....[175](14.714 min).....[180](15.420383333333332 min).....[185](15.749016666666668 min).....[190](16.0882 min).....[195](16.42995 min).
 Ajustando poblaci—n
Almacenando informaci—n sobre individuos
La poblaci—n se encuentra en la 1 generaci—n
Poblaci—n:200
Evaluando poblaci—n:200
[0](0.32811666666666667 min).....[5](0.6629666666666666 min).....[10](0.98315 min).....[15](1.3227166666666668 min).....[20](1.9969499999999998 min).....[25](2.33385 min).....[30](2.6799833333333334 min).....[35](2.9942333333333333 min).....[40](3.620816666666667 min).....[45](3.937 min).....[50](4.226466666666666 min).....[55](4.5732 min).....[60](5.242866666666667 min).....[65](5.589966666666667 min).....[70](5.937333333333333 min).....[75](6.2706333333333335 min).....[80](6.982033333333334 min).....[85](7.313183333333333 min).....[90](7.652916666666667 min).....[95](7.9893833333333335 min).....[100](8.697883333333333 min).....[105](9.030683333333334 min).....[110](9.3601 min).....[115](9.718150000000001 min).....[120](10.390733333333333 min).....[125](10.721133333333334 min).....[130](11.058966666666667 min).....[135](11.397716666666668 min).....[140](12.064333333333334 min).....[145](12.393016666666666 min).....[150](12.714283333333332 min).....[155](13.05705 min).....[160](13.743766666666666 min).....[165](14.086216666666667 min).....[170](14.4495 min).....[175](14.816083333333333 min).....[180](15.504216666666668 min).....[185](15.84645 min).....[190](16.186249999999998 min).....[195](16.5273 min).
La poblaci—n se encuentra en la 2 generaci—n
Poblaci—n:200
Evaluando poblaci—n:200
[0](0.33531666666666665 min).....[5](0.7002166666666666 min).....[10](1.0204166666666667 min).....[15](1.3603666666666667 min).....[20](2.03395 min).....[25](2.370883333333333 min).....[30](2.7018166666666668 min).....[35](3.0270333333333337 min).....[40](3.70675 min).....[45](4.006483333333334 min).....[50](4.314666666666667 min).....[55](4.646816666666667 min).....[60](5.318516666666667 min).....[65](5.652566666666667 min).....[70](6.0124 min).....[75](6.347166666666666 min).....[80](7.019183333333333 min).....[85](7.3464833333333335 min).....[90](7.680733333333333 min).....[95](8.01165 min).....[100](8.687983333333333 min).....[105](9.038366666666667 min).....[110](9.3634 min).....[115](9.710633333333334 min).....[120](10.380566666666665 min).....[125](10.72895 min).....[130](11.0633 min).....[135](11.398383333333333 min).....[140](12.0788 min).....[145](12.4217 min).....[150](12.749716666666666 min).....[155](13.0858 min).....[160](13.754716666666667 min).....[165](14.103299999999999 min).....[170](14.43965 min).....[175](14.780333333333335 min).....[180](15.468716666666667 min).....[185](15.81115 min).....[190](16.150716666666668 min).....[195](16.49285 min).
La poblaci—n se encuentra en la 3 generaci—n
Poblaci—n:200
Evaluando poblaci—n:200
[0](0.34018333333333334 min).....[5](0.6743166666666667 min).....[10](1.0043833333333334 min).....[15](1.3465 min).....[20](2.0191833333333333 min).....[25](2.3615166666666667 min).....[30](2.6770666666666667 min).....[35](2.992233333333333 min).....[40](3.67185 min).....[45](3.9891833333333335 min).....[50](4.314166666666667 min).....[55](4.6472 min).....[60](5.344433333333333 min).....[65](5.658716666666667 min).....[70](5.982483333333334 min).....[75](6.2421 min).....[80](6.881983333333333 min).....[85](7.218933333333334 min).....[90](7.564850000000001 min).....[95](7.901466666666667 min).....[100](8.580683333333333 min).....[105](8.910950000000001 min).....[110](9.23845 min).....[115](9.580216666666667 min).....[120](10.245683333333334 min).....[125](10.590266666666668 min).....[130](10.913983333333334 min).....[135](11.231083333333334 min).....[140](11.910516666666666 min).....[145](12.267433333333335 min).....[150](12.637116666666666 min).....[155](12.986233333333333 min).....[160](13.67665 min).....[165](14.019266666666665 min).....[170](14.387400000000001 min).....[175](14.7348 min).....[180](15.4461 min).....[185](15.7939 min).....[190](16.147983333333332 min).....[195](16.497466666666664 min).
La poblaci—n se encuentra en la 4 generaci—n
Poblaci—n:200
Evaluando poblaci—n:200
[0](0.3214166666666667 min).....[5](0.6518333333333334 min).....[10](0.9862166666666667 min).....[15](1.3403333333333334 min).....[20](2.0005333333333333 min).....[25](2.3529833333333334 min).....[30](2.7131166666666666 min).....[35](3.0534000000000003 min).....[40](3.690433333333333 min).....[45](4.01575 min).....[50](4.405 min).....[55](4.73665 min).....[60](5.402333333333333 min).....[65](5.734 min).....[70](6.084783333333333 min).....[75](6.433483333333333 min).....[80](7.149183333333334 min).....[85](7.500566666666667 min).....[90](7.8850999999999996 min).....[95](8.246433333333334 min).....[100](8.973899999999999 min).....[105](9.322366666666666 min).....[110](9.653283333333333 min).....[115](9.984383333333334 min).....[120](10.654983333333332 min).....[125](10.988850000000001 min).....[130](11.333616666666668 min).....[135](11.672883333333335 min).....[140](12.337666666666667 min).....[145](12.6826 min).....[150](13.028133333333333 min).....[155](13.367099999999999 min).....[160](14.045016666666667 min).....[165](14.386283333333333 min).....[170](14.751883333333334 min).....[175](15.099033333333333 min).....[180](15.77515 min).....[185](16.130399999999998 min).....[190](16.471333333333334 min).....[195](16.837383333333335 min).
La poblaci—n se encuentra en la 5 generaci—n
Poblaci—n:200
Evaluando poblaci—n:200
[0](0.32458333333333333 min).....[5](0.6795666666666667 min).....[10](1.00455 min).....[15](1.3432166666666667 min).....[20](2.02985 min).....[25](2.3694166666666665 min).....[30](2.7025333333333332 min).....[35](3.03135 min).....[40](3.7259 min).....[45](4.060833333333333 min).....[50](4.389866666666666 min).....[55](4.727766666666667 min).....[60](5.347683333333333 min).....[65](5.697533333333333 min).....[70](6.021416666666667 min).....[75](6.332833333333334 min).....[80](7.004616666666666 min).....[85](7.326333333333333 min).....[90](7.652983333333333 min).....[95](7.9958833333333335 min).....[100](8.660066666666667 min).....[105](9.0247 min).....[110](9.370433333333333 min).....[115](9.714083333333333 min).....[120](10.417666666666666 min).....[125](10.766216666666667 min).....[130](11.109566666666666 min).....[135](11.445333333333334 min).....[140](12.11715 min).....[145](12.455833333333334 min).....[150](12.827933333333334 min).....[155](13.155833333333334 min).....[160](13.862633333333333 min).....[165](14.206583333333333 min).....[170](14.5506 min).....[175](14.905416666666667 min).....[180](15.64245 min).....[185](15.979883333333333 min).....[190](16.3263 min).....[195](16.682683333333333 min).
La poblaci—n se encuentra en la 6 generaci—n
Poblaci—n:200
Evaluando poblaci—n:200
[0](0.3314666666666667 min).....[5](0.6897166666666668 min).....[10](1.0194833333333333 min).....[15](1.3558999999999999 min).....[20](2.07015 min).....[25](2.4071333333333333 min).....[30](2.7647833333333334 min).....[35](3.1193833333333334 min).....[40](3.8236666666666665 min).....[45](4.182716666666667 min).....[50](4.498966666666666 min).....[55](4.843083333333333 min).....[60](5.58135 min).....[65](5.872883333333333 min).....[70](6.191 min).....[75](6.527733333333333 min).....[80](7.25215 min).....[85](7.61645 min).....[90](7.933533333333333 min).....[95](8.277333333333333 min).....[100](9.022466666666666 min).....[105](9.35675 min).....[110](9.681566666666667 min).....[115](10.037616666666667 min).....[120](10.767366666666668 min).....[125](11.113316666666666 min).....[130](11.475083333333334 min).....[135](11.838583333333334 min).....[140](12.544783333333333 min).....[145](12.878533333333333 min).....[150](13.22685 min).....[155](13.568183333333334 min).....[160](14.292966666666667 min).....[165](14.648916666666667 min).....[170](15.008683333333332 min).....[175](15.3617 min).....[180](16.108700000000002 min).....[185](16.461033333333333 min).....[190](16.815099999999997 min).....[195](17.158916666666666 min).
La poblaci—n se encuentra en la 7 generaci—n
Poblaci—n:200
Evaluando poblaci—n:200
[0](0.35109999999999997 min).....[5](0.68655 min).....[10](1.0203833333333334 min).....[15](1.3373333333333333 min).....[20](2.055833333333333 min).....[25](2.4051666666666667 min).....[30](2.7457166666666666 min).....[35](3.0974999999999997 min).....[40](3.8036833333333333 min).....[45](4.153683333333333 min).....[50](4.50765 min).....[55](4.868250000000001 min).....[60](5.590616666666667 min).....[65](5.944500000000001 min).....[70](6.251683333333333 min).....[75](6.584216666666666 min).....[80](7.2980833333333335 min).....[85](7.633983333333333 min).....[90](7.967066666666667 min).....[95](8.3175 min).....[100](9.02725 min).....[105](9.377566666666667 min).....[110](9.734166666666665 min).....[115](10.0914 min).....[120](10.847483333333335 min).....[125](11.211816666666666 min).....[130](11.583833333333333 min).....[135](11.949283333333334 min).....[140](12.67085 min).....[145](13.01475 min).....[150](13.367183333333333 min).....[155](13.72155 min).....[160](14.42005 min).....[165](14.77375 min).....[170](15.133999999999999 min).....[175](15.469916666666668 min).....[180](16.157183333333332 min).....[185](16.500133333333334 min).....[190](16.854166666666668 min).....[195](17.223650000000003 min).
La poblaci—n se encuentra en la 8 generaci—n
Poblaci—n:200
Evaluando poblaci—n:200
[0](0.3529666666666667 min).....[5](0.6719833333333334 min).....[10](1.0186333333333333 min).....[15](1.3791166666666668 min).....[20](2.097183333333333 min).....[25](2.44265 min).....[30](2.804133333333333 min).....[35](3.1358166666666665 min).....[40](3.8190666666666666 min).....[45](4.1662333333333335 min).....[50](4.5161 min).....[55](4.861566666666667 min).....[60](5.547933333333333 min).....[65](5.8768 min).....[70](6.219816666666667 min).....[75](6.580733333333333 min).....[80](7.292066666666667 min).....[85](7.651016666666666 min).....[90](8.003400000000001 min).....[95](8.37115 min).....[100](9.0909 min).....[105](9.427366666666668 min).....[110](9.783483333333333 min).....[115](10.14265 min).....[120](10.850766666666667 min).....[125](11.209866666666667 min).....[130](11.555283333333334 min).....[135](11.930183333333334 min).....[140](12.661766666666667 min).....[145](13.08085 min).....[150](13.416699999999999 min).....[155](13.781483333333334 min).....[160](14.501683333333334 min).....[165](14.872133333333332 min).....[170](15.216299999999999 min).....[175](15.5547 min).....[180](16.2584 min).....[185](16.613533333333333 min).....[190](16.952366666666666 min).....[195](17.30835 min).
La poblaci—n se encuentra en la 9 generaci—n
Poblaci—n:200
Evaluando poblaci—n:200
[0](0.34685 min).....[5](0.6865 min).....[10](1.0267666666666666 min).....[15](1.38915 min).....[20](2.112016666666667 min).....[25](2.4799166666666665 min).....[30](2.817266666666667 min).....[35](3.1606 min).....[40](3.892233333333333 min).....[45](4.231 min).....[50](4.582833333333334 min).....[55](4.928483333333333 min).....[60](5.636583333333333 min).....[65](5.991866666666667 min).....[70](6.36595 min).....[75](6.73085 min).....[80](7.4185 min).....[85](7.77545 min).....[90](8.133783333333334 min).....[95](8.502316666666667 min).....[100](9.200433333333333 min).....[105](9.5411 min).....[110](9.88235 min).....[115](10.24125 min).....[120](10.9326 min).....[125](11.282133333333332 min).....[130](11.635233333333334 min).....[135](11.99205 min).....[140](12.697183333333333 min).....[145](13.034500000000001 min).....[150](13.395366666666666 min).....[155](13.77215 min).....[160](14.498816666666666 min).....[165](14.858016666666666 min).....[170](15.21755 min).....[175](15.570733333333333 min).....[180](16.292316666666668 min).....[185](16.668666666666667 min).....[190](17.018366666666665 min).....[195](17.376516666666664 min).
La poblaci—n se encuentra en la 10 generaci—n
Poblaci—n:200
Evaluando poblaci—n:200
[0](0.34631666666666666 min).....[5](0.7232500000000001 min).....[10](1.07415 min).....[15](1.4124166666666667 min).....[20](2.13255 min).....[25](2.498883333333333 min).....[30](2.8389 min).....[35](3.2130333333333336 min).....[40](3.9082166666666667 min).....[45](4.244783333333333 min).....[50](4.570716666666667 min).....[55](4.905216666666666 min).....[60](5.6104666666666665 min).....[65](5.965516666666667 min).....[70](6.306866666666666 min).....[75](6.652866666666667 min).....[80](7.376633333333333 min).....[85](7.7404166666666665 min).....[90](8.0919 min).....[95](8.430116666666667 min).....[100](9.159516666666667 min).....[105](9.500883333333332 min).....[110](9.8512 min).....[115](10.200666666666667 min).....[120](10.910400000000001 min).....[125](11.264066666666668 min).....[130](11.603066666666667 min).....[135](11.976383333333333 min).....[140](12.684883333333334 min).....[145](13.04665 min).....[150](13.40715 min).....[155](13.742283333333335 min).....[160](14.44215 min).....[165](14.78165 min).....[170](15.1488 min).....[175](15.506133333333334 min).....[180](16.2329 min).....[185](16.5894 min).....[190](16.940099999999997 min).....[195](17.291816666666666 min).
La poblaci—n se encuentra en la 11 generaci—n
Poblaci—n:200
Evaluando poblaci—n:200
[0](0.32093333333333335 min).....[5](0.6836 min).....[10](1.0297666666666667 min).....[15](1.3667666666666667 min).....[20](2.0784333333333334 min).....[25](2.4420333333333333 min).....[30](2.794433333333333 min).....[35](3.1606333333333336 min).....[40](3.8774333333333333 min).....[45](4.2561 min).....[50](4.5959 min).....[55](4.963616666666667 min).....[60](5.687983333333333 min).....[65](6.0812333333333335 min).....[70](6.43535 min).....[75](6.777383333333333 min).....[80](7.539199999999999 min).....[85](7.89045 min).....[90](8.258583333333332 min).....[95](8.6189 min).....[100](9.323450000000001 min).....[105](9.67685 min).....[110](10.0344 min).....[115](10.394116666666667 min).....[120](11.091933333333333 min).....[125](11.444733333333334 min).....[130](11.813416666666665 min).....[135](12.15545 min).....[140](12.882366666666666 min).....[145](13.234866666666667 min).....[150](13.5944 min).....[155](13.9445 min).....[160](14.65235 min).....[165](15.001283333333333 min).....[170](15.353266666666666 min).....[175](15.710116666666666 min).....[180](16.42205 min).....[185](16.767 min).....[190](17.118 min).....[195](17.508950000000002 min).
La poblaci—n se encuentra en la 12 generaci—n
Poblaci—n:200
Evaluando poblaci—n:200
[0](0.33953333333333335 min).....[5](0.6747333333333334 min).....[10](1.0198166666666666 min).....[15](1.3794833333333334 min).....[20](2.094933333333333 min).....[25](2.46555 min).....[30](2.8085 min).....[35](3.1634 min).....[40](3.877933333333333 min).....[45](4.237116666666667 min).....[50](4.588883333333333 min).....[55](4.959633333333333 min).....[60](5.683283333333334 min).....[65](6.0268999999999995 min).....[70](6.379033333333334 min).....[75](6.745733333333334 min).....[80](7.441233333333333 min).....[85](7.79375 min).....[90](8.157166666666667 min).....[95](8.500183333333334 min).....[100](9.195666666666666 min).....[105](9.538783333333333 min).....[110](9.8831 min).....[115](10.245433333333333 min).....[120](10.938733333333333 min).....[125](11.292066666666667 min).....[130](11.6363 min).....[135](12.006733333333333 min).....[140](12.718616666666666 min).....[145](13.070283333333332 min).....[150](13.425749999999999 min).....[155](13.776766666666667 min).....[160](14.461616666666666 min).....[165](14.792833333333334 min).....[170](15.160449999999999 min).....[175](15.512916666666666 min).....[180](16.237933333333334 min).....[185](16.585633333333334 min).....[190](16.929483333333334 min).....[195](17.274866666666664 min).
La poblaci—n se encuentra en la 13 generaci—n
Poblaci—n:200
Evaluando poblaci—n:200
[0](0.3706333333333333 min).....[5](0.7000833333333334 min).....[10](1.0040833333333332 min).....[15](1.3579166666666667 min).....[20](2.0448666666666666 min).....[25](2.3969666666666667 min).....[30](2.7509666666666663 min).....[35](3.0949166666666668 min).....[40](3.8013 min).....[45](4.148383333333333 min).....[50](4.505750000000001 min).....[55](4.842533333333334 min).....[60](5.557033333333334 min).....[65](5.917050000000001 min).....[70](6.267933333333334 min).....[75](6.627233333333334 min).....[80](7.3053333333333335 min).....[85](7.649033333333334 min).....[90](7.996966666666666 min).....[95](8.33705 min).....[100](9.060733333333333 min).....[105](9.392883333333334 min).....[110](9.73205 min).....[115](10.092583333333332 min).....[120](10.766933333333332 min).....[125](11.100416666666666 min).....[130](11.435666666666666 min).....[135](11.774516666666667 min).....[140](12.470650000000001 min).....[145](12.806866666666668 min).....[150](13.149783333333334 min).....[155](13.507399999999999 min).....[160](14.195549999999999 min).....[165](14.539950000000001 min).....[170](14.873916666666666 min).....[175](15.217466666666667 min).....[180](15.920916666666667 min).....[185](16.273633333333333 min).....[190](16.638533333333335 min).....[195](16.980983333333334 min).
La poblaci—n se encuentra en la 14 generaci—n
Poblaci—n:200
Evaluando poblaci—n:200
[0](0.3359 min).....[5](0.6600833333333332 min).....[10](0.9967666666666666 min).....[15](1.3242 min).....[20](2.0230833333333336 min).....[25](2.361616666666667 min).....[30](2.7063333333333333 min).....[35](3.03235 min).....[40](3.7135000000000002 min).....[45](4.044983333333334 min).....[50](4.38195 min).....[55](4.7107833333333335 min).....[60](5.3956333333333335 min).....[65](5.73425 min).....[70](6.0457 min).....[75](6.38235 min).....[80](7.063233333333333 min).....[85](7.375116666666667 min).....[90](7.71495 min).....[95](8.055566666666667 min).....[100](8.722783333333332 min).....[105](9.085849999999999 min).....[110](9.432283333333334 min).....[115](9.757966666666666 min).....[120](10.46205 min).....[125](10.813216666666667 min).....[130](11.145333333333333 min).....[135](11.515333333333333 min).....[140](12.179066666666667 min).....[145](12.5257 min).....[150](12.869916666666667 min).....[155](13.246749999999999 min).....[160](13.968316666666668 min).....[165](14.3178 min).....[170](14.699016666666667 min).....[175](15.045566666666668 min).....[180](15.705016666666667 min).....[185](16.0572 min).....[190](16.436683333333335 min).....[195](16.773533333333333 min).
La poblaci—n se encuentra en la 15 generaci—n
Poblaci—n:200
Evaluando poblaci—n:200
[0](0.31033333333333335 min).....[5](0.6188333333333333 min).....[10](0.9542833333333333 min).....[15](1.2941833333333332 min).....[20](1.9570833333333333 min).....[25](2.2706999999999997 min).....[30](2.606933333333333 min).....[35](2.9306833333333335 min).....[40](3.61845 min).....[45](3.961 min).....[50](4.278283333333333 min).....[55](4.6308 min).....[60](5.25775 min).....[65](5.596883333333333 min).....[70](5.925299999999999 min).....[75](6.2710333333333335 min).....[80](6.91605 min).....[85](7.261316666666667 min).....[90](7.5954 min).....[95](7.9274000000000004 min).....[100](8.556583333333332 min).....[105](8.874083333333335 min).....[110](9.202083333333333 min).....[115](9.537849999999999 min).....[120](10.191033333333333 min).....[125](10.515383333333334 min).....[130](10.84745 min).....[135](11.211683333333333 min).....[140](11.870033333333334 min).....[145](12.214183333333333 min).....[150](12.54335 min).....[155](12.907566666666666 min).....[160](13.587883333333334 min).....[165](13.92175 min).....[170](14.265266666666667 min).....[175](14.6238 min).....[180](15.270033333333334 min).....[185](15.592683333333333 min).....[190](15.91545 min).....[195](16.2816 min).
La poblaci—n se encuentra en la 16 generaci—n
Poblaci—n:200
Evaluando poblaci—n:200
[0](0.31799999999999995 min).....[5](0.6548833333333334 min).....[10](0.9783333333333334 min).....[15](1.28335 min).....[20](1.9178833333333332 min).....[25](2.2293833333333333 min).....[30](2.5670166666666665 min).....[35](2.8884 min).....[40](3.5441833333333337 min).....[45](3.8825 min).....[50](4.196816666666667 min).....[55](4.546449999999999 min).....[60](5.228183333333333 min).....[65](5.557066666666667 min).....[70](5.91005 min).....[75](6.239283333333334 min).....[80](6.904866666666666 min).....[85](7.237816666666666 min).....[90](7.5775 min).....[95](7.9208 min).....[100](8.586450000000001 min).....[105](8.919316666666667 min).....[110](9.253016666666667 min).....[115](9.591216666666666 min).....[120](10.25735 min).....[125](10.5991 min).....[130](10.929366666666665 min).....[135](11.278816666666668 min).....[140](11.926883333333334 min).....[145](12.25825 min).....[150](12.5961 min).....[155](12.926566666666668 min).....[160](13.611983333333335 min).....[165](13.948416666666667 min).....[170](14.290783333333334 min).....[175](14.647183333333334 min).....[180](15.365116666666667 min).....[185](15.710283333333333 min).....[190](16.050866666666668 min).....[195](16.414066666666667 min).
La poblaci—n se encuentra en la 17 generaci—n
Poblaci—n:200
Evaluando poblaci—n:200
[0](0.3181 min).....[5](0.6484000000000001 min).....[10](0.98155 min).....[15](1.30925 min).....[20](1.94125 min).....[25](2.2525166666666667 min).....[30](2.579733333333333 min).....[35](2.90155 min).....[40](3.5595 min).....[45](3.880133333333333 min).....[50](4.1988 min).....[55](4.5290333333333335 min).....[60](5.209433333333333 min).....[65](5.534000000000001 min).....[70](5.854966666666667 min).....[75](6.179033333333334 min).....[80](6.831933333333334 min).....[85](7.160466666666666 min).....[90](7.479666666666666 min).....[95](7.800966666666667 min).....[100](8.4731 min).....[105](8.804633333333333 min).....[110](9.133366666666666 min).....[115](9.47165 min).....[120](10.144083333333333 min).....[125](10.472866666666667 min).....[130](10.7953 min).....[135](11.115066666666667 min).....[140](11.78745 min).....[145](12.132516666666668 min).....[150](12.454616666666668 min).....[155](12.790766666666666 min).....[160](13.44995 min).....[165](13.795166666666667 min).....[170](14.13075 min).....[175](14.472633333333333 min).....[180](15.16375 min).....[185](15.505583333333334 min).....[190](15.845616666666666 min).....[195](16.184516666666667 min).
La poblaci—n se encuentra en la 18 generaci—n
Poblaci—n:200
Evaluando poblaci—n:200
[0](0.33135 min).....[5](0.66445 min).....[10](0.9799 min).....[15](1.27505 min).....[20](1.9332500000000001 min).....[25](2.2586333333333335 min).....[30](2.5897833333333335 min).....[35](2.9225833333333333 min).....[40](3.5929333333333333 min).....[45](3.9130666666666665 min).....[50](4.2214833333333335 min).....[55](4.535033333333333 min).....[60](5.2142 min).....[65](5.547483333333333 min).....[70](5.880716666666667 min).....[75](6.2062333333333335 min).....[80](6.886783333333333 min).....[85](7.2184333333333335 min).....[90](7.548150000000001 min).....[95](7.8889000000000005 min).....[100](8.55095 min).....[105](8.889616666666665 min).....[110](9.216800000000001 min).....[115](9.556233333333333 min).....[120](10.250883333333332 min).....[125](10.585633333333334 min).....[130](10.923283333333334 min).....[135](11.25055 min).....[140](11.95295 min).....[145](12.3015 min).....[150](12.645033333333334 min).....[155](12.990649999999999 min).....[160](13.657649999999999 min).....[165](13.990283333333334 min).....[170](14.321066666666667 min).....[175](14.6454 min).....[180](15.328650000000001 min).....[185](15.681166666666666 min).....[190](16.030616666666667 min).....[195](16.37118333333333 min).
La poblaci—n se encuentra en la 19 generaci—n
Poblaci—n:200
Evaluando poblaci—n:200
[0](0.34475 min).....[5](0.6791666666666667 min).....[10](0.99115 min).....[15](1.3317 min).....[20](2.0062166666666665 min).....[25](2.33075 min).....[30](2.6784499999999998 min).....[35](3.0142333333333338 min).....[40](3.7018833333333334 min).....[45](4.027566666666667 min).....[50](4.376116666666666 min).....[55](4.717466666666667 min).....[60](5.389716666666667 min).....[65](5.712733333333333 min).....[70](6.0569 min).....[75](6.3754 min).....[80](7.043633333333333 min).....[85](7.3854999999999995 min).....[90](7.726866666666667 min).....[95](8.057233333333334 min).....[100](8.736483333333332 min).....[105](9.075816666666666 min).....[110](9.420133333333332 min).....[115](9.764566666666667 min).....[120](10.47955 min).....[125](10.79755 min).....[130](11.13495 min).....[135](11.473600000000001 min).....[140](12.169416666666667 min).....[145](12.480083333333333 min).....[150](12.823033333333333 min).....[155](13.165616666666667 min).....[160](13.834033333333334 min).....[165](14.186033333333334 min).....[170](14.534033333333333 min).....[175](14.876116666666666 min).....[180](15.572216666666666 min).....[185](15.905149999999999 min).....[190](16.259716666666666 min).....[195](16.617716666666666 min).
La poblaci—n se encuentra en la 20 generaci—n
Poblaci—n:200
Evaluando poblaci—n:200
[0](0.3131833333333333 min).....[5](0.6293333333333333 min).....[10](0.9570000000000001 min).....[15](1.2825 min).....[20](1.9680833333333332 min).....[25](2.3110666666666666 min).....[30](2.65535 min).....[35](2.99205 min).....[40](3.6599166666666667 min).....[45](3.9905833333333334 min).....[50](4.32165 min).....[55](4.665516666666666 min).....[60](5.318566666666666 min).....[65](5.670283333333333 min).....[70](5.9977 min).....[75](6.3327333333333335 min).....[80](7.0047 min).....[85](7.348966666666667 min).....[90](7.693966666666666 min).....[95](8.045399999999999 min).....[100](8.704883333333333 min).....[105](9.041950000000002 min).....[110](9.357066666666666 min).....[115](9.695716666666668 min).....[120](10.36755 min).....[125](10.727116666666666 min).....[130](11.056166666666666 min).....[135](11.365483333333334 min).....[140](12.038433333333334 min).....[145](12.38585 min).....[150](12.738566666666665 min).....[155](13.056916666666666 min).....[160](13.740716666666666 min).....[165](14.084 min).....[170](14.43325 min).....[175](14.7907 min).....[180](15.4519 min).....[185](15.789366666666666 min).....[190](16.12881666666667 min).....[195](16.4682 min).
