Empezando algoritmo genético con los siguientes parámetros
==============================================================
Factor mutación: 0.1
Factor crossover: 0.8
Total generaciones: 20
Tamaño población: 200
Número individuos torneo: 2
Cantidad de individuos elitimo: 4
Utilizando 1 hebras simultaneas para evaluaciones.
Inicializando población
Evaluando población:200
[0](0.10243333333333333 min).....[5](1.4679166666666668 min).....[10](4.632333333333333 min).....[15](6.3349 min).....[20](7.209433333333333 min).....[25](8.934916666666668 min).....[30](10.099416666666666 min).....[35](12.671716666666667 min).....[40](15.347033333333334 min).....[45](16.3536 min).....[50](18.96943333333333 min).....[55](19.672416666666667 min).....[60](21.69915 min).....[65](23.616 min).....[70](24.798983333333336 min).....[75](26.35485 min).....[80](26.98841666666667 min).....[85](27.6681 min).....[90](30.229499999999998 min).....[95](31.522516666666668 min).....[100](32.940416666666664 min).....[105](33.79398333333333 min).....[110](34.911433333333335 min).....[115](35.95276666666667 min).....[120](38.08983333333333 min).....[125](39.5903 min).....[130](41.16975 min).....[135](42.66728333333333 min).....[140](44.60596666666667 min).....[145](45.64465 min).....[150](46.55753333333334 min).....[155](47.71561666666666 min).....[160](50.02065 min).....[165](50.96185 min).....[170](52.983 min).....[175](55.19823333333333 min).....[180](56.04795 min).....[185](59.333483333333334 min).....[190](60.88615 min).....[195](62.249766666666666 min)....
 Ajustando población
Almacenando información sobre individuos
La población se encuentra en la 1 generación
Población:200
[0](63.025949999999995 min).....[5](63.58631666666667 min).....[10](64.16015 min).....[15](64.7868 min).....[20](67.31993333333334 min).....[25](69.41696666666667 min).....[30](71.64188333333333 min).....[35](72.8439 min).....[40](74.8428 min).....[45](75.40383333333332 min).....[50](76.05479999999999 min).....[55](76.57368333333334 min).....[60](77.73028333333333 min).....[65](79.81036666666667 min).....[70](81.57205 min).....[75](82.6211 min).....[80](83.8014 min).....[85](85.56946666666666 min).....[90](86.96178333333334 min).....[95](88.45756666666666 min).....[100](91.17641666666667 min).....[105](94.09431666666666 min).....[110](95.95808333333333 min).....[115](97.10785 min).....[120](99.73939999999999 min).....[125](102.10805 min).....[130](104.37505 min).....[135](106.4587 min).....[140](108.29715 min).....[145](110.3625 min).....[150](111.73915000000001 min).....[155](114.07666666666667 min).....[160](116.26561666666666 min).....[165](119.97353333333334 min).....[170](121.80796666666667 min).....[175](124.14471666666667 min).....[180](125.2827 min).....[185](127.74183333333333 min).....[190](130.78186666666667 min).....[195](132.6857 min)....
La población se encuentra en la 2 generación
Población:200
[0](133.56523333333334 min).....[5](134.71189999999999 min).....[10](136.10765 min).....[15](136.97423333333333 min).....[20](137.60903333333331 min).....[25](138.33048333333332 min).....[30](139.0631833333333 min).....[35](139.74676666666667 min).....[40](140.87995 min).....[45](142.00705000000002 min).....[50](142.99493333333334 min).....[55](143.9013 min).....[60](144.86276666666666 min).....[65](146.23153333333332 min).....[70](147.1058833333333 min).....[75](148.40756666666667 min).....[80](149.59946666666667 min).....[85](151.17891666666668 min).....[90](152.64095 min).....[95](154.32263333333333 min).....[100](155.49616666666668 min).....[105](156.9563 min).....[110](159.69753333333335 min).....[115](163.23903333333334 min).....[120](165.58111666666667 min).....[125](168.96493333333333 min).....[130](171.2634666666667 min).....[135](175.65798333333333 min).....[140](178.76533333333333 min).....[145](182.02951666666667 min).....[150](185.39918333333333 min).....[155](187.60416666666666 min).....[160](189.6304166666667 min).....[165](192.26940000000002 min).....[170](195.29905 min).....[175](197.3655 min).....[180](201.03905 min).....[185](201.71135 min).....[190](202.48365 min).....[195](203.75748333333334 min)....
La población se encuentra en la 3 generación
Población:200
[0](204.55213333333333 min).....[5](205.16848333333334 min).....[10](205.64261666666667 min).....[15](206.21415 min).....[20](206.88211666666666 min).....[25](207.46746666666667 min).....[30](207.96025 min).....[35](209.00308333333334 min).....[40](209.75553333333335 min).....[45](210.48495 min).....[50](211.61659999999998 min).....[55](212.60058333333333 min).....[60](213.87098333333333 min).....[65](214.90225 min).....[70](216.051 min).....[75](217.19230000000002 min).....[80](219.30048333333335 min).....[85](220.6233 min).....[90](221.92175 min).....[95](223.00758333333334 min).....[100](224.3837 min).....[105](225.85325 min).....[110](226.6039 min).....[115](228.56888333333333 min).....[120](230.13905000000003 min).....[125](231.8997666666667 min).....[130](233.14133333333334 min).....[135](234.07209999999998 min).....[140](235.20121666666668 min).....[145](236.55278333333334 min).....[150](237.24631666666667 min).....[155](239.08008333333333 min).....[160](240.79555 min).....[165](242.38533333333334 min).....[170](245.22001666666665 min).....[175](247.53131666666667 min).....[180](249.9848 min).....[185](252.14596666666665 min).....[190](255.27721666666667 min).....[195](255.85753333333332 min)....
La población se encuentra en la 4 generación
Población:200
[0](256.4679333333333 min).....[5](256.89136666666667 min).....[10](257.34003333333334 min).....[15](257.94588333333337 min).....[20](258.76828333333333 min).....[25](259.41223333333335 min).....[30](260.46576666666664 min).....[35](261.27661666666665 min).....[40](262.27205 min).....[45](263.21601666666663 min).....[50](264.2739666666667 min).....[55](266.0113666666667 min).....[60](267.24333333333334 min).....[65](268.27888333333334 min).....[70](269.97845 min).....[75](270.71763333333337 min).....[80](271.54228333333333 min).....[85](272.32824999999997 min).....[90](272.87368333333336 min).....[95](273.53520000000003 min).....[100](274.24719999999996 min).....[105](274.94475 min).....[110](275.9856 min).....[115](276.69826666666665 min).....[120](278.34885 min).....[125](280.0597333333333 min).....[130](281.3528333333333 min).....[135](282.84088333333335 min).....[140](284.21188333333333 min).....[145](285.94498333333337 min).....[150](288.0307666666667 min).....[155](290.63873333333333 min).....[160](293.21116666666666 min).....[165](295.0628 min).....[170](297.33245 min).....[175](299.32756666666666 min).....[180](301.17586666666665 min).....[185](302.71511666666663 min).....[190](303.2934666666667 min).....[195](303.9731 min)....
La población se encuentra en la 5 generación
Población:200
[0](304.46485 min).....[5](306.03515 min).....[10](308.10966666666667 min).....[15](309.09901666666667 min).....[20](310.18905 min).....[25](310.9575666666667 min).....[30](311.5076833333333 min).....[35](312.7364666666666 min).....[40](314.30015 min).....[45](314.9998833333333 min).....[50](315.7219666666667 min).....[55](316.37506666666667 min).....[60](317.1107666666667 min).....[65](317.78185 min).....[70](318.50104999999996 min).....[75](319.19989999999996 min).....[80](320.05905 min).....[85](320.84055 min).....[90](321.7805333333333 min).....[95](322.43331666666666 min).....[100](323.09595 min).....[105](323.6009 min).....[110](324.28751666666665 min).....[115](324.91173333333336 min).....[120](325.6543833333333 min).....[125](326.2683833333333 min).....[130](327.3107166666667 min).....[135](328.2805833333333 min).....[140](329.4198666666667 min).....[145](331.2542833333334 min).....[150](333.18944999999997 min).....[155](334.513 min).....[160](335.98935 min).....[165](337.6795166666667 min).....[170](339.27965 min).....[175](341.20205 min).....[180](343.32655 min).....[185](344.9610166666667 min).....[190](346.62825 min).....[195](347.6837 min)....
La población se encuentra en la 6 generación
Población:200
[0](348.21830000000006 min).....[5](349.63623333333334 min).....[10](352.2222333333333 min).....[15](352.92831666666666 min).....[20](353.69275 min).....[25](354.84115 min).....[30](356.38575000000003 min).....[35](356.92445000000004 min).....[40](357.76398333333333 min).....[45](358.66918333333336 min).....[50](359.31511666666665 min).....[55](360.1127333333333 min).....[60](360.97085 min).....[65](361.8348666666667 min).....[70](362.9585666666666 min).....[75](363.5962666666667 min).....[80](364.3529833333333 min).....[85](365.1682 min).....[90](365.9495666666666 min).....[95](366.55083333333334 min).....[100](367.4304333333333 min).....[105](368.20169999999996 min).....[110](368.97883333333334 min).....[115](369.97676666666666 min).....[120](371.2705833333333 min).....[125](372.69668333333334 min).....[130](374.3018666666667 min).....[135](376.96003333333334 min).....[140](378.67896666666667 min).....[145](380.7971833333333 min).....[150](383.4857 min).....[155](385.10224999999997 min).....[160](387.2875833333334 min).....[165](390.01775 min).....[170](391.5374333333333 min).....[175](392.43145 min).....[180](394.77498333333335 min).....[185](397.6045833333334 min).....[190](399.2552833333333 min).....[195](400.0721833333333 min)....
La población se encuentra en la 7 generación
Población:200
[0](400.7649333333333 min).....[5](401.14705 min).....[10](401.63601666666665 min).....[15](402.24283333333335 min).....[20](402.87025 min).....[25](403.4329833333333 min).....[30](404.0364166666667 min).....[35](404.9227666666667 min).....[40](405.5955 min).....[45](406.6107333333333 min).....[50](407.45695 min).....[55](408.3870666666666 min).....[60](409.1137 min).....[65](409.9735166666667 min).....[70](410.7523166666667 min).....[75](411.5439833333333 min).....[80](412.2516 min).....[85](412.95686666666666 min).....[90](413.81705 min).....[95](414.49305 min).....[100](415.3213833333333 min).....[105](416.11511666666667 min).....[110](416.86218333333335 min).....[115](417.99240000000003 min).....[120](418.77139999999997 min).....[125](419.70346666666666 min).....[130](420.2258 min).....[135](421.0086166666667 min).....[140](421.68005 min).....[145](423.2232666666667 min).....[150](423.82464999999996 min).....[155](424.38381666666663 min).....[160](425.558 min).....[165](426.1765 min).....[170](427.2524 min).....[175](428.1995833333333 min).....[180](430.044 min).....[185](431.35706666666664 min).....[190](432.38356666666664 min).....[195](433.8922333333333 min)....
La población se encuentra en la 8 generación
Población:200
[0](434.3281333333333 min).....[5](435.10426666666666 min).....[10](435.78146666666663 min).....[15](436.6795166666667 min).....[20](437.80475 min).....[25](438.5930833333333 min).....[30](439.50673333333333 min).....[35](440.0971 min).....[40](440.8144833333333 min).....[45](441.41596666666663 min).....[50](441.98645000000005 min).....[55](442.81198333333333 min).....[60](443.40611666666666 min).....[65](443.9406 min).....[70](444.53026666666665 min).....[75](445.1700666666667 min).....[80](445.73471666666666 min).....[85](446.39521666666667 min).....[90](447.01276666666666 min).....[95](448.0301 min).....[100](448.7343166666667 min).....[105](449.4368 min).....[110](450.23505 min).....[115](450.91366666666664 min).....[120](451.6040166666667 min).....[125](452.4389 min).....[130](453.3243333333333 min).....[135](454.2024166666667 min).....[140](455.4272 min).....[145](456.8553 min).....[150](458.30215000000004 min).....[155](460.09858333333335 min).....[160](461.25960000000003 min).....[165](462.3400833333333 min).....[170](464.3417666666667 min).....[175](466.77303333333333 min).....[180](469.39118333333334 min).....[185](472.02498333333335 min).....[190](473.254 min).....[195](474.1242166666667 min)....
La población se encuentra en la 9 generación
Población:200
[0](475.46083333333337 min).....[5](476.06615 min).....[10](476.6136833333333 min).....[15](477.07353333333333 min).....[20](477.64206666666666 min).....[25](478.25963333333334 min).....[30](478.9284166666667 min).....[35](479.5726666666667 min).....[40](480.21895 min).....[45](480.82495 min).....[50](481.5401333333333 min).....[55](482.22513333333336 min).....[60](482.8013 min).....[65](484.5416833333333 min).....[70](485.97636666666665 min).....[75](487.311 min).....[80](488.28991666666667 min).....[85](489.0500333333333 min).....[90](489.8197166666667 min).....[95](490.6482 min).....[100](491.6853333333333 min).....[105](493.2760833333333 min).....[110](493.86448333333334 min).....[115](494.5126833333333 min).....[120](495.19983333333334 min).....[125](495.9465333333334 min).....[130](496.5389333333333 min).....[135](497.3582833333333 min).....[140](498.1790166666667 min).....[145](498.94401666666664 min).....[150](499.7019166666667 min).....[155](501.7488666666667 min).....[160](504.29178333333334 min).....[165](507.04451666666665 min).....[170](510.2233833333333 min).....[175](512.9969 min).....[180](515.2015333333334 min).....[185](516.15715 min).....[190](516.69305 min).....[195](517.3431833333333 min)....
La población se encuentra en la 10 generación
Población:200
[0](517.9522333333333 min).....[5](518.8867333333334 min).....[10](519.5525666666666 min).....[15](520.1926666666667 min).....[20](520.8952833333334 min).....[25](521.5291 min).....[30](522.1154833333334 min).....[35](522.7086666666667 min).....[40](523.3970666666667 min).....[45](523.9831833333334 min).....[50](524.5588833333334 min).....[55](525.1567 min).....[60](525.7968333333333 min).....[65](526.4303333333334 min).....[70](527.1999833333333 min).....[75](527.9730333333333 min).....[80](528.5735 min).....[85](529.24175 min).....[90](529.81615 min).....[95](530.4381 min).....[100](530.9923166666666 min).....[105](531.5854166666667 min).....[110](532.2996666666667 min).....[115](533.2271333333333 min).....[120](534.1212 min).....[125](534.9291 min).....[130](535.7049000000001 min).....[135](536.6125333333333 min).....[140](537.3337333333334 min).....[145](538.5811666666666 min).....[150](539.8130833333333 min).....[155](541.2250833333334 min).....[160](541.74945 min).....[165](542.3693333333333 min).....[170](543.4644000000001 min).....[175](544.5068833333333 min).....[180](544.9546666666666 min).....[185](546.07925 min).....[190](548.0445 min).....[195](548.99465 min)....
La población se encuentra en la 11 generación
Población:200
[0](549.3853333333334 min).....[5](549.8979833333334 min).....[10](551.7811666666668 min).....[15](552.3413 min).....[20](553.0365 min).....[25](553.5891333333333 min).....[30](554.0996666666667 min).....[35](554.6959499999999 min).....[40](555.2692166666667 min).....[45](555.80905 min).....[50](556.5815833333332 min).....[55](557.3605166666667 min).....[60](557.9530833333333 min).....[65](558.6085833333333 min).....[70](559.2244833333333 min).....[75](560.5522833333333 min).....[80](561.3523333333334 min).....[85](562.8979166666667 min).....[90](563.7304 min).....[95](564.8593999999999 min).....[100](565.7796333333333 min).....[105](567.42085 min).....[110](568.0937 min).....[115](568.8038 min).....[120](569.4634 min).....[125](570.0400833333333 min).....[130](570.6188666666666 min).....[135](571.3296333333333 min).....[140](572.1935833333333 min).....[145](573.0837833333334 min).....[150](573.6984666666667 min).....[155](574.3336833333334 min).....[160](575.1111166666667 min).....[165](576.1085666666667 min).....[170](576.8792666666667 min).....[175](578.1824 min).....[180](579.7285166666667 min).....[185](580.3169166666667 min).....[190](580.8942833333333 min).....[195](581.4315666666666 min)....
La población se encuentra en la 12 generación
Población:200
[0](581.7979666666666 min).....Exception in thread "Thread-2393" java.lang.NumberFormatException: For input string: "ame.PovRepresentation(Game.java:135)"
	at java.lang.NumberFormatException.forInputString(NumberFormatException.java:65)
	at java.lang.Integer.parseInt(Integer.java:481)
	at java.lang.Integer.parseInt(Integer.java:514)
	at genebot.Main$t_fitness.run(Main.java:92)
Algo está fallando :( Cromosomas:0.4832519684433597,0.5162494235457836,0.5952130647648849,0.6899492879327062,0.10212454869444762,0.2750945165579305,0.3612896699177142,0.14679037562347108, - Turnos:0 ¿Gana?:false
Volvemos a ejecutar
java.io.FileNotFoundException: aa.txt (No such file or directory)
	at java.io.FileInputStream.open(Native Method)
	at java.io.FileInputStream.<init>(FileInputStream.java:137)
	at java.io.FileReader.<init>(FileReader.java:72)
	at genebot.Main.fitness(Main.java:147)
	at genebot.Main.main(Main.java:636)
java.io.FileNotFoundException: aa.txt (No such file or directory)
	at java.io.FileInputStream.open(Native Method)
	at java.io.FileInputStream.<init>(FileInputStream.java:137)
	at java.io.FileReader.<init>(FileReader.java:72)
	at genebot.Main.fitness(Main.java:147)
	at genebot.Main.main(Main.java:636)
java.io.FileNotFoundException: aa.txt (No such file or directory)
	at java.io.FileInputStream.open(Native Method)
	at java.io.FileInputStream.<init>(FileInputStream.java:137)
	at java.io.FileReader.<init>(FileReader.java:72)
	at genebot.Main.fitness(Main.java:147)
	at genebot.Main.main(Main.java:636)
java.io.FileNotFoundException: aa.txt (No such file or directory)
	at java.io.FileInputStream.open(Native Method)
	at java.io.FileInputStream.<init>(FileInputStream.java:137)
	at java.io.FileReader.<init>(FileReader.java:72)
	at genebot.Main.fitness(Main.java:147)
	at genebot.Main.main(Main.java:636)
java.io.FileNotFoundException: aa.txt (No such file or directory)
	at java.io.FileInputStream.open(Native Method)
	at java.io.FileInputStream.<init>(FileInputStream.java:137)
	at java.io.FileReader.<init>(FileReader.java:72)
	at genebot.Main.fitness(Main.java:147)
	at genebot.Main.main(Main.java:636)
NUEVO RESULTADOCromosomas:0.4832519684433597,0.5162494235457836,0.5952130647648849,0.6899492879327062,0.10212454869444762,0.2750945165579305,0.3612896699177142,0.14679037562347108, - Turnos:0 ¿Gana?:true
[5](582.2056 min).....[10](583.04415 min).....[15](583.5087500000001 min).....[20](584.0524666666666 min).....[25](584.6120666666667 min).....[30](585.2087166666666 min).....[35](585.81005 min).....[40](586.3848166666667 min).....[45](586.8637333333334 min).....[50](587.4199166666666 min).....[55](587.9967 min).....[60](588.4685166666666 min).....[65](589.0014833333333 min).....[70](589.56655 min).....[75](590.2579000000001 min).....[80](590.8762333333333 min).....[85](591.4472499999999 min).....[90](592.0014333333334 min).....[95](592.4462833333333 min).....[100](593.0915166666667 min).....[105](593.78375 min).....[110](595.6007000000001 min).....[115](596.2165333333334 min).....[120](596.8938666666667 min).....[125](597.7519 min).....[130](598.3680166666667 min).....[135](598.9873 min).....[140](599.6750499999999 min).....[145](600.5473833333333 min).....[150](601.35835 min).....[155](602.0626166666666 min).....[160](602.5287333333333 min).....[165](603.2517 min).....[170](604.27255 min).....[175](604.8884166666667 min).....[180](605.3856 min).....[185](606.40095 min).....[190](607.6193000000001 min).....[195](608.1606166666667 min)....
La población se encuentra en la 13 generación
Población:200
[0](608.7066833333333 min).....[5](609.1603166666666 min).....[10](609.6639666666667 min).....[15](610.1933166666666 min).....[20](610.6599333333332 min).....[25](611.1798833333334 min).....[30](611.8167166666666 min).....[35](612.3773 min).....[40](612.9369666666666 min).....[45](613.5138166666667 min).....[50](614.0862 min).....[55](614.6872833333333 min).....[60](615.1772166666667 min).....[65](615.68255 min).....[70](616.2408166666667 min).....[75](616.8216166666666 min).....[80](617.99195 min).....[85](618.5949833333333 min).....[90](619.1737666666667 min).....[95](620.6652333333333 min).....[100](621.2907166666666 min).....[105](622.0149166666666 min).....[110](622.6358833333333 min).....[115](623.4582333333333 min).....[120](624.0097166666667 min).....[125](624.77825 min).....[130](625.4862333333333 min).....[135](626.7147833333333 min).....[140](628.9590499999999 min).....[145](629.9146999999999 min).....[150](631.0494666666667 min).....[155](631.9462500000001 min).....[160](632.64445 min).....[165](633.7288333333333 min).....[170](634.5027666666666 min).....[175](635.5363666666667 min).....[180](636.7404833333333 min).....[185](639.0736666666667 min).....[190](639.6922333333333 min).....[195](640.2160166666667 min)....
La población se encuentra en la 14 generación
Población:200
[0](640.6930333333333 min).....[5](641.3883833333333 min).....[10](643.5175833333334 min).....[15](644.3827666666667 min).....[20](645.0025 min).....[25](645.9457666666666 min).....[30](646.5345666666667 min).....[35](647.1350833333333 min).....[40](647.9477833333333 min).....[45](648.5491833333333 min).....[50](649.5432 min).....[55](650.5814833333334 min).....[60](651.1510166666667 min).....[65](651.71505 min).....[70](652.3140500000001 min).....[75](652.7686666666667 min).....[80](653.2301833333333 min).....[85](653.8340499999999 min).....[90](654.3397166666667 min).....[95](654.87185 min).....[100](655.4441 min).....[105](656.0635 min).....[110](656.5560666666667 min).....[115](657.09835 min).....[120](657.6403333333333 min).....[125](658.5526000000001 min).....[130](659.1311333333334 min).....[135](659.7151333333334 min).....[140](660.4031166666666 min).....[145](661.2840333333334 min).....[150](662.0625166666666 min).....[155](662.7322333333334 min).....[160](663.5232166666666 min).....[165](664.2094166666667 min).....[170](667.6495333333334 min).....[175](669.9576166666667 min).....[180](671.8196333333333 min).....[185](673.3241166666667 min).....[190](673.9032333333333 min).....[195](674.6985000000001 min)....
La población se encuentra en la 15 generación
Población:200
[0](675.1492166666667 min).....[5](675.6310666666667 min).....[10](676.3268666666667 min).....[15](676.82335 min).....[20](677.46825 min).....[25](677.9833 min).....[30](678.5810333333334 min).....[35](679.2169 min).....[40](679.6989333333333 min).....[45](680.2031333333333 min).....[50](680.7973166666667 min).....[55](681.2794 min).....[60](681.8465333333334 min).....[65](682.3746333333333 min).....[70](682.9404833333333 min).....[75](683.5213666666666 min).....[80](684.0396333333333 min).....[85](684.5483666666667 min).....[90](685.1414833333333 min).....[95](685.6301166666667 min).....[100](686.37995 min).....[105](687.0718166666667 min).....[110](687.7659500000001 min).....[115](688.4936 min).....[120](689.22705 min).....[125](689.8860833333333 min).....[130](690.6709833333333 min).....[135](692.6566666666666 min).....[140](693.5201666666667 min).....[145](694.2653833333334 min).....[150](695.1736999999999 min).....[155](696.00275 min).....[160](697.6962 min).....[165](699.3867666666666 min).....[170](701.2637166666666 min).....[175](703.42215 min).....[180](705.9023833333333 min).....[185](706.7386666666666 min).....[190](707.4361333333333 min).....[195](708.1431333333334 min)....
La población se encuentra en la 16 generación
Población:200
[0](709.3416166666667 min).....[5](710.1667166666666 min).....[10](710.8475333333333 min).....[15](711.9814333333333 min).....[20](712.6451500000001 min).....[25](713.9955833333333 min).....[30](714.65985 min).....[35](715.2414 min).....[40](715.7965166666667 min).....[45](717.1434333333333 min).....[50](717.6628833333333 min).....[55](719.49855 min).....[60](719.9714166666668 min).....[65](720.5491000000001 min).....[70](721.0550666666666 min).....[75](721.6182166666666 min).....[80](722.3818833333333 min).....[85](722.9536333333333 min).....[90](723.5775333333333 min).....[95](724.2696833333333 min).....[100](725.0385166666667 min).....[105](725.6934666666667 min).....[110](726.4461 min).....[115](727.8291333333333 min).....[120](729.03085 min).....[125](729.8977333333333 min).....[130](730.54445 min).....[135](731.1479999999999 min).....[140](731.7424333333333 min).....[145](733.6904166666667 min).....[150](735.0095333333334 min).....[155](736.3050999999999 min).....[160](738.1349333333333 min).....[165](740.6715 min).....[170](744.82925 min).....[175](748.3164833333334 min).....[180](749.9971166666667 min).....[185](751.6568000000001 min).....[190](752.4649166666666 min).....[195](753.79755 min)....
La población se encuentra en la 17 generación
Población:200
[0](754.46815 min).....[5](756.0365666666668 min).....[10](757.6926500000001 min).....[15](759.9463666666667 min).....[20](761.0047166666667 min).....[25](761.4780666666667 min).....[30](762.0031666666667 min).....[35](762.6135166666667 min).....[40](763.2657999999999 min).....[45](763.8142833333334 min).....[50](764.42255 min).....[55](764.99555 min).....[60](765.5542333333334 min).....[65](766.0980833333334 min).....[70](767.6009666666666 min).....[75](768.3534166666667 min).....[80](769.6249 min).....[85](770.3726333333333 min).....[90](771.0968666666666 min).....[95](771.6958666666667 min).....[100](772.6315833333333 min).....[105](773.8106 min).....[110](774.7115833333334 min).....[115](775.4928 min).....[120](776.3406666666667 min).....[125](777.3908333333333 min).....[130](778.1702833333333 min).....[135](779.0314333333333 min).....[140](780.3696166666667 min).....[145](781.12435 min).....[150](782.6618333333333 min).....[155](785.7248999999999 min).....[160](787.3770999999999 min).....[165](788.3699666666666 min).....[170](789.6425333333334 min).....[175](792.08295 min).....[180](793.0637333333333 min).....[185](793.6617666666666 min).....[190](794.2454333333334 min).....[195](794.8110333333333 min)....
La población se encuentra en la 18 generación
Población:200
[0](795.29035 min).....[5](795.80755 min).....[10](796.4046166666667 min).....[15](796.9714833333333 min).....[20](797.4474666666666 min).....[25](797.8802666666667 min).....[30](798.4150166666666 min).....[35](799.00095 min).....[40](799.4763333333334 min).....[45](800.0138333333333 min).....[50](800.4826166666667 min).....[55](801.0411333333334 min).....[60](801.6896166666667 min).....[65](802.3426666666667 min).....[70](803.119 min).....[75](803.76285 min).....[80](804.3684333333333 min).....[85](804.9966166666667 min).....[90](805.7053166666667 min).....[95](806.5173333333333 min).....[100](807.2550666666666 min).....[105](808.1155666666667 min).....[110](808.9780499999999 min).....[115](809.70925 min).....[120](810.3988166666666 min).....[125](811.1664999999999 min).....[130](811.9542833333333 min).....[135](812.9142333333333 min).....[140](813.6698 min).....[145](814.1967000000001 min).....[150](814.9013333333334 min).....[155](815.8993666666667 min).....[160](816.9082833333334 min).....[165](818.2534166666667 min).....[170](819.39865 min).....[175](820.1609666666667 min).....[180](820.93185 min).....[185](823.0629833333334 min).....[190](823.61235 min).....[195](824.19815 min)....
La población se encuentra en la 19 generación
Población:200
[0](824.6438666666667 min).....[5](825.0761833333333 min).....[10](825.5925833333333 min).....[15](826.2033666666666 min).....[20](826.6896666666667 min).....[25](827.1520666666668 min).....[30](827.7154833333333 min).....[35](828.2415666666667 min).....[40](828.8410500000001 min).....[45](829.3096666666667 min).....[50](829.8225 min).....[55](830.3323333333334 min).....[60](830.7923666666667 min).....[65](831.38315 min).....[70](831.8967666666666 min).....[75](832.5147666666667 min).....[80](833.1543833333333 min).....[85](833.7161166666666 min).....[90](834.26935 min).....[95](835.1829833333334 min).....[100](835.8334 min).....[105](836.6339333333333 min).....[110](837.5147166666667 min).....[115](838.5820666666666 min).....[120](839.3559166666668 min).....[125](840.6845333333333 min).....[130](841.2571833333333 min).....[135](842.2806833333333 min).....[140](843.0895833333333 min).....[145](843.8803333333333 min).....[150](844.8675833333333 min).....[155](845.69565 min).....[160](846.5209666666667 min).....[165](847.5076333333333 min).....[170](848.2707666666666 min).....[175](850.4028833333334 min).....[180](852.6252999999999 min).....[185](853.4123166666667 min).....[190](854.0730333333333 min).....[195](854.6761166666668 min)....
La población se encuentra en la 20 generación
Población:200
[0](855.2227 min).....[5](855.6543833333333 min).....[10](856.2970833333333 min).....[15](856.8516833333334 min).....[20](857.4656166666666 min).....[25](857.90875 min).....[30](858.4062 min).....[35](859.0053666666666 min).....[40](859.6705999999999 min).....[45](860.1857 min).....[50](860.7499 min).....[55](861.2508833333334 min).....[60](861.7913666666667 min).....[65](862.2976333333334 min).....[70](862.7901 min).....[75](863.3075666666666 min).....[80](863.9241999999999 min).....[85](864.4050833333333 min).....[90](865.0888333333334 min).....[95](865.7341666666667 min).....[100](866.4087666666667 min).....[105](867.1412833333333 min).....[110](867.7797333333333 min).....[115](868.3100333333333 min).....[120](869.1007166666666 min).....[125](869.7149499999999 min).....[130](870.3195 min).....[135](870.9711333333332 min).....[140](871.5651999999999 min).....[145](872.1687000000001 min).....[150](872.9127333333333 min).....[155](873.6971666666667 min).....[160](874.2958333333333 min).....[165](876.1564333333333 min).....[170](877.0437999999999 min).....[175](878.3484833333333 min).....[180](880.2583333333333 min).....[185](881.8466333333333 min).....[190](882.5775833333333 min).....[195](883.2227666666666 min)....
