7,34,59,83
7
Empezando algoritmo gentico con los siguientes par‡metros
==============================================================
Factor mutaci—n: 0.02
Factor crossover: 0.6
Total generaciones: 20
Tama–o poblaci—n: 200
Nœmero individuos torneo: 2
Cantidad de individuos elitimo: 4
Utilizando 4 hebras simultaneas para evaluaciones.
Evaluando los siguientes mapas {Mapas:7.0,34.0,59.0,83.0,}
Inicializando poblaci—n
Evaluando poblaci—n:200
[0](0.2706166666666666 min).....[5](0.5855333333333334 min).....[10](0.8797166666666667 min).....[15](1.2182833333333332 min).....[20](1.8633166666666667 min).....[25](2.12425 min).....[30](2.387916666666667 min).....[35](2.6831 min).....[40](3.39175 min).....[45](3.734166666666667 min).....[50](4.01745 min).....[55](4.31505 min).....[60](4.961983333333333 min).....[65](5.285166666666667 min).....[70](5.590333333333334 min).....[75](5.899983333333334 min).....[80](6.5262166666666666 min).....[85](6.835366666666667 min).....[90](7.141233333333333 min).....[95](7.4071 min).....[100](7.9824 min).....[105](8.287033333333333 min).....[110](8.609083333333333 min).....[115](8.930166666666667 min).....[120](9.614116666666666 min).....[125](9.927383333333333 min).....[130](10.275283333333334 min).....[135](10.579749999999999 min).....[140](11.210533333333332 min).....[145](11.50645 min).....[150](11.798416666666666 min).....[155](12.11585 min).....[160](12.693483333333335 min).....[165](13.0098 min).....[170](13.320366666666667 min).....[175](13.614849999999999 min).....[180](14.279916666666667 min).....[185](14.616066666666667 min).....[190](14.9479 min).....[195](15.351616666666667 min).
 Ajustando poblaci—n
Almacenando informaci—n sobre individuos
La poblaci—n se encuentra en la 1 generaci—n
Poblaci—n:200
Evaluando poblaci—n:200
[0](0.30315 min).....[5](0.5893833333333334 min).....[10](0.8792833333333333 min).....[15](1.1689333333333332 min).....[20](1.7527666666666666 min).....[25](2.035616666666667 min).....[30](2.329133333333333 min).....[35](2.608233333333333 min).....[40](3.17205 min).....[45](3.5079333333333333 min).....[50](3.7899499999999997 min).....[55](4.121083333333333 min).....[60](4.723816666666666 min).....[65](5.059616666666667 min).....[70](5.411533333333334 min).....[75](5.734233333333333 min).....[80](6.3881 min).....[85](6.742266666666667 min).....[90](7.03625 min).....[95](7.34885 min).....[100](7.9581 min).....[105](8.3096 min).....[110](8.647400000000001 min).....[115](8.953016666666667 min).....[120](9.642483333333333 min).....[125](9.932066666666666 min).....[130](10.253433333333334 min).....[135](10.610899999999999 min).....[140](11.235216666666668 min).....[145](11.552583333333333 min).....[150](11.872766666666667 min).....[155](12.104783333333334 min).....[160](12.7543 min).....[165](13.067366666666667 min).....[170](13.396899999999999 min).....[175](13.696933333333334 min).....[180](14.418299999999999 min).....[185](14.69985 min).....[190](15.042416666666666 min).....[195](15.324666666666667 min).
La poblaci—n se encuentra en la 2 generaci—n
Poblaci—n:200
Evaluando poblaci—n:200
[0](0.2977166666666667 min).....[5](0.6088 min).....[10](0.9214 min).....[15](1.1807666666666667 min).....[20](1.7785666666666666 min).....[25](2.0739333333333336 min).....[30](2.3456833333333336 min).....[35](2.6297833333333336 min).....[40](3.2900833333333335 min).....[45](3.6167166666666666 min).....[50](3.8954999999999997 min).....[55](4.221433333333334 min).....[60](4.78425 min).....[65](5.117583333333333 min).....[70](5.456533333333334 min).....[75](5.7679833333333335 min).....[80](6.41265 min).....[85](6.69175 min).....[90](7.029566666666667 min).....[95](7.352333333333333 min).....[100](7.991483333333333 min).....[105](8.32905 min).....[110](8.714716666666668 min).....[115](9.068316666666668 min).....[120](9.76195 min).....[125](10.094066666666667 min).....[130](10.447366666666666 min).....[135](10.843016666666667 min).....[140](11.572666666666667 min).....[145](11.918766666666667 min).....[150](12.214133333333333 min).....[155](12.53335 min).....[160](13.153466666666667 min).....[165](13.489849999999999 min).....[170](13.822616666666667 min).....[175](14.156616666666668 min).....[180](14.762233333333334 min).....[185](15.09555 min).....[190](15.405149999999999 min).....[195](15.706566666666667 min).
La poblaci—n se encuentra en la 3 generaci—n
Poblaci—n:200
Evaluando poblaci—n:200
[0](0.27133333333333337 min).....[5](0.5567166666666666 min).....[10](0.8541666666666666 min).....[15](1.1907999999999999 min).....[20](1.8335833333333333 min).....[25](2.1696 min).....[30](2.457733333333333 min).....[35](2.7676666666666665 min).....[40](3.4625 min).....[45](3.8104333333333336 min).....[50](4.10495 min).....[55](4.488533333333334 min).....[60](5.097133333333333 min).....[65](5.4208 min).....[70](5.748033333333334 min).....[75](6.116216666666667 min).....[80](6.78725 min).....[85](7.094733333333334 min).....[90](7.408666666666666 min).....[95](7.714766666666667 min).....[100](8.296583333333334 min).....[105](8.615716666666666 min).....[110](8.920216666666667 min).....[115](9.287333333333333 min).....[120](10.017766666666667 min).....[125](10.350783333333334 min).....[130](10.678983333333333 min).....[135](11.017716666666667 min).....[140](11.66805 min).....[145](11.9933 min).....[150](12.301183333333334 min).....[155](12.631316666666667 min).....[160](13.29215 min).....[165](13.604766666666666 min).....[170](13.885416666666666 min).....[175](14.1969 min).....[180](14.920449999999999 min).....[185](15.275450000000001 min).....[190](15.58065 min).....[195](15.912049999999999 min).
La poblaci—n se encuentra en la 4 generaci—n
Poblaci—n:200
Evaluando poblaci—n:200
[0](0.2584166666666667 min).....[5](0.55955 min).....[10](0.8632166666666666 min).....[15](1.2266166666666665 min).....[20](1.8682166666666666 min).....[25](2.165716666666667 min).....[30](2.4765 min).....[35](2.8141666666666665 min).....[40](3.5258499999999997 min).....[45](3.848583333333333 min).....[50](4.1498333333333335 min).....[55](4.46435 min).....[60](5.0785 min).....[65](5.345666666666667 min).....[70](5.641766666666666 min).....[75](5.95995 min).....[80](6.607383333333333 min).....[85](6.935066666666667 min).....[90](7.211683333333334 min).....[95](7.509016666666667 min).....[100](8.188533333333334 min).....[105](8.53485 min).....[110](8.920583333333333 min).....[115](9.274716666666666 min).....[120](9.94895 min).....[125](10.306933333333335 min).....[130](10.69 min).....[135](11.059050000000001 min).....[140](11.701933333333333 min).....[145](12.034266666666667 min).....[150](12.3786 min).....[155](12.716066666666668 min).....[160](13.398033333333332 min).....[165](13.797766666666666 min).....[170](14.137583333333334 min).....[175](14.425749999999999 min).....[180](15.082833333333333 min).....[185](15.373266666666666 min).....[190](15.678433333333334 min).....[195](15.999233333333333 min).
La poblaci—n se encuentra en la 5 generaci—n
Poblaci—n:200
Evaluando poblaci—n:200
[0](0.26913333333333334 min).....[5](0.5582833333333334 min).....[10](0.8964 min).....[15](1.1931666666666667 min).....[20](1.8206666666666667 min).....[25](2.14485 min).....[30](2.49805 min).....[35](2.7981666666666665 min).....[40](3.4184833333333335 min).....[45](3.746 min).....[50](4.0937166666666664 min).....[55](4.4021 min).....[60](5.043816666666667 min).....[65](5.367266666666667 min).....[70](5.675216666666667 min).....[75](6.007549999999999 min).....[80](6.660166666666667 min).....[85](7.00775 min).....[90](7.2966 min).....[95](7.63955 min).....[100](8.306666666666667 min).....[105](8.692666666666666 min).....[110](8.994183333333332 min).....[115](9.2981 min).....[120](9.944183333333333 min).....[125](10.266116666666667 min).....[130](10.564383333333334 min).....[135](10.8839 min).....[140](11.549866666666667 min).....[145](11.859783333333333 min).....[150](12.229716666666667 min).....[155](12.603466666666666 min).....[160](13.323200000000002 min).....[165](13.698066666666668 min).....[170](14.06625 min).....[175](14.4363 min).....[180](15.128583333333333 min).....[185](15.471316666666667 min).....[190](15.83075 min).....[195](16.175016666666668 min).
La poblaci—n se encuentra en la 6 generaci—n
Poblaci—n:200
Evaluando poblaci—n:200
[0](0.2876166666666667 min).....[5](0.6310333333333333 min).....[10](0.9498166666666666 min).....[15](1.2329 min).....[20](1.8608333333333333 min).....[25](2.2059 min).....[30](2.5069333333333335 min).....[35](2.8172166666666665 min).....[40](3.4322500000000002 min).....[45](3.7864333333333335 min).....[50](4.110716666666667 min).....[55](4.422483333333333 min).....[60](5.0609 min).....[65](5.38995 min).....[70](5.680316666666667 min).....[75](5.984266666666667 min).....[80](6.621183333333334 min).....[85](6.900016666666667 min).....[90](7.235966666666667 min).....[95](7.510233333333333 min).....[100](8.117783333333334 min).....[105](8.42965 min).....[110](8.7577 min).....[115](9.038216666666667 min).....[120](9.669283333333334 min).....[125](10.040566666666667 min).....[130](10.390383333333334 min).....[135](10.692499999999999 min).....[140](11.362866666666667 min).....[145](11.669533333333334 min).....[150](12.043416666666667 min).....[155](12.35465 min).....[160](13.058666666666666 min).....[165](13.3783 min).....[170](13.692516666666668 min).....[175](14.0292 min).....[180](14.664833333333332 min).....[185](14.974433333333334 min).....[190](15.315383333333333 min).....[195](15.708933333333333 min).
La poblaci—n se encuentra en la 7 generaci—n
Poblaci—n:200
Evaluando poblaci—n:200
[0](0.3034833333333333 min).....[5](0.6096666666666667 min).....[10](0.9252 min).....[15](1.2300499999999999 min).....[20](1.8438833333333333 min).....[25](2.153383333333333 min).....[30](2.5323833333333337 min).....[35](2.8691166666666663 min).....[40](3.538683333333333 min).....[45](3.86515 min).....[50](4.220116666666667 min).....[55](4.569183333333333 min).....[60](5.322116666666667 min).....[65](5.617766666666666 min).....[70](5.939033333333333 min).....[75](6.2311 min).....[80](6.806533333333333 min).....[85](7.1186 min).....[90](7.397383333333334 min).....[95](7.722766666666667 min).....[100](8.3552 min).....[105](8.664133333333332 min).....[110](8.997083333333334 min).....[115](9.295633333333335 min).....[120](9.95755 min).....[125](10.296333333333333 min).....[130](10.602466666666666 min).....[135](10.939583333333333 min).....[140](11.576983333333335 min).....[145](11.860516666666665 min).....[150](12.207666666666666 min).....[155](12.50075 min).....[160](13.126966666666668 min).....[165](13.461883333333333 min).....[170](13.754033333333332 min).....[175](14.049683333333332 min).....[180](14.720383333333332 min).....[185](14.981133333333334 min).....[190](15.311433333333333 min).....[195](15.614533333333332 min).
La poblaci—n se encuentra en la 8 generaci—n
Poblaci—n:200
Evaluando poblaci—n:200
[0](0.2832166666666666 min).....[5](0.5774166666666667 min).....[10](0.8862 min).....[15](1.2495166666666668 min).....[20](1.90675 min).....[25](2.2431 min).....[30](2.566733333333333 min).....[35](2.8614166666666665 min).....[40](3.5103333333333335 min).....[45](3.852516666666667 min).....[50](4.167066666666667 min).....[55](4.551866666666667 min).....[60](5.181283333333334 min).....[65](5.52145 min).....[70](5.800416666666666 min).....[75](6.15035 min).....[80](6.7917499999999995 min).....[85](7.122633333333334 min).....[90](7.453233333333333 min).....[95](7.7820833333333335 min).....[100](8.415683333333332 min).....[105](8.7599 min).....[110](9.085433333333333 min).....[115](9.39345 min).....[120](10.068083333333334 min).....[125](10.374616666666666 min).....[130](10.715783333333333 min).....[135](11.06835 min).....[140](11.647316666666667 min).....[145](11.985616666666665 min).....[150](12.362366666666667 min).....[155](12.693466666666666 min).....[160](13.321416666666666 min).....[165](13.634483333333332 min).....[170](13.98605 min).....[175](14.313233333333333 min).....[180](14.896099999999999 min).....[185](15.19805 min).....[190](15.505183333333333 min).....[195](15.827916666666665 min).
La poblaci—n se encuentra en la 9 generaci—n
Poblaci—n:200
Evaluando poblaci—n:200
[0](0.28176666666666667 min).....[5](0.5793833333333333 min).....[10](0.87555 min).....[15](1.1653833333333334 min).....[20](1.7998666666666667 min).....[25](2.1609166666666666 min).....[30](2.4639333333333338 min).....[35](2.7627333333333337 min).....[40](3.37945 min).....[45](3.721283333333333 min).....[50](4.06165 min).....[55](4.415033333333333 min).....[60](5.108083333333334 min).....[65](5.415366666666667 min).....[70](5.734366666666667 min).....[75](6.065716666666666 min).....[80](6.70985 min).....[85](7.0484333333333336 min).....[90](7.359866666666666 min).....[95](7.696166666666667 min).....[100](8.363466666666666 min).....[105](8.68765 min).....[110](9.007200000000001 min).....[115](9.3323 min).....[120](9.973466666666667 min).....[125](10.313333333333333 min).....[130](10.651716666666665 min).....[135](10.94305 min).....[140](11.585166666666668 min).....[145](11.926533333333333 min).....[150](12.297583333333334 min).....[155](12.59295 min).....[160](13.220333333333334 min).....[165](13.529233333333334 min).....[170](13.90885 min).....[175](14.234283333333334 min).....[180](14.894366666666667 min).....[185](15.20515 min).....[190](15.554833333333333 min).....[195](15.949583333333333 min).
La poblaci—n se encuentra en la 10 generaci—n
Poblaci—n:200
Evaluando poblaci—n:200
[0](0.33061666666666667 min).....[5](0.6219333333333333 min).....[10](1.0131666666666665 min).....[15](1.3271833333333334 min).....[20](1.9494333333333331 min).....[25](2.27185 min).....[30](2.5629666666666666 min).....[35](2.8927666666666667 min).....[40](3.5840666666666667 min).....[45](3.883883333333333 min).....[50](4.286066666666667 min).....[55](4.641366666666667 min).....[60](5.3124 min).....[65](5.6837 min).....[70](6.01075 min).....[75](6.311583333333333 min).....[80](6.9946 min).....[85](7.365799999999999 min).....[90](7.711883333333334 min).....[95](8.0421 min).....[100](8.7057 min).....[105](8.986766666666666 min).....[110](9.293233333333335 min).....[115](9.5866 min).....[120](10.224283333333334 min).....[125](10.526016666666667 min).....[130](10.862933333333332 min).....[135](11.157216666666667 min).....[140](11.809533333333333 min).....[145](12.106266666666667 min).....[150](12.47055 min).....[155](12.760150000000001 min).....[160](13.3648 min).....[165](13.688216666666667 min).....[170](14.025616666666668 min).....[175](14.321933333333334 min).....[180](14.998383333333333 min).....[185](15.315666666666667 min).....[190](15.657583333333333 min).....[195](15.960866666666668 min).
La poblaci—n se encuentra en la 11 generaci—n
Poblaci—n:200
Evaluando poblaci—n:200
[0](0.28076666666666666 min).....[5](0.5903833333333334 min).....[10](1.0331666666666668 min).....[15](1.3431166666666667 min).....[20](2.0252666666666665 min).....[25](2.3877333333333337 min).....[30](2.8036666666666665 min).....[35](3.15565 min).....[40](3.8752833333333334 min).....[45](4.2005 min).....[50](4.520583333333334 min).....[55](4.8151 min).....[60](5.514833333333333 min).....[65](5.88535 min).....[70](6.1967333333333325 min).....[75](6.56405 min).....[80](7.191583333333333 min).....[85](7.53845 min).....[90](7.85665 min).....[95](8.191366666666667 min).....[100](8.93745 min).....[105](9.278133333333333 min).....[110](9.602183333333333 min).....[115](9.973700000000001 min).....[120](10.632333333333333 min).....[125](10.956716666666667 min).....[130](11.239483333333334 min).....[135](11.559916666666668 min).....[140](12.245666666666667 min).....[145](12.566550000000001 min).....[150](12.926533333333333 min).....[155](13.325583333333332 min).....[160](14.00615 min).....[165](14.37525 min).....[170](14.69905 min).....[175](15.021700000000001 min).....[180](15.706616666666667 min).....[185](16.078083333333332 min).....[190](16.419833333333333 min).....[195](16.803 min).
La poblaci—n se encuentra en la 12 generaci—n
Poblaci—n:200
Evaluando poblaci—n:200
[0](0.26183333333333336 min).....[5](0.5260166666666667 min).....[10](0.8276666666666667 min).....[15](1.1878833333333332 min).....[20](1.7873666666666668 min).....[25](2.0997666666666666 min).....[30](2.422166666666667 min).....[35](2.6994666666666665 min).....[40](3.312883333333333 min).....[45](3.6364 min).....[50](3.9463333333333335 min).....[55](4.248616666666667 min).....[60](4.9192833333333335 min).....[65](5.22675 min).....[70](5.548016666666666 min).....[75](5.824116666666667 min).....[80](6.473033333333333 min).....[85](6.79335 min).....[90](7.141583333333333 min).....[95](7.461650000000001 min).....[100](8.04505 min).....[105](8.34405 min).....[110](8.653333333333334 min).....[115](8.977483333333334 min).....[120](9.611766666666666 min).....[125](9.916433333333334 min).....[130](10.245166666666668 min).....[135](10.625916666666665 min).....[140](11.314316666666667 min).....[145](11.768933333333333 min).....[150](12.124149999999998 min).....[155](12.476416666666667 min).....[160](13.083516666666666 min).....[165](13.3866 min).....[170](13.716683333333332 min).....[175](14.014833333333334 min).....[180](14.647283333333332 min).....[185](14.974033333333333 min).....[190](15.321533333333333 min).....[195](15.638883333333332 min).
La poblaci—n se encuentra en la 13 generaci—n
Poblaci—n:200
Evaluando poblaci—n:200
[0](0.2680666666666667 min).....[5](0.53725 min).....[10](0.8200833333333333 min).....[15](1.08445 min).....[20](1.6451500000000001 min).....[25](1.9285833333333333 min).....[30](2.22115 min).....[35](2.5004333333333335 min).....[40](3.13275 min).....[45](3.4082500000000002 min).....[50](3.7573833333333337 min).....[55](4.033633333333333 min).....[60](4.6024 min).....[65](4.878666666666667 min).....[70](5.187799999999999 min).....[75](5.464066666666667 min).....[80](6.051783333333334 min).....[85](6.366516666666667 min).....[90](6.6446499999999995 min).....[95](6.925583333333334 min).....[100](7.550866666666667 min).....[105](7.863216666666667 min).....[110](8.144383333333334 min).....[115](8.412666666666667 min).....[120](9.044783333333333 min).....[125](9.325133333333333 min).....[130](9.631983333333332 min).....[135](9.912966666666668 min).....[140](10.500133333333334 min).....[145](10.768533333333332 min).....[150](11.050816666666666 min).....[155](11.3978 min).....[160](12.086366666666667 min).....[165](12.402383333333335 min).....[170](12.694066666666666 min).....[175](12.998383333333333 min).....[180](13.5893 min).....[185](13.916516666666666 min).....[190](14.209466666666666 min).....[195](14.48155 min).
La poblaci—n se encuentra en la 14 generaci—n
Poblaci—n:200
Evaluando poblaci—n:200
[0](0.26798333333333335 min).....[5](0.5623 min).....[10](0.85005 min).....[15](1.1161333333333334 min).....[20](1.6467500000000002 min).....[25](1.9586000000000001 min).....[30](2.2303166666666665 min).....[35](2.5146666666666664 min).....[40](3.0900166666666666 min).....[45](3.3918833333333334 min).....[50](3.6627 min).....[55](3.942133333333333 min).....[60](4.53045 min).....[65](4.9074333333333335 min).....[70](5.1713000000000005 min).....[75](5.450783333333334 min).....[80](6.049016666666666 min).....[85](6.351466666666667 min).....[90](6.624750000000001 min).....[95](6.93365 min).....[100](7.534366666666667 min).....[105](7.838866666666666 min).....[110](8.115066666666667 min).....[115](8.452916666666667 min).....[120](9.038683333333333 min).....[125](9.352983333333333 min).....[130](9.657816666666667 min).....[135](9.967733333333333 min).....[140](10.524116666666666 min).....[145](10.801166666666667 min).....[150](11.133516666666667 min).....[155](11.4187 min).....[160](12.012566666666666 min).....[165](12.308183333333334 min).....[170](12.625766666666667 min).....[175](12.90985 min).....[180](13.489333333333333 min).....[185](13.771099999999999 min).....[190](14.068800000000001 min).....[195](14.341566666666667 min).
La poblaci—n se encuentra en la 15 generaci—n
Poblaci—n:200
Evaluando poblaci—n:200
[0](0.2733 min).....[5](0.54875 min).....[10](0.8380666666666666 min).....[15](1.1090333333333333 min).....[20](1.6675166666666668 min).....[25](1.9453500000000001 min).....[30](2.2237666666666667 min).....[35](2.4924166666666663 min).....[40](3.0635166666666667 min).....[45](3.349816666666667 min).....[50](3.6342833333333333 min).....[55](3.9016666666666664 min).....[60](4.489033333333333 min).....[65](4.807683333333333 min).....[70](5.07995 min).....[75](5.352950000000001 min).....[80](5.9215 min).....[85](6.203333333333333 min).....[90](6.462933333333334 min).....[95](6.739616666666667 min).....[100](7.297483333333333 min).....[105](7.57665 min).....[110](7.890816666666667 min).....[115](8.1646 min).....[120](8.722299999999999 min).....[125](9.037866666666668 min).....[130](9.342516666666667 min).....[135](9.631516666666666 min).....[140](10.236083333333333 min).....[145](10.545783333333333 min).....[150](10.828766666666667 min).....[155](11.129516666666666 min).....[160](11.6934 min).....[165](11.995616666666667 min).....[170](12.3077 min).....[175](12.600183333333332 min).....[180](13.207066666666666 min).....[185](13.5152 min).....[190](13.827283333333332 min).....[195](14.137866666666667 min).
La poblaci—n se encuentra en la 16 generaci—n
Poblaci—n:200
Evaluando poblaci—n:200
[0](0.2914333333333333 min).....[5](0.5811833333333334 min).....[10](0.88215 min).....[15](1.1523833333333333 min).....[20](1.7112 min).....[25](1.9956333333333334 min).....[30](2.283583333333333 min).....[35](2.559466666666667 min).....[40](3.1064333333333334 min).....[45](3.4237666666666664 min).....[50](3.7164333333333333 min).....[55](4.006766666666667 min).....[60](4.563266666666666 min).....[65](4.861066666666667 min).....[70](5.16645 min).....[75](5.4760333333333335 min).....[80](6.042383333333333 min).....[85](6.319466666666667 min).....[90](6.595283333333333 min).....[95](6.89085 min).....[100](7.507549999999999 min).....[105](7.799883333333333 min).....[110](8.064983333333334 min).....[115](8.35425 min).....[120](8.941966666666668 min).....[125](9.24935 min).....[130](9.521700000000001 min).....[135](9.792750000000002 min).....[140](10.394683333333335 min).....[145](10.693983333333334 min).....[150](10.982816666666668 min).....[155](11.29245 min).....[160](11.973099999999999 min).....[165](12.2752 min).....[170](12.604199999999999 min).....[175](12.93015 min).....[180](13.586 min).....[185](13.9025 min).....[190](14.180183333333334 min).....[195](14.46345 min).
La poblaci—n se encuentra en la 17 generaci—n
Poblaci—n:200
Evaluando poblaci—n:200
[0](0.2871166666666667 min).....[5](0.5694166666666667 min).....[10](0.8420833333333333 min).....[15](1.1310166666666668 min).....[20](1.7179499999999999 min).....[25](1.9857666666666667 min).....[30](2.2614666666666663 min).....[35](2.53155 min).....[40](3.07985 min).....[45](3.3520333333333334 min).....[50](3.6258 min).....[55](3.9007333333333336 min).....[60](4.461316666666666 min).....[65](4.7503166666666665 min).....[70](5.01755 min).....[75](5.313766666666667 min).....[80](5.890283333333333 min).....[85](6.186266666666667 min).....[90](6.438966666666667 min).....[95](6.72215 min).....[100](7.287216666666667 min)...Algo est‡ fallando :( Cromosomas:0.4003987797916246,0.23397137605313326,0.23233941126251093,0.34258056725588953,0.8994749518217758,0.4686890500482562,0.21922670903890756,0.4691453026996061, - Turnos:1 ÀGana?:false
..[105](7.577183333333333 min).....[110](7.863416666666667 min)..Algo est‡ fallando :( Cromosomas:0.4514488256409557,0.1566831318355325,0.19131279751978128,0.6021395810983201,0.5953550253843105,0.5621479945742338,0.26340660045822467,0.5538929509352952, - Turnos:1 ÀGana?:true
...[115](8.148083333333334 min).....[120](8.732266666666668 min).....[125](9.039516666666666 min).....[130](9.320733333333333 min).....[135](9.670266666666667 min).....[140](10.339416666666667 min).....[145](10.629416666666666 min).....[150](10.941816666666666 min).....[155](11.2662 min).....[160](11.886883333333333 min).....[165](12.177633333333334 min).....[170](12.523616666666667 min).....[175](12.828283333333333 min).....[180](13.501933333333334 min).....[185](13.781316666666667 min).....[190](14.119466666666666 min).....[195](14.4199 min).
La poblaci—n se encuentra en la 18 generaci—n
Poblaci—n:200
Evaluando poblaci—n:200
[0](0.2780833333333333 min).....[5](0.5632166666666667 min).....[10](0.8524499999999999 min).....[15](1.13465 min).....[20](1.7028333333333334 min).....[25](1.99255 min).....[30](2.2832500000000002 min).....[35](2.5513833333333333 min).....[40](3.0957166666666667 min).....[45](3.3695666666666666 min).....[50](3.645366666666667 min).....[55](3.9387166666666666 min).....[60](4.557916666666667 min).....[65](4.82495 min).....[70](5.107383333333333 min).....[75](5.39645 min).....[80](5.981733333333334 min).....[85](6.276183333333334 min).....[90](6.5514833333333335 min).....[95](6.870666666666667 min).....[100](7.446433333333333 min).....[105](7.758133333333333 min).....[110](8.037366666666667 min).....[115](8.3144 min).....[120](8.91325 min).....[125](9.18795 min).....[130](9.504216666666668 min).....[135](9.822883333333333 min).....[140](10.40525 min).....[145](10.70405 min).....[150](10.973700000000001 min).....[155](11.2548 min).....[160](11.842866666666668 min).....[165](12.137550000000001 min).....[170](12.43935 min).....[175](12.730566666666666 min).....[180](13.324666666666667 min).....[185](13.641683333333333 min).....[190](13.9633 min).....[195](14.260533333333333 min).
La poblaci—n se encuentra en la 19 generaci—n
Poblaci—n:200
Evaluando poblaci—n:200
[0](0.2598 min).....[5](0.5227999999999999 min).....[10](0.8085833333333333 min).....[15](1.0716333333333334 min).....[20](1.6027833333333334 min).....[25](1.87005 min).....[30](2.1550166666666666 min).....[35](2.44495 min).....[40](3.027733333333333 min).....[45](3.3120333333333334 min).....[50](3.59805 min).....[55](3.8709166666666666 min).....[60](4.4193999999999996 min).....[65](4.6992 min).....[70](5.000766666666666 min).....[75](5.284983333333333 min).....[80](5.848249999999999 min).....[85](6.128216666666666 min).....[90](6.4257 min).....[95](6.752566666666667 min).....[100](7.310966666666667 min).....[105](7.5925 min).....[110](7.870466666666667 min).....[115](8.154566666666666 min).....[120](8.739433333333332 min).....[125](9.0189 min).....[130](9.313183333333335 min).....[135](9.616066666666667 min).....[140](10.188633333333334 min).....[145](10.47715 min).....[150](10.7773 min).....[155](11.052983333333334 min).....[160](11.639866666666668 min).....[165](11.924666666666667 min).....[170](12.242016666666666 min).....[175](12.5236 min).....[180](13.100483333333333 min).....[185](13.395900000000001 min).....[190](13.722483333333335 min).....[195](14.01265 min).
La poblaci—n se encuentra en la 20 generaci—n
Poblaci—n:200
Evaluando poblaci—n:200
[0](0.2829333333333333 min).....[5](0.5710833333333334 min).....[10](0.8483333333333333 min).....[15](1.1068666666666667 min).....[20](1.6767333333333334 min).....[25](1.9591 min).....[30](2.2268666666666665 min).....[35](2.50635 min).....[40](3.084866666666667 min).....[45](3.36125 min).....[50](3.649016666666667 min).....[55](3.9221500000000002 min).....[60](4.483766666666667 min).....[65](4.766816666666667 min).....[70](5.045716666666666 min).....[75](5.331133333333333 min).....[80](5.898316666666667 min).....[85](6.177716666666667 min).....[90](6.4436 min).....[95](6.735816666666667 min).....[100](7.310966666666667 min).....[105](7.587549999999999 min).....[110](7.8657666666666675 min).....[115](8.165383333333333 min).....[120](8.732733333333334 min).....[125](9.024516666666667 min).....[130](9.286466666666666 min).....[135](9.586350000000001 min).....[140](10.159016666666668 min).....[145](10.443933333333332 min).....[150](10.730316666666665 min).....[155](11.031133333333335 min).....[160](11.5924 min).....[165](11.887666666666666 min).....[170](12.1697 min).....[175](12.439716666666667 min).....[180](13.036466666666666 min).....[185](13.340666666666667 min).....[190](13.6301 min).....[195](13.917783333333334 min).
