Empezando algoritmo genético con los siguientes parámetros
==============================================================
Factor mutación: 0.1
Factor crossover: 0.8
Total generaciones: 20
Tamaño población: 200
Número individuos torneo: 2
Cantidad de individuos elitimo: 4
Utilizando 1 hebras simultaneas para evaluaciones.
Inicializando población
Evaluando población:200
[0](0.6276166666666666 min).....[5](3.0482 min).....[10](4.6512166666666666 min).....[15](6.83725 min).....[20](9.400316666666667 min).....[25](12.529833333333332 min).....[30](15.6544 min).....[35](16.734133333333332 min).....[40](18.209733333333336 min).....[45](19.955316666666665 min).....[50](21.92213333333333 min).....[55](23.802500000000002 min).....[60](26.328883333333334 min).....[65](28.54105 min).....[70](29.5691 min).....[75](30.3858 min).....[80](31.481183333333334 min).....[85](32.99385 min).....[90](35.42998333333333 min).....[95](36.319316666666666 min).....[100](39.71276666666667 min).....[105](42.86728333333333 min).....[110](44.52648333333333 min).....[115](46.22476666666667 min).....[120](49.2883 min).....[125](50.294250000000005 min).....[130](52.83316666666666 min).....[135](54.81961666666667 min).....[140](56.42156666666666 min).....[145](58.2221 min).....[150](61.03576666666667 min).....[155](62.7218 min).....[160](64.42071666666666 min).....[165](65.84528333333334 min).....[170](67.03436666666667 min).....[175](67.84533333333333 min).....[180](69.49136666666666 min).....[185](70.55836666666667 min).....[190](72.95496666666666 min).....[195](74.2976 min)....
 Ajustando población
Almacenando información sobre individuos
La población se encuentra en la 1 generación
Población:200
[0](75.36186666666667 min).....[5](76.25651666666666 min).....[10](77.17094999999999 min).....[15](78.2468 min).....[20](79.42635 min).....[25](80.41031666666666 min).....[30](82.80030000000001 min).....[35](86.99905 min).....[40](89.0244 min).....[45](89.79126666666666 min).....[50](90.65735 min).....[55](91.62650000000001 min).....[60](92.36493333333333 min).....[65](94.33798333333334 min).....[70](96.81338333333333 min).....[75](98.45895 min).....[80](100.96338333333333 min).....[85](104.37046666666667 min).....[90](106.13433333333334 min).....[95](107.96418333333332 min).....[100](110.39461666666666 min).....[105](113.1555 min).....[110](116.14821666666667 min).....[115](117.09128333333334 min).....[120](118.67536666666666 min).....[125](120.41591666666666 min).....[130](122.12885 min).....[135](124.0929 min).....[140](126.62538333333333 min).....[145](129.953 min).....[150](133.67628333333334 min).....[155](137.24470000000002 min).....[160](141.14431666666667 min).....[165](142.97138333333334 min).....[170](143.88471666666666 min).....[175](145.17948333333334 min).....[180](146.1313 min).....[185](147.1504 min).....[190](147.89780000000002 min).....[195](148.69036666666668 min)....
La población se encuentra en la 2 generación
Población:200
[0](150.35711666666666 min).....[5](150.8298 min).....[10](151.37353333333334 min).....[15](152.11121666666668 min).....[20](152.8212333333333 min).....[25](153.57498333333334 min).....[30](154.22385 min).....[35](154.81823333333332 min).....[40](155.87800000000001 min).....[45](156.55598333333333 min).....[50](157.26718333333335 min).....[55](158.47683333333333 min).....[60](160.45103333333333 min).....[65](161.41258333333332 min).....[70](162.65053333333333 min).....[75](163.818 min).....[80](166.14008333333334 min).....[85](167.93211666666667 min).....[90](168.95045 min).....[95](171.2604 min).....[100](172.12135 min).....[105](172.96205 min).....[110](173.9974 min).....[115](175.51531666666668 min).....[120](176.4566166666667 min).....[125](177.0978166666667 min).....[130](178.77595000000002 min).....[135](180.51605 min).....[140](182.63235 min).....[145](184.72938333333335 min).....[150](187.75705000000002 min).....[155](190.5314666666667 min).....[160](193.64081666666667 min).....[165](195.82898333333333 min).....[170](199.57864999999998 min).....[175](202.01178333333334 min).....[180](203.51123333333334 min).....[185](204.163 min).....[190](205.1741 min).....[195](206.68305 min)....
La población se encuentra en la 3 generación
Población:200
[0](207.34181666666666 min).....[5](207.88088333333332 min).....[10](208.39201666666668 min).....[15](209.14951666666667 min).....[20](209.8671 min).....[25](210.54155 min).....[30](211.19388333333333 min).....[35](211.82686666666666 min).....[40](212.4534 min).....[45](212.97671666666665 min).....[50](213.68186666666668 min).....[55](214.22796666666667 min).....[60](214.90016666666668 min).....[65](215.58761666666666 min).....[70](216.33446666666666 min).....[75](216.8899 min).....[80](217.66693333333333 min).....[85](218.50995 min).....[90](219.26843333333332 min).....[95](219.87973333333332 min).....[100](221.04033333333334 min).....[105](221.8808666666667 min).....[110](222.54341666666667 min).....[115](223.34003333333334 min).....[120](224.27416666666667 min).....[125](225.06133333333335 min).....[130](226.23421666666667 min).....[135](227.37776666666664 min).....[140](228.30726666666666 min).....[145](229.04345 min).....[150](230.17115 min).....[155](231.22858333333335 min).....[160](231.67295000000001 min).....[165](234.10655 min).....[170](234.92858333333334 min).....[175](235.86169999999998 min).....[180](237.11765 min).....[185](238.04861666666665 min).....[190](238.65946666666665 min).....[195](239.61406666666664 min)....
La población se encuentra en la 4 generación
Población:200
[0](240.77166666666665 min).....[5](241.20798333333332 min).....[10](241.91046666666668 min).....[15](242.3127333333333 min).....[20](242.8932 min).....[25](243.49224999999998 min).....[30](244.11136666666667 min).....[35](244.83768333333333 min).....[40](245.72666666666666 min).....[45](246.61551666666668 min).....[50](247.36441666666667 min).....[55](248.05698333333333 min).....[60](248.818 min).....[65](249.6787666666667 min).....[70](250.36603333333332 min).....[75](251.11963333333333 min).....[80](251.94341666666665 min).....[85](252.70175 min).....[90](253.33239999999998 min).....[95](254.2740333333333 min).....[100](255.75398333333334 min).....[105](256.7885333333333 min).....[110](257.62663333333336 min).....[115](258.5686833333333 min).....[120](259.4055 min).....[125](260.9169 min).....[130](261.94475 min).....[135](263.3367333333333 min).....[140](265.20009999999996 min).....[145](266.65198333333336 min).....[150](267.73425000000003 min).....[155](269.60544999999996 min).....[160](271.6587 min).....[165](272.4207666666667 min).....[170](273.28005 min).....[175](274.2669333333333 min).....[180](275.03520000000003 min).....[185](275.8451166666666 min).....[190](276.61485 min).....[195](277.51638333333335 min)....
La población se encuentra en la 5 generación
Población:200
[0](278.0790666666666 min).....[5](278.6623333333334 min).....[10](279.52091666666666 min).....[15](280.2257166666667 min).....[20](280.90070000000003 min).....[25](281.5545 min).....[30](282.2315 min).....[35](283.02438333333333 min).....[40](283.7552 min).....[45](284.5398333333333 min).....[50](285.44615 min).....[55](286.2586166666667 min).....[60](287.12846666666667 min).....[65](288.07783333333333 min).....[70](288.98771666666664 min).....[75](289.99288333333334 min).....[80](290.95439999999996 min).....[85](291.91993333333335 min).....[90](292.7715833333333 min).....[95](293.59475000000003 min).....[100](294.2106333333333 min).....[105](295.3057 min).....[110](297.5155833333334 min).....[115](299.29175000000004 min).....[120](300.68126666666666 min).....[125](301.5430666666667 min).....[130](302.82183333333336 min).....[135](303.90898333333337 min).....[140](306.0174333333333 min).....[145](307.63281666666666 min).....[150](309.0457833333333 min).....[155](311.36830000000003 min).....[160](313.70349999999996 min).....[165](314.60998333333333 min).....[170](315.25006666666667 min).....[175](315.9558 min).....[180](316.9879833333333 min).....[185](318.16560000000004 min).....[190](319.23165 min).....[195](320.52088333333336 min)....
La población se encuentra en la 6 generación
Población:200
[0](321.16665 min).....[5](321.6985 min).....[10](322.3134 min).....[15](323.00355 min).....[20](323.72946666666667 min).....[25](324.58705000000003 min).....[30](325.16161666666665 min).....[35](326.1228 min).....[40](327.4048 min).....[45](328.34931666666665 min).....[50](329.32325000000003 min).....[55](330.10515000000004 min).....[60](331.0181166666667 min).....[65](332.18958333333336 min).....[70](333.41045 min).....[75](334.60991666666666 min).....[80](335.53615 min).....[85](336.41645 min).....[90](337.41001666666665 min).....[95](338.16435 min).....[100](339.09675 min).....[105](340.19401666666664 min).....[110](341.20070000000004 min).....[115](342.04223333333334 min).....[120](343.06218333333334 min).....[125](344.0511333333333 min).....[130](344.92201666666665 min).....[135](345.6755333333333 min).....[140](346.4522166666667 min).....[145](347.17408333333333 min).....[150](347.8972166666666 min).....[155](348.84481666666665 min).....[160](350.0242666666666 min).....[165](351.24036666666666 min).....[170](352.2603833333333 min).....[175](352.97369999999995 min).....[180](353.7192833333333 min).....[185](354.858 min).....[190](355.6132166666667 min).....[195](356.51484999999997 min)....
La población se encuentra en la 7 generación
Población:200
[0](357.11845 min).....[5](357.64065 min).....[10](358.20759999999996 min).....[15](358.93354999999997 min).....[20](359.82890000000003 min).....[25](360.67768333333333 min).....[30](361.49781666666667 min).....[35](362.23499999999996 min).....[40](362.98088333333334 min).....[45](363.62306666666666 min).....[50](364.3971166666667 min).....[55](365.1965833333333 min).....[60](365.9153833333333 min).....[65](366.69531666666666 min).....[70](367.38275 min).....[75](368.10303333333337 min).....[80](369.12676666666664 min).....[85](370.2540333333333 min).....[90](371.17745 min).....[95](371.98746666666665 min).....[100](373.0169333333333 min).....[105](373.9372333333333 min).....[110](375.0144833333333 min).....[115](376.19036666666665 min).....[120](377.24 min).....[125](377.9320333333333 min).....[130](378.64410000000004 min).....[135](379.23561666666666 min).....[140](380.1569 min).....[145](380.8405 min).....[150](381.61365 min).....[155](382.3460833333333 min).....[160](382.99991666666665 min).....[165](383.6212833333333 min).....[170](384.5543333333333 min).....[175](385.4898333333333 min).....[180](386.4393166666667 min).....[185](387.27455000000003 min).....[190](387.92213333333336 min).....[195](388.7285166666667 min)....
La población se encuentra en la 8 generación
Población:200
[0](389.26591666666667 min).....[5](389.75928333333337 min).....[10](390.4422666666667 min).....[15](391.1558333333333 min).....[20](391.9741833333334 min).....[25](392.6528666666666 min).....[30](393.3383166666666 min).....[35](394.0075166666667 min).....[40](394.6764 min).....[45](395.3906333333333 min).....[50](396.1456 min).....[55](396.8026 min).....[60](397.5400166666667 min).....[65](398.20706666666666 min).....[70](399.06564999999995 min).....[75](399.87153333333333 min).....[80](400.50556666666665 min).....[85](401.34541666666667 min).....[90](402.2316666666667 min).....[95](403.2364166666667 min).....[100](404.2107833333333 min).....[105](404.96913333333333 min).....[110](405.8480666666666 min).....[115](406.5127166666667 min).....[120](407.38621666666666 min).....[125](408.33908333333335 min).....[130](409.1175333333333 min).....[135](409.8514833333333 min).....[140](410.6408166666667 min).....[145](411.5865 min).....[150](412.3525333333333 min).....[155](413.07374999999996 min).....[160](413.69530000000003 min).....[165](414.20866666666666 min).....[170](414.83338333333336 min).....[175](415.54085000000003 min).....[180](416.3289666666667 min).....[185](416.9929 min).....[190](417.62568333333337 min).....[195](418.19443333333334 min)....
La población se encuentra en la 9 generación
Población:200
[0](418.7449 min).....[5](419.09888333333333 min).....[10](419.5611833333333 min).....[15](420.1616833333334 min).....[20](420.78908333333334 min).....[25](421.4413 min).....[30](422.02125 min).....[35](422.60523333333333 min).....[40](423.32011666666665 min).....[45](423.94558333333333 min).....[50](424.6559 min).....[55](425.3281 min).....[60](426.0592833333333 min).....[65](426.8928833333333 min).....[70](427.80176666666665 min).....[75](428.67036666666667 min).....[80](429.3976666666667 min).....[85](430.22311666666667 min).....[90](431.02718333333337 min).....[95](431.7935 min).....[100](432.54946666666666 min).....[105](433.46386666666666 min).....[110](434.18625 min).....[115](434.6046 min).....[120](435.24938333333336 min).....[125](436.1691166666667 min).....[130](436.9888833333333 min).....[135](437.5885333333334 min).....[140](438.4782333333333 min).....[145](439.18576666666667 min).....[150](439.9186833333333 min).....[155](440.64140000000003 min).....[160](441.3666333333333 min).....[165](441.9165333333333 min).....[170](442.5118333333333 min).....[175](443.1307666666667 min).....[180](443.78785 min).....[185](444.39796666666666 min).....[190](445.04563333333334 min).....[195](445.7483833333333 min)....
La población se encuentra en la 10 generación
Población:200
[0](446.2287 min).....[5](446.75423333333333 min).....[10](447.4664 min).....[15](448.2348 min).....[20](448.81693333333334 min).....[25](449.47335000000004 min).....[30](450.2236166666667 min).....[35](450.89465 min).....[40](451.55264999999997 min).....[45](452.2522333333333 min).....[50](452.88645 min).....[55](453.58476666666667 min).....[60](454.20125 min).....[65](454.82928333333336 min).....[70](455.60608333333334 min).....[75](456.27948333333336 min).....[80](456.99145000000004 min).....[85](457.6890666666667 min).....[90](458.47275 min).....[95](459.0792333333333 min).....[100](459.70550000000003 min).....[105](460.2847 min).....[110](460.939 min).....[115](461.82660000000004 min).....[120](462.7906333333333 min).....[125](463.54755 min).....[130](464.34396666666663 min).....[135](465.15773333333334 min).....[140](465.8540333333333 min).....[145](466.53075 min).....[150](467.28970000000004 min).....[155](467.85626666666667 min).....[160](468.4816166666667 min).....[165](469.10895 min).....[170](469.6820666666666 min).....[175](470.32873333333333 min).....[180](470.84929999999997 min).....[185](471.35178333333334 min).....[190](471.83096666666665 min).....[195](472.62108333333333 min)....
La población se encuentra en la 11 generación
Población:200
[0](473.4119666666667 min).....[5](473.9087833333333 min).....[10](474.5965833333333 min).....[15](475.22041666666667 min).....[20](475.81656666666663 min).....[25](476.58709999999996 min).....[30](477.35043333333334 min).....[35](477.98325 min).....[40](478.6001833333333 min).....[45](479.2256 min).....[50](479.8681666666667 min).....[55](480.55061666666666 min).....[60](481.3371333333333 min).....[65](481.93585 min).....[70](482.5454833333333 min).....[75](483.17069999999995 min).....[80](483.8614166666667 min).....[85](484.54043333333334 min).....[90](485.30046666666664 min).....[95](485.8417666666667 min).....[100](486.6375 min).....[105](487.33225000000004 min).....[110](488.0507166666667 min).....[115](488.69643333333335 min).....[120](489.5036166666667 min).....[125](490.23693333333335 min).....[130](490.8201833333333 min).....[135](491.3829833333333 min).....[140](492.01961666666665 min).....[145](492.60153333333335 min).....[150](493.38326666666666 min).....[155](494.07011666666665 min).....[160](494.6840833333333 min).....[165](495.37918333333334 min).....[170](495.90411666666665 min).....[175](496.75363333333337 min).....[180](497.61266666666666 min).....[185](498.46791666666667 min).....[190](499.44966666666664 min).....[195](500.28235 min)....
La población se encuentra en la 12 generación
Población:200
[0](500.78633333333335 min).....[5](501.1472333333333 min).....[10](501.6936333333333 min).....[15](502.17828333333335 min).....[20](502.64188333333334 min).....[25](503.21096666666665 min).....[30](503.82129999999995 min).....[35](504.3000666666667 min).....[40](504.8217333333333 min).....[45](505.31423333333333 min).....[50](505.9331 min).....[55](506.59448333333336 min).....[60](507.5249166666666 min).....[65](508.08838333333335 min).....[70](508.8004833333333 min).....[75](509.55865 min).....[80](510.2503666666667 min).....[85](510.9255333333333 min).....[90](511.65681666666666 min).....[95](512.3276833333333 min).....[100](513.5955166666666 min).....[105](514.4025 min).....[110](515.2102666666667 min).....[115](516.0078666666667 min).....[120](516.7459666666667 min).....[125](517.5249166666666 min).....[130](518.38125 min).....[135](519.53145 min).....[140](520.31995 min).....[145](520.9738666666667 min).....[150](521.8297833333334 min).....[155](522.6559166666667 min).....[160](523.4028000000001 min).....[165](524.1027833333334 min).....[170](524.70005 min).....[175](525.4920833333333 min).....[180](526.1182666666667 min).....[185](526.6154666666666 min).....[190](527.13855 min).....[195](527.7055666666666 min)....
La población se encuentra en la 13 generación
Población:200
[0](528.1361833333333 min).....[5](528.6301833333333 min).....[10](529.1806166666667 min).....[15](529.9843666666667 min).....[20](530.72505 min).....[25](531.3427 min).....[30](532.0018166666666 min).....[35](532.5754833333333 min).....[40](533.1934833333333 min).....[45](533.8039833333333 min).....[50](534.4502166666666 min).....[55](535.1078 min).....[60](535.8557333333333 min).....[65](536.51175 min).....[70](537.1879333333334 min).....[75](537.8727833333334 min).....[80](538.6664666666667 min).....[85](539.3575500000001 min).....[90](540.02165 min).....[95](540.9016 min).....[100](541.7377666666666 min).....[105](542.5079333333333 min).....[110](543.3558333333333 min).....[115](543.9868166666666 min).....[120](544.6919833333334 min).....[125](545.3095166666667 min).....[130](545.9290833333333 min).....[135](546.5669999999999 min).....[140](547.23235 min).....[145](547.8607333333333 min).....[150](548.5283333333333 min).....[155](549.2573166666666 min).....[160](550.26585 min).....[165](550.6578499999999 min).....[170](551.0571666666667 min).....[175](551.6465000000001 min).....[180](552.20755 min).....[185](552.78305 min).....[190](553.2935333333334 min).....[195](553.8410833333332 min)....
La población se encuentra en la 14 generación
Población:200
[0](554.3275833333333 min).....[5](554.9067 min).....[10](555.5264833333333 min).....[15](556.1452499999999 min).....[20](556.7361333333333 min).....[25](557.4670833333333 min).....[30](558.1995666666667 min).....[35](558.7853166666666 min).....[40](559.3155833333333 min).....[45](559.85695 min).....[50](560.5179 min).....[55](561.2155833333333 min).....[60](561.81565 min).....[65](562.5658333333333 min).....[70](563.1354833333334 min).....[75](563.6832166666667 min).....[80](564.3064833333334 min).....[85](564.8778666666666 min).....[90](565.4914833333333 min).....[95](566.0926 min).....[100](566.6768166666666 min).....[105](567.33695 min).....[110](567.9468333333333 min).....[115](568.6033166666667 min).....[120](569.2121333333333 min).....[125](570.1354833333334 min).....[130](570.9006499999999 min).....[135](571.5677666666667 min).....[140](572.41385 min).....[145](573.2400166666666 min).....[150](574.01335 min).....[155](575.1438166666667 min).....[160](576.2113499999999 min).....[165](576.9417333333333 min).....[170](577.36185 min).....[175](578.0337666666667 min).....[180](578.55645 min).....[185](579.02955 min).....[190](579.7464833333332 min).....[195](580.3650333333334 min)....
La población se encuentra en la 15 generación
Población:200
[0](580.78085 min).....[5](581.2003833333333 min).....[10](581.7553333333333 min).....[15](582.2620000000001 min).....[20](582.8312000000001 min).....[25](583.3669333333333 min).....[30](583.9826666666667 min).....[35](584.5897166666667 min).....[40](585.3592000000001 min).....[45](586.05335 min).....[50](586.7393333333333 min).....[55](587.4206166666667 min).....[60](588.0164833333333 min).....[65](588.9208 min).....[70](589.4290833333333 min).....[75](589.9341833333333 min).....[80](590.4035 min).....[85](590.8806166666667 min).....[90](591.4714333333334 min).....[95](592.00955 min).....[100](592.6325833333334 min).....[105](593.15305 min).....[110](593.6660333333333 min).....[115](594.1975500000001 min).....[120](594.9913666666667 min).....[125](595.8541333333334 min).....[130](596.5130833333334 min).....[135](597.1918499999999 min).....[140](597.9849333333333 min).....[145](598.7905666666667 min).....[150](599.7302500000001 min).....[155](600.58645 min).....[160](601.0858666666667 min).....[165](601.7201833333334 min).....[170](602.3093666666666 min).....[175](602.8597666666667 min).....[180](603.4462500000001 min).....[185](604.0656333333334 min).....[190](604.66815 min).....[195](605.2514333333334 min)....
La población se encuentra en la 16 generación
Población:200
[0](605.6939833333333 min).....[5](606.1001 min).....[10](606.6442833333333 min).....[15](607.1310833333333 min).....[20](607.7240833333333 min).....[25](608.3819833333333 min).....[30](608.9760166666667 min).....[35](609.7508166666667 min).....[40](610.38595 min).....[45](611.1567666666667 min).....[50](611.8064666666667 min).....[55](612.5238 min).....[60](613.3368833333334 min).....[65](613.8955166666667 min).....[70](614.4272833333333 min).....[75](614.98295 min).....[80](615.5375166666666 min).....[85](616.2148 min).....[90](616.8161166666666 min).....[95](617.3876 min).....[100](618.1288166666667 min).....[105](618.8952666666667 min).....[110](619.4603833333333 min).....[115](620.0959166666667 min).....[120](620.83755 min).....[125](621.7313166666667 min).....[130](622.3202666666667 min).....[135](623.2516333333333 min).....[140](623.8426666666667 min).....[145](624.3334166666666 min).....[150](624.8747833333333 min).....[155](625.59555 min).....[160](626.4389666666667 min).....[165](626.9046166666667 min).....[170](627.3201833333334 min).....[175](627.8019 min).....[180](628.4798833333333 min).....[185](629.2063333333333 min).....[190](630.01505 min).....[195](630.6505333333333 min)....
La población se encuentra en la 17 generación
Población:200
[0](631.1170500000001 min).....[5](631.5413000000001 min).....[10](632.18885 min).....[15](633.0294666666666 min).....[20](633.6089499999999 min).....[25](634.17685 min).....[30](634.74475 min).....[35](635.2785 min).....[40](635.8261166666667 min).....[45](636.3473 min).....[50](636.8111 min).....[55](637.3837166666667 min).....[60](638.0323166666666 min).....[65](638.6270499999999 min).....[70](639.3911833333333 min).....[75](640.14625 min).....[80](640.8082333333333 min).....[85](641.5138833333333 min).....[90](642.1308166666666 min).....[95](642.7957833333334 min).....[100](643.3887 min).....[105](643.9959333333334 min).....[110](644.6653166666667 min).....[115](645.2703 min).....[120](645.92915 min).....[125](646.5041166666667 min).....[130](647.2079333333334 min).....[135](647.8302166666667 min).....[140](648.4206666666666 min).....[145](648.9626833333333 min).....[150](649.6787166666667 min).....[155](650.37075 min).....[160](650.9875499999999 min).....[165](651.6526166666666 min)..Exception in thread "Thread-3550" java.lang.NumberFormatException: For input string: "ame.IsAlive(Game.java:337)"
	at java.lang.NumberFormatException.forInputString(NumberFormatException.java:65)
	at java.lang.Integer.parseInt(Integer.java:481)
	at java.lang.Integer.parseInt(Integer.java:514)
	at genebot.Main$t_fitness.run(Main.java:92)
Algo está fallando :( Cromosomas:0.40789089458884664,0.032444968430787174,0.3730355287285228,0.546217848649305,0.326625437075021,0.7233863742663508,0.7168859312239302,0.3350063725820183, - Turnos:0 ¿Gana?:false
Volvemos a ejecutar
java.io.FileNotFoundException: aa.txt (No such file or directory)
	at java.io.FileInputStream.open(Native Method)
	at java.io.FileInputStream.<init>(FileInputStream.java:137)
	at java.io.FileReader.<init>(FileReader.java:72)
	at genebot.Main.fitness(Main.java:147)
	at genebot.Main.main(Main.java:636)
java.io.FileNotFoundException: aa.txt (No such file or directory)
	at java.io.FileInputStream.open(Native Method)
	at java.io.FileInputStream.<init>(FileInputStream.java:137)
	at java.io.FileReader.<init>(FileReader.java:72)
	at genebot.Main.fitness(Main.java:147)
	at genebot.Main.main(Main.java:636)
java.io.FileNotFoundException: aa.txt (No such file or directory)
	at java.io.FileInputStream.open(Native Method)
	at java.io.FileInputStream.<init>(FileInputStream.java:137)
	at java.io.FileReader.<init>(FileReader.java:72)
	at genebot.Main.fitness(Main.java:147)
	at genebot.Main.main(Main.java:636)
java.io.FileNotFoundException: aa.txt (No such file or directory)
	at java.io.FileInputStream.open(Native Method)
	at java.io.FileInputStream.<init>(FileInputStream.java:137)
	at java.io.FileReader.<init>(FileReader.java:72)
	at genebot.Main.fitness(Main.java:147)
	at genebot.Main.main(Main.java:636)
java.io.FileNotFoundException: aa.txt (No such file or directory)
	at java.io.FileInputStream.open(Native Method)
	at java.io.FileInputStream.<init>(FileInputStream.java:137)
	at java.io.FileReader.<init>(FileReader.java:72)
	at genebot.Main.fitness(Main.java:147)
	at genebot.Main.main(Main.java:636)
NUEVO RESULTADOCromosomas:0.40789089458884664,0.032444968430787174,0.3730355287285228,0.546217848649305,0.326625437075021,0.7233863742663508,0.7168859312239302,0.3350063725820183, - Turnos:0 ¿Gana?:true
...[170](652.1389 min).....[175](652.5826166666667 min).....[180](653.0808 min).....[185](653.6093999999999 min).....[190](654.1523 min).....[195](654.6335666666668 min)....
La población se encuentra en la 18 generación
Población:200
[0](655.0611833333334 min).....[5](655.4721499999999 min).....[10](656.0500833333333 min).....[15](656.6178 min).....[20](657.30215 min).....[25](657.7774166666666 min).....[30](658.3696166666667 min).....[35](658.9721166666666 min).....[40](659.5454666666667 min).....[45](660.2628 min).....[50](660.8799 min).....[55](661.4683666666666 min).....[60](662.0038833333333 min).....[65](662.5322166666666 min).....[70](663.0950333333333 min).....[75](663.6368666666666 min).....[80](664.2127333333334 min).....[85](664.7498666666667 min).....[90](665.2597000000001 min).....[95](665.7775333333334 min).....[100](666.3085833333333 min).....[105](667.0523333333333 min).....[110](667.6153833333334 min).....[115](668.40435 min).....[120](669.1033 min).....[125](669.7733499999999 min).....[130](670.6778833333334 min).....[135](671.3916666666667 min).....[140](672.0680833333333 min).....[145](672.6707166666667 min).....[150](673.4065166666667 min).....[155](674.0031833333334 min).....[160](674.5280833333333 min).....[165](675.0082 min).....[170](675.5890666666667 min).....[175](676.20635 min).....[180](676.8386666666667 min).....[185](677.4781833333333 min).....[190](677.9868333333333 min).....[195](678.6039666666667 min)....
La población se encuentra en la 19 generación
Población:200
[0](679.0291500000001 min).....[5](679.4873666666666 min).....[10](680.0786333333333 min).....[15](680.7774333333333 min).....[20](681.39985 min).....[25](682.0888666666667 min).....[30](682.66285 min).....[35](683.2634666666667 min).....[40](683.7623166666667 min).....[45](684.44305 min).....[50](684.9885333333333 min).....[55](685.4749666666667 min).....[60](686.03535 min).....[65](686.5969166666667 min).....[70](687.2747833333334 min).....[75](687.86165 min).....[80](688.4464 min).....[85](688.9516500000001 min).....[90](689.4587333333333 min).....[95](690.0758333333334 min).....[100](690.6355 min).....[105](691.19025 min).....[110](691.73055 min).....[115](692.3378333333333 min).....[120](692.9695833333334 min).....[125](693.5269333333333 min).....[130](694.0683666666666 min).....[135](694.6147500000001 min).....[140](695.3009333333333 min).....[145](696.0980833333334 min).....[150](696.7298666666667 min).....[155](697.3216333333334 min).....[160](697.7896999999999 min).....[165](698.3915166666667 min).....[170](698.9835333333334 min).....[175](699.6880833333333 min).....[180](700.2699 min).....[185](700.8586166666666 min).....[190](701.4354500000001 min).....[195](702.0855666666666 min)....
La población se encuentra en la 20 generación
Población:200
[0](702.6362166666667 min).....[5](703.0630666666667 min).....[10](703.5043833333333 min).....[15](704.0131666666667 min).....[20](704.5762333333333 min).....[25](705.2290333333333 min).....[30](705.7632833333333 min).....[35](706.3471333333333 min).....[40](706.9013166666666 min).....[45](707.56 min).....[50](708.0768 min).....[55](708.73445 min).....[60](709.3075666666666 min).....[65](710.0429666666666 min).....[70](710.7097833333333 min).....[75](711.41355 min).....[80](712.1425166666667 min).....[85](712.7712333333333 min).....[90](713.3480833333334 min).....[95](713.9408833333333 min).....[100](714.58145 min).....[105](715.2774833333333 min).....[110](716.0146 min).....[115](716.5957500000001 min).....[120](717.17865 min).....[125](717.7962833333333 min).....[130](718.3984666666668 min).....[135](718.9651333333334 min).....[140](719.4833 min).....[145](720.1386166666667 min).....[150](720.7084 min).....[155](721.2115833333334 min).....[160](721.78655 min).....[165](722.33605 min).....[170](722.8352 min).....[175](723.3788000000001 min).....[180](723.9200500000001 min).....[185](724.5830666666666 min).....[190](725.378 min).....[195](725.935 min)....
