Empezando algoritmo genético con los siguientes parámetros
==============================================================
Factor mutación: 0.1
Factor crossover: 0.8
Total generaciones: 100
Tamaño población: 50
Número individuos torneo: 2
Cantidad de individuos elitimo: 4
Utilizando 2 hebras simultaneas para evaluaciones.
Inicializando población
Evaluando población:50
[0](0.49885 min).....[5](2.1402666666666668 min).....[10](6.1727333333333325 min).....[15](7.062333333333333 min).....[20](9.656116666666666 min).....[25](11.403416666666667 min).....[30](12.83345 min).....[35](13.881733333333333 min).....[40](17.143050000000002 min).....[45](18.798650000000002 min)...
 Ajustando población
Almacenando información sobre individuos
La población se encuentra en la 1 generación
Población:50
[0](19.60758333333333 min).....[5](20.39065 min).....[10](21.822433333333333 min).....[15](22.838183333333333 min).....[20](23.871266666666667 min).....[25](24.975783333333332 min).....[30](27.777716666666667 min).....[35](29.799266666666664 min).....[40](33.6509 min).....[45](34.329883333333335 min)...
La población se encuentra en la 2 generación
Población:50
[0](34.84138333333333 min).....[5](35.33736666666667 min).....[10](36.3085 min).....[15](36.96875 min).....[20](38.10638333333333 min).....[25](38.80043333333333 min).....[30](40.710633333333334 min).....[35](42.666783333333335 min).....[40](46.6289 min).....[45](49.07781666666666 min)...
La población se encuentra en la 3 generación
Población:50
[0](50.376866666666665 min).....[5](51.23701666666667 min).....[10](52.5145 min).....[15](53.2741 min).....[20](55.239333333333335 min).....[25](56.118066666666664 min).....[30](57.19441666666667 min).....[35](58.733783333333335 min).....[40](60.34611666666667 min).....[45](61.42361666666667 min)...
La población se encuentra en la 4 generación
Población:50
[0](62.786116666666665 min).....[5](63.47756666666667 min).....[10](64.41045 min).....[15](65.00436666666667 min).....[20](66.47071666666666 min).....[25](67.18033333333334 min).....[30](68.30231666666667 min).....[35](69.09208333333332 min).....[40](70.40563333333333 min).....[45](71.20566666666667 min)...
La población se encuentra en la 5 generación
Población:50
[0](72.27025 min).....[5](72.95136666666667 min).....[10](73.82856666666666 min).....[15](74.4693 min).....[20](75.52175000000001 min).....[25](76.02716666666667 min).....[30](76.97285000000001 min).....[35](77.6462 min).....[40](79.24055 min).....[45](80.14251666666668 min)...
La población se encuentra en la 6 generación
Población:50
[0](81.55298333333333 min).....[5](82.04096666666666 min).....[10](82.94716666666666 min).....[15](83.55778333333333 min).....[20](84.47241666666667 min).....[25](85.15813333333334 min).....[30](86.36243333333333 min).....[35](87.1724 min).....[40](88.62396666666667 min).....[45](90.07888333333334 min)...
La población se encuentra en la 7 generación
Población:50
[0](90.58341666666666 min).....[5](91.1308 min).....[10](91.99973333333334 min).....[15](92.51424999999999 min).....[20](93.41451666666667 min).....[25](93.82911666666668 min).....[30](94.60791666666667 min).....[35](95.30064999999999 min).....[40](96.24579999999999 min).....[45](97.19938333333333 min)...
La población se encuentra en la 8 generación
Población:50
[0](97.85998333333333 min).....[5](98.32701666666667 min).....[10](99.13555 min).....[15](99.74886666666666 min).....[20](100.72403333333334 min).....[25](101.27323333333334 min).....[30](102.01598333333332 min).....[35](102.52074999999999 min).....[40](103.49308333333333 min).....[45](104.29783333333333 min)...
La población se encuentra en la 9 generación
Población:50
[0](104.78166666666667 min).....[5](105.21499999999999 min).....[10](105.9216 min).....[15](106.56348333333334 min).....[20](107.32463333333334 min).....[25](107.83935 min).....[30](108.58523333333332 min).....[35](109.04341666666666 min).....[40](109.78235 min).....[45](110.21021666666667 min)...
La población se encuentra en la 10 generación
Población:50
[0](110.64899999999999 min).....[5](111.07073333333332 min).....[10](111.71436666666666 min).....[15](112.17166666666667 min).....[20](112.86771666666667 min).....[25](113.48843333333333 min).....[30](114.3258 min).....[35](114.83751666666667 min).....[40](116.02001666666666 min).....[45](116.69318333333334 min)...
La población se encuentra en la 11 generación
Población:50
[0](117.16136666666667 min).....[5](117.59901666666666 min).....[10](118.24091666666666 min).....[15](118.66421666666666 min).....[20](119.38863333333333 min).....[25](119.96403333333333 min).....[30](120.72186666666667 min).....[35](121.31773333333334 min).....[40](122.14806666666667 min).....[45](122.70515 min)...
La población se encuentra en la 12 generación
Población:50
[0](123.10923333333334 min).....[5](123.52383333333334 min).....[10](124.2181 min).....[15](124.65681666666666 min).....[20](125.41065 min).....[25](125.8613 min).....[30](126.72319999999999 min).....[35](127.53673333333333 min).....[40](128.40088333333333 min).....[45](128.8998 min)...
La población se encuentra en la 13 generación
Población:50
[0](129.3235 min).....[5](129.81143333333333 min).....[10](130.52901666666668 min).....[15](131.00968333333333 min).....[20](131.88755 min).....[25](132.37216666666666 min).....[30](133.07238333333333 min).....[35](133.48453333333333 min).....[40](134.23236666666668 min).....[45](134.81768333333332 min)...
La población se encuentra en la 14 generación
Población:50
[0](135.21323333333333 min).....[5](135.65776666666667 min).....[10](136.38483333333335 min).....[15](136.83815 min).....[20](137.57274999999998 min).....[25](138.05178333333333 min).....[30](138.67916666666667 min).....[35](139.1038333333333 min).....[40](139.76391666666666 min).....[45](140.2383 min)...
La población se encuentra en la 15 generación
Población:50
[0](140.71003333333334 min).....[5](141.15956666666668 min).....[10](141.88171666666668 min).....[15](142.33658333333332 min).....[20](143.04776666666666 min).....[25](143.52034999999998 min).....[30](144.20191666666668 min).....[35](144.65118333333334 min).....[40](145.2928 min).....[45](145.66275 min)...
La población se encuentra en la 16 generación
Población:50
[0](146.0564666666667 min).....[5](146.47875000000002 min).....[10](147.12215 min).....[15](147.5755166666667 min).....[20](148.26274999999998 min).....[25](148.72598333333332 min).....[30](149.3625 min).....[35](149.85538333333335 min).....[40](150.51628333333335 min).....[45](150.97485 min)...
La población se encuentra en la 17 generación
Población:50
[0](151.36715 min).....[5](151.75756666666666 min).....[10](152.38256666666666 min).....[15](152.86368333333334 min).....[20](153.53973333333334 min).....[25](153.90008333333333 min).....[30](154.54579999999999 min).....[35](154.98153333333332 min).....[40](155.66785 min).....[45](156.06296666666668 min)...
La población se encuentra en la 18 generación
Población:50
[0](156.49134999999998 min).....[5](156.8749 min).....[10](157.52565 min).....[15](157.94263333333336 min).....[20](158.59435 min).....[25](158.99626666666666 min).....[30](159.667 min).....[35](160.1557 min).....[40](160.80931666666666 min).....[45](161.21556666666666 min)...
La población se encuentra en la 19 generación
Población:50
[0](161.568 min).....[5](162.02405 min).....[10](162.65981666666667 min).....[15](163.09541666666667 min).....[20](163.76611666666668 min).....[25](164.2419 min).....[30](164.97126666666665 min).....[35](165.41163333333333 min).....[40](166.06778333333332 min).....[45](166.43311666666665 min)...
La población se encuentra en la 20 generación
Población:50
[0](166.8272 min).....[5](167.22643333333332 min).....[10](167.77751666666666 min).....[15](168.18555 min).....[20](168.85083333333333 min).....[25](169.27716666666666 min).....[30](169.99023333333335 min).....[35](170.40753333333333 min).....[40](171.01888333333332 min).....[45](171.46873333333332 min)...
La población se encuentra en la 21 generación
Población:50
[0](171.86668333333333 min).....[5](172.24013333333332 min).....[10](172.83723333333333 min).....[15](173.23308333333335 min).....[20](173.79958333333335 min).....[25](174.2127 min).....[30](174.8381666666667 min).....[35](175.27903333333333 min).....[40](175.92855 min).....[45](176.3425 min)...
La población se encuentra en la 22 generación
Población:50
[0](176.74276666666668 min).....[5](177.16469999999998 min).....[10](177.79725 min).....[15](178.20261666666664 min).....[20](178.79613333333333 min).....[25](179.3042166666667 min).....[30](179.96120000000002 min).....[35](180.39108333333334 min).....[40](181.07021666666665 min).....[45](181.51633333333334 min)...
La población se encuentra en la 23 generación
Población:50
[0](181.87955 min).....[5](182.29416666666665 min).....[10](182.85333333333335 min).....[15](183.28605000000002 min).....[20](183.88458333333335 min).....[25](184.38008333333335 min).....[30](185.0032 min).....[35](185.38761666666667 min).....[40](185.99833333333333 min).....[45](186.41181666666668 min)...
La población se encuentra en la 24 generación
Población:50
[0](186.7999 min).....[5](187.18913333333333 min).....[10](187.80155000000002 min).....[15](188.18796666666668 min).....[20](188.7212 min).....[25](189.0812 min).....[30](189.65223333333333 min).....[35](190.07323333333335 min).....[40](190.67306666666667 min).....[45](191.01366666666667 min)...
La población se encuentra en la 25 generación
Población:50
[0](191.38565 min).....[5](191.74993333333333 min).....[10](192.26513333333332 min).....[15](192.60240000000002 min).....[20](193.19926666666666 min).....[25](193.54841666666667 min).....[30](194.12375 min).....[35](194.50941666666668 min).....[40](195.06173333333334 min).....[45](195.39835 min)...
La población se encuentra en la 26 generación
Población:50
[0](195.75283333333334 min).....[5](196.09731666666667 min).....[10](196.58935000000002 min).....[15](196.93103333333332 min).....[20](197.43673333333334 min).....[25](197.82250000000002 min).....[30](198.40626666666668 min).....[35](198.78093333333334 min).....[40](199.35968333333332 min).....[45](199.6939833333333 min)...
La población se encuentra en la 27 generación
Población:50
[0](200.04813333333334 min).....[5](200.41085 min).....[10](200.94771666666665 min).....[15](201.32118333333335 min).....[20](201.86853333333332 min).....[25](202.22948333333335 min).....[30](202.76274999999998 min).....[35](203.1427833333333 min).....[40](203.69388333333333 min).....[45](204.0614 min)...
La población se encuentra en la 28 generación
Población:50
[0](204.42496666666665 min).....[5](204.744 min).....[10](205.27838333333332 min).....[15](205.64826666666667 min).....[20](206.17773333333335 min).....[25](206.5236 min).....[30](207.15433333333334 min).....[35](207.50615000000002 min).....[40](208.04106666666667 min).....[45](208.41033333333334 min)...
La población se encuentra en la 29 generación
Población:50
[0](208.75923333333333 min).....[5](209.14918333333333 min).....[10](209.68105 min).....[15](210.02101666666667 min).....[20](210.58644999999999 min).....[25](210.98488333333336 min).....[30](211.5012 min).....[35](211.92983333333333 min).....[40](212.50151666666667 min).....[45](212.85208333333333 min)...
La población se encuentra en la 30 generación
Población:50
[0](213.2261333333333 min).....[5](213.57695 min).....[10](214.11813333333333 min).....[15](214.4651333333333 min).....[20](214.98921666666666 min).....[25](215.35978333333333 min).....[30](215.86955 min).....[35](216.2291 min).....[40](216.77336666666667 min).....[45](217.13135 min)...
La población se encuentra en la 31 generación
Población:50
[0](217.50625 min).....[5](217.86956666666669 min).....[10](218.39678333333333 min).....[15](218.75039999999998 min).....[20](219.25728333333333 min).....[25](219.5989 min).....[30](220.11481666666666 min).....[35](220.46201666666667 min).....[40](220.99676666666667 min).....[45](221.37475 min)...
La población se encuentra en la 32 generación
Población:50
[0](221.72085 min).....[5](222.09808333333334 min).....[10](222.61886666666666 min).....[15](222.97081666666665 min).....[20](223.5387 min).....[25](223.87916666666666 min).....[30](224.41986666666665 min).....[35](224.80581666666666 min).....[40](225.33871666666667 min).....[45](225.6618333333333 min)...
La población se encuentra en la 33 generación
Población:50
[0](226.0263 min).....[5](226.37383333333335 min).....[10](226.88368333333335 min).....[15](227.22911666666667 min).....[20](227.81206666666668 min).....[25](228.14651666666666 min).....[30](228.65426666666664 min).....[35](229.00991666666667 min).....[40](229.54536666666667 min).....[45](229.90335 min)...
La población se encuentra en la 34 generación
Población:50
[0](230.24691666666666 min).....[5](230.60041666666666 min).....[10](231.11651666666666 min).....[15](231.45865 min).....[20](231.98675 min).....[25](232.3167 min).....[30](232.85146666666665 min).....[35](233.2064 min).....[40](233.73473333333334 min).....[45](234.1115333333333 min)...
La población se encuentra en la 35 generación
Población:50
[0](234.49125 min).....[5](234.8435166666667 min).....[10](235.3563166666667 min).....[15](235.70766666666665 min).....[20](236.23521666666664 min).....[25](236.57636666666667 min).....[30](237.12993333333333 min).....[35](237.49975 min).....[40](238.03586666666666 min).....[45](238.45773333333332 min)...
La población se encuentra en la 36 generación
Población:50
[0](238.78095 min).....[5](239.13434999999998 min).....[10](239.64759999999998 min).....[15](240.01638333333332 min).....[20](240.56488333333334 min).....[25](240.90373333333335 min).....[30](241.47541666666666 min).....[35](241.82058333333333 min).....[40](242.35015 min).....[45](242.70061666666666 min)...
La población se encuentra en la 37 generación
Población:50
[0](243.07445 min).....[5](243.4485 min).....[10](243.98531666666668 min).....[15](244.36463333333333 min).....[20](244.87403333333333 min).....[25](245.25255 min).....[30](245.78138333333334 min).....[35](246.16688333333335 min).....[40](246.70416666666668 min).....[45](247.07319999999999 min)...
La población se encuentra en la 38 generación
Población:50
[0](247.41455 min).....[5](247.75293333333332 min).....[10](248.29078333333334 min).....[15](248.65261666666666 min).....[20](249.19063333333332 min).....[25](249.5569166666667 min).....[30](250.09031666666667 min).....[35](250.43265000000002 min).....[40](250.98648333333333 min).....[45](251.33486666666667 min)...
La población se encuentra en la 39 generación
Población:50
[0](251.71355 min).....[5](252.0622 min).....[10](252.60751666666664 min).....[15](252.95643333333334 min).....[20](253.47488333333334 min).....[25](253.86305 min).....[30](254.4317 min).....[35](254.80871666666664 min).....[40](255.33855 min).....[45](255.74053333333333 min)...
La población se encuentra en la 40 generación
Población:50
[0](256.10245000000003 min).....[5](256.4517833333333 min).....[10](256.96588333333335 min).....[15](257.30861666666664 min).....[20](257.8474166666667 min).....[25](258.21638333333334 min).....[30](258.74353333333335 min).....[35](259.0803833333333 min).....[40](259.61781666666667 min).....[45](259.98560000000003 min)...
La población se encuentra en la 41 generación
Población:50
[0](260.36261666666667 min).....[5](260.72903333333335 min).....[10](261.27511666666663 min).....[15](261.64186666666666 min).....[20](262.16966666666667 min).....[25](262.54195 min).....[30](263.1369833333333 min).....[35](263.5197166666667 min).....[40](264.0607 min).....[45](264.4380333333333 min)...
La población se encuentra en la 42 generación
Población:50
[0](264.81285 min).....[5](265.16635 min).....[10](265.7040666666667 min).....[15](266.10251666666665 min).....[20](266.65631666666667 min).....[25](267.00155 min).....[30](267.5701 min).....[35](267.90018333333336 min).....[40](268.46085 min).....[45](268.81236666666666 min)...
La población se encuentra en la 43 generación
Población:50
[0](269.1424333333333 min).....[5](269.4842 min).....[10](269.98856666666666 min).....[15](270.3631666666667 min).....[20](270.93935 min).....[25](271.3059 min).....[30](271.84136666666666 min).....[35](272.20054999999996 min).....[40](272.80005 min).....[45](273.18716666666666 min)...
La población se encuentra en la 44 generación
Población:50
[0](273.5333 min).....[5](273.93218333333334 min).....[10](274.4417 min).....[15](274.7964666666667 min).....[20](275.32295 min).....[25](275.7268 min).....[30](276.26216666666664 min).....[35](276.62125000000003 min).....[40](277.1530666666667 min).....[45](277.5104666666667 min)...
La población se encuentra en la 45 generación
Población:50
[0](277.8850166666667 min).....[5](278.2597333333333 min).....[10](278.8072666666667 min).....[15](279.18626666666665 min).....[20](279.7244666666667 min).....[25](280.0622666666667 min).....[30](280.63865 min).....[35](280.98335000000003 min).....[40](281.5401166666667 min).....[45](281.8997 min)...
La población se encuentra en la 46 generación
Población:50
[0](282.2330666666667 min).....[5](282.61325 min).....[10](283.16891666666663 min).....[15](283.53085 min).....[20](284.0552 min).....[25](284.3923833333334 min).....[30](284.90616666666665 min).....[35](285.3188 min).....[40](285.86808333333335 min).....[45](286.2299333333333 min)...
La población se encuentra en la 47 generación
Población:50
[0](286.5873166666667 min).....[5](286.9394166666667 min).....[10](287.4627 min).....[15](287.8207333333333 min).....[20](288.37925 min).....[25](288.7488666666667 min).....[30](289.3086 min).....[35](289.6501333333334 min).....[40](290.1739 min).....[45](290.5354 min)...
La población se encuentra en la 48 generación
Población:50
[0](290.91594999999995 min).....[5](291.25393333333335 min).....[10](291.82481666666666 min).....[15](292.22948333333335 min).....[20](292.7661 min).....[25](293.11896666666667 min).....[30](293.671 min).....[35](294.0337 min).....[40](294.5557 min).....[45](294.9021333333333 min)...
La población se encuentra en la 49 generación
Población:50
[0](295.2329 min).....[5](295.58566666666667 min).....[10](296.1251166666667 min).....[15](296.47275 min).....[20](296.98216666666667 min).....[25](297.3371333333333 min).....[30](297.8958 min).....[35](298.27099999999996 min).....[40](298.79928333333334 min).....[45](299.1396833333334 min)...
La población se encuentra en la 50 generación
Población:50
[0](299.4714666666667 min).....[5](299.86061666666666 min).....[10](300.38338333333337 min).....[15](300.78606666666667 min).....[20](301.34615 min).....[25](301.69300000000004 min).....[30](302.22375 min).....[35](302.56585 min).....[40](303.12471666666664 min).....[45](303.4897333333333 min)...
La población se encuentra en la 51 generación
Población:50
[0](303.8356 min).....[5](304.2202 min).....[10](304.79006666666663 min).....[15](305.1491 min).....[20](305.6974 min).....[25](306.0734 min).....[30](306.62483333333336 min).....[35](306.9934666666667 min).....[40](307.53315000000003 min).....[45](307.9105666666666 min)...
La población se encuentra en la 52 generación
Población:50
[0](308.2785666666667 min).....[5](308.67155 min).....[10](309.2191833333334 min).....[15](309.55691666666667 min).....[20](310.14034999999996 min).....[25](310.5336 min).....[30](311.10595 min).....[35](311.44165 min).....[40](312.00935000000004 min).....[45](312.38013333333333 min)...
La población se encuentra en la 53 generación
Población:50
[0](312.73748333333333 min).....[5](313.1297333333333 min).....[10](313.6559833333333 min).....[15](314.0142666666667 min).....[20](314.5647833333333 min).....[25](314.9433 min).....[30](315.49334999999996 min).....[35](315.85111666666666 min).....[40](316.40220000000005 min).....[45](316.76733333333334 min)...
La población se encuentra en la 54 generación
Población:50
[0](317.11795 min).....[5](317.4812333333333 min).....[10](318.0027666666667 min).....[15](318.35859999999997 min).....[20](318.8895166666667 min).....[25](319.29111666666665 min).....[30](319.84431666666666 min).....[35](320.20913333333334 min).....[40](320.72525 min).....[45](321.06263333333334 min)...
La población se encuentra en la 55 generación
Población:50
[0](321.4413666666667 min).....[5](321.80174999999997 min).....[10](322.30833333333334 min).....[15](322.64009999999996 min).....[20](323.1917833333334 min).....[25](323.5394833333333 min).....[30](324.0668 min).....[35](324.4438 min).....[40](324.98026666666664 min).....[45](325.3447666666667 min)...
La población se encuentra en la 56 generación
Población:50
[0](325.70835 min).....[5](326.0539 min).....[10](326.5682166666667 min).....[15](326.94666666666666 min).....[20](327.4432666666667 min).....[25](327.8310666666667 min).....[30](328.37510000000003 min).....[35](328.7301 min).....[40](329.2642333333333 min).....[45](329.60656666666665 min)...
La población se encuentra en la 57 generación
Población:50
[0](329.97249999999997 min).....[5](330.3367666666666 min).....[10](330.87135 min).....[15](331.2465833333333 min).....[20](331.7792666666667 min).....[25](332.14825 min).....[30](332.69131666666664 min).....[35](333.0285333333333 min).....[40](333.57155 min).....[45](333.9041833333333 min)...
La población se encuentra en la 58 generación
Población:50
[0](334.26371666666665 min).....[5](334.63623333333334 min).....[10](335.1936833333333 min).....[15](335.55431666666664 min).....[20](336.12008333333335 min).....[25](336.4964166666667 min).....[30](337.02145 min).....[35](337.37135 min).....[40](337.90886666666665 min).....[45](338.2373166666667 min)...
La población se encuentra en la 59 generación
Población:50
[0](338.6075166666667 min).....[5](338.94551666666666 min).....[10](339.4698333333333 min).....[15](339.8346833333333 min).....[20](340.37333333333333 min).....[25](340.71945 min).....[30](341.27000000000004 min).....[35](341.63866666666667 min).....[40](342.1691166666667 min).....[45](342.5280166666667 min)...
La población se encuentra en la 60 generación
Población:50
[0](342.8888666666666 min).....[5](343.2930666666667 min).....[10](343.8054333333333 min).....[15](344.16575 min).....[20](344.7010833333333 min).....[25](345.0435 min).....[30](345.63525000000004 min).....[35](346.00955 min).....[40](346.5299166666666 min).....[45](346.89034999999996 min)...
La población se encuentra en la 61 generación
Población:50
[0](347.2244 min).....[5](347.57978333333335 min).....[10](348.0745166666667 min).....[15](348.4529333333333 min).....[20](348.95321666666666 min).....[25](349.28746666666666 min).....[30](349.82373333333334 min).....[35](350.20341666666667 min).....[40](350.73859999999996 min).....[45](351.09933333333333 min)...
La población se encuentra en la 62 generación
Población:50
[0](351.4622166666667 min).....[5](351.80035000000004 min).....[10](352.31936666666667 min).....[15](352.67955 min).....[20](353.22166666666664 min).....[25](353.57399999999996 min).....[30](354.11633333333333 min).....[35](354.4643666666667 min).....[40](355.00669999999997 min).....[45](355.3594 min)...
La población se encuentra en la 63 generación
Población:50
[0](355.72926666666666 min).....[5](356.06576666666666 min).....[10](356.58251666666666 min).....[15](356.9587333333333 min).....[20](357.52136666666667 min).....[25](357.90056666666663 min).....[30](358.4413666666667 min).....[35](358.83091666666667 min).....[40](359.35813333333334 min).....[45](359.72195 min)...
La población se encuentra en la 64 generación
Población:50
[0](360.07039999999995 min).....[5](360.4398 min).....[10](360.987 min).....[15](361.33326666666665 min).....[20](361.88188333333335 min).....[25](362.22228333333334 min).....[30](362.73435 min).....[35](363.06831666666665 min).....[40](363.5863 min).....[45](363.93155 min)...
La población se encuentra en la 65 generación
Población:50
[0](364.27306666666664 min).....[5](364.61358333333334 min).....[10](365.1196166666667 min).....[15](365.4540333333333 min).....[20](365.99511666666666 min).....[25](366.35433333333333 min).....[30](366.87994999999995 min).....[35](367.2447 min).....[40](367.79131666666666 min).....[45](368.1345 min)...
La población se encuentra en la 66 generación
Población:50
[0](368.49258333333336 min).....[5](368.85488333333336 min).....[10](369.37393333333335 min).....[15](369.7230166666667 min).....[20](370.22161666666665 min).....[25](370.5946 min).....[30](371.11768333333333 min).....[35](371.43835 min).....[40](371.9618 min).....[45](372.30236666666667 min)...
La población se encuentra en la 67 generación
Población:50
[0](372.6297333333333 min).....[5](372.988 min).....[10](373.5065333333333 min).....[15](373.85499999999996 min).....[20](374.37595 min).....[25](374.72911666666664 min).....[30](375.24455 min).....[35](375.60495 min).....[40](376.12058333333334 min).....[45](376.5028166666667 min)...
La población se encuentra en la 68 generación
Población:50
[0](376.82621666666665 min).....[5](377.1781833333333 min).....[10](377.69408333333337 min).....[15](378.02363333333335 min).....[20](378.55015 min).....[25](378.9430333333333 min).....[30](379.4417666666667 min).....[35](379.79724999999996 min).....[40](380.3079833333333 min).....[45](380.65070000000003 min)...
La población se encuentra en la 69 generación
Población:50
[0](381.0034 min).....[5](381.35551666666663 min).....[10](381.85303333333337 min).....[15](382.1870666666666 min).....[20](382.71816666666666 min).....[25](383.08275 min).....[30](383.60125 min).....[35](383.9304166666667 min).....[40](384.45698333333337 min).....[45](384.78294999999997 min)...
La población se encuentra en la 70 generación
Población:50
[0](385.11446666666666 min).....[5](385.46895 min).....[10](385.96246666666667 min).....[15](386.29276666666664 min).....[20](386.80016666666666 min).....[25](387.15513333333337 min).....[30](387.68435000000005 min).....[35](388.0403833333333 min).....[40](388.55563333333333 min).....[45](388.88533333333334 min)...
La población se encuentra en la 71 generación
Población:50
[0](389.2141166666667 min).....[5](389.5572666666667 min).....[10](390.0885833333333 min).....[15](390.4218833333333 min).....[20](390.92605 min).....[25](391.2717333333333 min).....[30](391.79225 min).....[35](392.1328666666667 min).....[40](392.6539666666667 min).....[45](393.0039 min)...
La población se encuentra en la 72 generación
Población:50
[0](393.3351 min).....[5](393.6704 min).....[10](394.2075666666667 min).....[15](394.553 min).....[20](395.04833333333335 min).....[25](395.38054999999997 min).....[30](395.89475000000004 min).....[35](396.23746666666665 min).....[40](396.76165000000003 min).....[45](397.09498333333335 min)...
La población se encuentra en la 73 generación
Población:50
[0](397.44345 min).....[5](397.78595 min).....[10](398.28706666666665 min).....[15](398.65035 min).....[20](399.14913333333334 min).....[25](399.49106666666665 min).....[30](400.0047 min).....[35](400.3287 min).....[40](400.8378666666667 min).....[45](401.20155 min)...
La población se encuentra en la 74 generación
Población:50
[0](401.5487 min).....[5](401.88425 min).....[10](402.38845000000003 min).....[15](402.7330166666667 min).....[20](403.23181666666665 min).....[25](403.5866 min).....[30](404.0987333333333 min).....[35](404.4360666666667 min).....[40](404.93048333333337 min).....[45](405.25211666666667 min)...
La población se encuentra en la 75 generación
Población:50
[0](405.5957833333333 min).....[5](405.933 min).....[10](406.44621666666666 min).....[15](406.7831666666667 min).....[20](407.2775333333333 min).....[25](407.6102333333334 min).....[30](408.1171333333333 min).....[35](408.44646666666665 min).....[40](408.95436666666666 min).....[45](409.30508333333336 min)...
La población se encuentra en la 76 generación
Población:50
[0](409.65725000000003 min).....[5](410.00554999999997 min).....[10](410.49581666666666 min).....[15](410.8308333333333 min).....[20](411.3775 min).....[25](411.7162833333333 min).....[30](412.2383 min).....[35](412.56615 min).....[40](413.08070000000004 min).....[45](413.41451666666666 min)...
La población se encuentra en la 77 generación
Población:50
[0](413.74325000000005 min).....[5](414.10833333333335 min).....[10](414.6208666666667 min).....[15](414.95461666666665 min).....[20](415.4646666666667 min).....[25](415.79788333333335 min).....[30](416.3222833333333 min).....[35](416.65386666666666 min).....[40](417.1509666666667 min).....[45](417.49064999999996 min)...
La población se encuentra en la 78 generación
Población:50
[0](417.8247 min).....[5](418.1607 min).....[10](418.67316666666665 min).....[15](419.00835 min).....[20](419.5011 min).....[25](419.8459833333333 min).....[30](420.3473333333333 min).....[35](420.68643333333335 min).....[40](421.1909333333333 min).....[45](421.5307666666667 min)...
La población se encuentra en la 79 generación
Población:50
[0](421.86528333333337 min).....[5](422.21363333333335 min).....[10](422.70008333333334 min).....[15](423.02243333333337 min).....[20](423.5382833333333 min).....[25](423.8797666666667 min).....[30](424.39689999999996 min).....[35](424.74623333333335 min).....[40](425.25035 min).....[45](425.60076666666663 min)...
La población se encuentra en la 80 generación
Población:50
[0](425.92538333333334 min).....[5](426.2952666666667 min).....[10](426.8150166666667 min).....[15](427.16655 min).....[20](427.6816 min).....[25](428.00935000000004 min).....[30](428.51936666666666 min).....[35](428.86643333333336 min).....[40](429.36873333333335 min).....[45](429.6953833333334 min)...
La población se encuentra en la 81 generación
Población:50
[0](430.0382333333334 min).....[5](430.37468333333334 min).....[10](430.89088333333336 min).....[15](431.24129999999997 min).....[20](431.75255 min).....[25](432.08271666666667 min).....[30](432.57623333333333 min).....[35](432.93146666666667 min).....[40](433.43651666666665 min).....[45](433.7733166666667 min)...
La población se encuentra en la 82 generación
Población:50
[0](434.12213333333335 min).....[5](434.4422333333333 min).....[10](434.9515 min).....[15](435.2796333333333 min).....[20](435.7794 min).....[25](436.11474999999996 min).....[30](436.6091666666667 min).....[35](436.9391833333333 min).....[40](437.43345000000005 min).....[45](437.7807833333334 min)...
La población se encuentra en la 83 generación
Población:50
[0](438.1292 min).....[5](438.4765 min).....[10](438.9683833333333 min).....[15](439.3025166666667 min).....[20](439.79904999999997 min).....[25](440.1365833333333 min).....[30](440.64745000000005 min).....[35](441.00303333333335 min).....[40](441.52675 min).....[45](441.85408333333334 min)...
La población se encuentra en la 84 generación
Población:50
[0](442.20713333333333 min).....[5](442.55185 min).....[10](443.0463833333333 min).....[15](443.37544999999994 min).....[20](443.87448333333333 min).....[25](444.20456666666666 min).....[30](444.71138333333334 min).....[35](445.06278333333336 min).....[40](445.5627333333333 min).....[45](445.9029 min)...
La población se encuentra en la 85 generación
Población:50
[0](446.24150000000003 min).....[5](446.58075 min).....[10](447.08259999999996 min).....[15](447.41035 min).....[20](447.9075166666667 min).....[25](448.2403333333333 min).....[30](448.74913333333336 min).....[35](449.07416666666666 min).....[40](449.57593333333335 min).....[45](449.91456666666664 min)...
La población se encuentra en la 86 generación
Población:50
[0](450.25533333333334 min).....[5](450.58596666666665 min).....[10](451.08299999999997 min).....[15](451.41263333333336 min).....[20](451.90981666666664 min).....[25](452.23758333333336 min).....[30](452.73766666666666 min).....[35](453.08093333333335 min).....[40](453.5768166666667 min).....[45](453.91179999999997 min)...
La población se encuentra en la 87 generación
Población:50
[0](454.2352333333334 min).....[5](454.6066166666667 min).....[10](455.14595 min).....[15](455.4818833333333 min).....[20](456.0078666666667 min).....[25](456.34448333333336 min).....[30](456.85523333333333 min).....[35](457.1753 min).....[40](457.69918333333334 min).....[45](458.06415 min)...
La población se encuentra en la 88 generación
Población:50
[0](458.4077 min).....[5](458.74475 min).....[10](459.25173333333333 min).....[15](459.5779 min).....[20](460.0853333333333 min).....[25](460.4277666666667 min).....[30](460.93061666666665 min).....[35](461.25134999999995 min).....[40](461.77916666666664 min).....[45](462.14321666666666 min)...
La población se encuentra en la 89 generación
Población:50
[0](462.47616666666664 min).....[5](462.79996666666665 min).....[10](463.2972 min).....[15](463.62741666666665 min).....[20](464.12495 min).....[25](464.46871666666664 min).....[30](464.97263333333336 min).....[35](465.2953166666667 min).....[40](465.8087666666667 min).....[45](466.1587 min)...
La población se encuentra en la 90 generación
Población:50
[0](466.4933833333333 min).....[5](466.8290166666667 min).....[10](467.33536666666663 min).....[15](467.68148333333335 min).....[20](468.1641166666667 min).....[25](468.50211666666667 min).....[30](468.99511666666666 min).....[35](469.34389999999996 min).....[40](469.84705 min).....[45](470.17195 min)...
La población se encuentra en la 91 generación
Población:50
[0](470.51051666666666 min).....[5](470.83414999999997 min).....[10](471.35136666666665 min).....[15](471.68455 min).....[20](472.1736 min).....[25](472.51590000000004 min).....[30](473.0056666666667 min).....[35](473.33993333333336 min).....[40](473.8233333333334 min).....[45](474.15233333333333 min)...
La población se encuentra en la 92 generación
Población:50
[0](474.4922833333333 min).....[5](474.82374999999996 min).....[10](475.3331 min).....[15](475.67303333333336 min).....[20](476.16875 min).....[25](476.5086333333333 min).....[30](477.00205 min).....[35](477.3478833333333 min).....[40](477.84285 min).....[45](478.19045 min)...
La población se encuentra en la 93 generación
Población:50
[0](478.5251 min).....[5](478.8591833333333 min).....[10](479.33993333333336 min).....[15](479.67245 min).....[20](480.17153333333334 min).....[25](480.5197 min).....[30](481.0339666666667 min).....[35](481.37129999999996 min).....[40](481.8917666666667 min).....[45](482.21006666666665 min)...
La población se encuentra en la 94 generación
Población:50
[0](482.5325666666667 min).....[5](482.8602833333333 min).....[10](483.34885 min).....[15](483.68278333333336 min).....[20](484.17678333333333 min).....[25](484.50711666666666 min).....[30](485.01845 min).....[35](485.3465 min).....[40](485.8541833333333 min).....[45](486.18165000000005 min)...
La población se encuentra en la 95 generación
Población:50
[0](486.52003333333334 min).....[5](486.8537666666667 min).....[10](487.3432166666667 min).....[15](487.6808333333333 min).....[20](488.1772333333333 min).....[25](488.51553333333334 min).....[30](489.0192666666666 min).....[35](489.3687 min).....[40](489.85658333333333 min).....[45](490.18058333333335 min)...
La población se encuentra en la 96 generación
Población:50
[0](490.5031333333333 min).....[5](490.83349999999996 min).....[10](491.3335333333333 min).....[15](491.67415 min).....[20](492.16198333333335 min).....[25](492.51393333333334 min).....[30](493.0182833333334 min).....[35](493.37108333333333 min).....[40](493.87493333333333 min).....[45](494.22249999999997 min)...
La población se encuentra en la 97 generación
Población:50
[0](494.5570833333333 min).....[5](494.89461666666665 min).....[10](495.41433333333333 min).....[15](495.74805000000003 min).....[20](496.24556666666666 min).....[25](496.5772833333333 min).....[30](497.0905 min).....[35](497.4230166666667 min).....[40](497.9178 min).....[45](498.25455 min)...
La población se encuentra en la 98 generación
Población:50
[0](498.59971666666667 min).....[5](498.92085000000003 min).....[10](499.4119666666667 min).....[15](499.75581666666665 min).....[20](500.28225000000003 min).....[25](500.6125333333333 min).....[30](501.1079833333333 min).....[35](501.4531333333333 min).....[40](501.96858333333336 min).....[45](502.3009 min)...
La población se encuentra en la 99 generación
Población:50
[0](502.6345666666667 min).....[5](502.96223333333336 min).....[10](503.46661666666665 min).....[15](503.8012 min).....[20](504.29766666666666 min).....[25](504.64026666666666 min).....[30](505.17016666666666 min).....[35](505.5019833333333 min).....[40](506.0117333333334 min).....[45](506.35246666666666 min)...
La población se encuentra en la 100 generación
Población:50
[0](506.6772333333333 min).....[5](507.01770000000005 min).....[10](507.53453333333334 min).....[15](507.87143333333336 min).....[20](508.37305000000003 min).....[25](508.7174333333333 min).....[30](509.23078333333336 min).....[35](509.56606666666664 min).....[40](510.0735 min).....[45](510.4151 min)...
